CRITICAL - 2022-07-22 07:14:09 --> Trying to access array offset on value of type null
#0 C:\Users\vinic\Documents\SN\portal_alunos\app\Controllers\Ajax\Relatorios.php(26): CodeIgniter\Debug\Exceptions->errorHandler(8, 'Trying to acces...', 'C:\\Users\\vinic\\...', 26, Array)
#1 C:\Users\vinic\Documents\SN\portal_alunos\system\CodeIgniter.php(832): App\Controllers\Ajax\Relatorios->testeAjax('null')
#2 C:\Users\vinic\Documents\SN\portal_alunos\system\CodeIgniter.php(419): CodeIgniter\CodeIgniter->runController(Object(App\Controllers\Ajax\Relatorios))
#3 C:\Users\vinic\Documents\SN\portal_alunos\system\CodeIgniter.php(326): CodeIgniter\CodeIgniter->handleRequest(NULL, Object(Config\Cache), false)
#4 C:\Users\vinic\Documents\SN\portal_alunos\public\index.php(37): CodeIgniter\CodeIgniter->run()
#5 C:\Users\vinic\Documents\SN\portal_alunos\system\Commands\Server\rewrite.php(43): require_once('C:\\Users\\vinic\\...')
#6 {main}
CRITICAL - 2022-07-22 07:38:31 --> Invalid file: relatorios/tabela/disciplina.php
#0 C:\Users\vinic\Documents\SN\portal_alunos\system\View\View.php(198): CodeIgniter\Exceptions\FrameworkException::forInvalidFile('relatorios/tabe...')
#1 C:\Users\vinic\Documents\SN\portal_alunos\system\Common.php(1089): CodeIgniter\View\View->render('relatorios/tabe...', Array, true)
#2 C:\Users\vinic\Documents\SN\portal_alunos\app\Controllers\Ajax\Relatorios.php(30): view('relatorios/tabe...', Array)
#3 C:\Users\vinic\Documents\SN\portal_alunos\system\CodeIgniter.php(832): App\Controllers\Ajax\Relatorios->testeAjax('6')
#4 C:\Users\vinic\Documents\SN\portal_alunos\system\CodeIgniter.php(419): CodeIgniter\CodeIgniter->runController(Object(App\Controllers\Ajax\Relatorios))
#5 C:\Users\vinic\Documents\SN\portal_alunos\system\CodeIgniter.php(326): CodeIgniter\CodeIgniter->handleRequest(NULL, Object(Config\Cache), false)
#6 C:\Users\vinic\Documents\SN\portal_alunos\public\index.php(37): CodeIgniter\CodeIgniter->run()
#7 C:\Users\vinic\Documents\SN\portal_alunos\system\Commands\Server\rewrite.php(43): require_once('C:\\Users\\vinic\\...')
#8 {main}
CRITICAL - 2022-07-22 07:39:34 --> Invalid file: relatorios/tabela/disciplina.php
#0 C:\Users\vinic\Documents\SN\portal_alunos\system\View\View.php(198): CodeIgniter\Exceptions\FrameworkException::forInvalidFile('relatorios/tabe...')
#1 C:\Users\vinic\Documents\SN\portal_alunos\system\Common.php(1089): CodeIgniter\View\View->render('relatorios/tabe...', Array, true)
#2 C:\Users\vinic\Documents\SN\portal_alunos\app\Controllers\Ajax\Relatorios.php(30): view('relatorios/tabe...', Array)
#3 C:\Users\vinic\Documents\SN\portal_alunos\system\CodeIgniter.php(832): App\Controllers\Ajax\Relatorios->testeAjax('6')
#4 C:\Users\vinic\Documents\SN\portal_alunos\system\CodeIgniter.php(419): CodeIgniter\CodeIgniter->runController(Object(App\Controllers\Ajax\Relatorios))
#5 C:\Users\vinic\Documents\SN\portal_alunos\system\CodeIgniter.php(326): CodeIgniter\CodeIgniter->handleRequest(NULL, Object(Config\Cache), false)
#6 C:\Users\vinic\Documents\SN\portal_alunos\public\index.php(37): CodeIgniter\CodeIgniter->run()
#7 C:\Users\vinic\Documents\SN\portal_alunos\system\Commands\Server\rewrite.php(43): require_once('C:\\Users\\vinic\\...')
#8 {main}
CRITICAL - 2022-07-22 07:39:55 --> Invalid file: relatorios/tabela/disciplina.php
#0 C:\Users\vinic\Documents\SN\portal_alunos\system\View\View.php(198): CodeIgniter\Exceptions\FrameworkException::forInvalidFile('relatorios/tabe...')
#1 C:\Users\vinic\Documents\SN\portal_alunos\system\Common.php(1089): CodeIgniter\View\View->render('relatorios/tabe...', Array, true)
#2 C:\Users\vinic\Documents\SN\portal_alunos\app\Controllers\Ajax\Relatorios.php(30): view('relatorios/tabe...', Array)
#3 C:\Users\vinic\Documents\SN\portal_alunos\system\CodeIgniter.php(832): App\Controllers\Ajax\Relatorios->testeAjax('181')
#4 C:\Users\vinic\Documents\SN\portal_alunos\system\CodeIgniter.php(419): CodeIgniter\CodeIgniter->runController(Object(App\Controllers\Ajax\Relatorios))
#5 C:\Users\vinic\Documents\SN\portal_alunos\system\CodeIgniter.php(326): CodeIgniter\CodeIgniter->handleRequest(NULL, Object(Config\Cache), false)
#6 C:\Users\vinic\Documents\SN\portal_alunos\public\index.php(37): CodeIgniter\CodeIgniter->run()
#7 C:\Users\vinic\Documents\SN\portal_alunos\system\Commands\Server\rewrite.php(43): require_once('C:\\Users\\vinic\\...')
#8 {main}
CRITICAL - 2022-07-22 07:42:05 --> Invalid file: relatorios/tabela/disciplina.php
#0 C:\Users\vinic\Documents\SN\portal_alunos\system\View\View.php(198): CodeIgniter\Exceptions\FrameworkException::forInvalidFile('relatorios/tabe...')
#1 C:\Users\vinic\Documents\SN\portal_alunos\system\Common.php(1089): CodeIgniter\View\View->render('relatorios/tabe...', Array, true)
#2 C:\Users\vinic\Documents\SN\portal_alunos\app\Controllers\Ajax\Relatorios.php(30): view('relatorios/tabe...', Array)
#3 C:\Users\vinic\Documents\SN\portal_alunos\system\CodeIgniter.php(832): App\Controllers\Ajax\Relatorios->testeAjax('59')
#4 C:\Users\vinic\Documents\SN\portal_alunos\system\CodeIgniter.php(419): CodeIgniter\CodeIgniter->runController(Object(App\Controllers\Ajax\Relatorios))
#5 C:\Users\vinic\Documents\SN\portal_alunos\system\CodeIgniter.php(326): CodeIgniter\CodeIgniter->handleRequest(NULL, Object(Config\Cache), false)
#6 C:\Users\vinic\Documents\SN\portal_alunos\public\index.php(37): CodeIgniter\CodeIgniter->run()
#7 C:\Users\vinic\Documents\SN\portal_alunos\system\Commands\Server\rewrite.php(43): require_once('C:\\Users\\vinic\\...')
#8 {main}
CRITICAL - 2022-07-22 07:42:36 --> Invalid file: relatorios/tabela/disciplina.php
#0 C:\Users\vinic\Documents\SN\portal_alunos\system\View\View.php(198): CodeIgniter\Exceptions\FrameworkException::forInvalidFile('relatorios/tabe...')
#1 C:\Users\vinic\Documents\SN\portal_alunos\system\Common.php(1089): CodeIgniter\View\View->render('relatorios/tabe...', Array, true)
#2 C:\Users\vinic\Documents\SN\portal_alunos\app\Controllers\Ajax\Relatorios.php(30): view('relatorios/tabe...', Array)
#3 C:\Users\vinic\Documents\SN\portal_alunos\system\CodeIgniter.php(832): App\Controllers\Ajax\Relatorios->testeAjax('6')
#4 C:\Users\vinic\Documents\SN\portal_alunos\system\CodeIgniter.php(419): CodeIgniter\CodeIgniter->runController(Object(App\Controllers\Ajax\Relatorios))
#5 C:\Users\vinic\Documents\SN\portal_alunos\system\CodeIgniter.php(326): CodeIgniter\CodeIgniter->handleRequest(NULL, Object(Config\Cache), false)
#6 C:\Users\vinic\Documents\SN\portal_alunos\public\index.php(37): CodeIgniter\CodeIgniter->run()
#7 C:\Users\vinic\Documents\SN\portal_alunos\system\Commands\Server\rewrite.php(43): require_once('C:\\Users\\vinic\\...')
#8 {main}
CRITICAL - 2022-07-22 07:44:44 --> Invalid file: relatorios/tabela/disciplina.php
#0 C:\Users\vinic\Documents\SN\portal_alunos\system\View\View.php(198): CodeIgniter\Exceptions\FrameworkException::forInvalidFile('relatorios/tabe...')
#1 C:\Users\vinic\Documents\SN\portal_alunos\system\Common.php(1089): CodeIgniter\View\View->render('relatorios/tabe...', Array, true)
#2 C:\Users\vinic\Documents\SN\portal_alunos\app\Controllers\Ajax\Relatorios.php(30): view('relatorios/tabe...', Array)
#3 C:\Users\vinic\Documents\SN\portal_alunos\system\CodeIgniter.php(832): App\Controllers\Ajax\Relatorios->testeAjax('6')
#4 C:\Users\vinic\Documents\SN\portal_alunos\system\CodeIgniter.php(419): CodeIgniter\CodeIgniter->runController(Object(App\Controllers\Ajax\Relatorios))
#5 C:\Users\vinic\Documents\SN\portal_alunos\system\CodeIgniter.php(326): CodeIgniter\CodeIgniter->handleRequest(NULL, Object(Config\Cache), false)
#6 C:\Users\vinic\Documents\SN\portal_alunos\public\index.php(37): CodeIgniter\CodeIgniter->run()
#7 C:\Users\vinic\Documents\SN\portal_alunos\system\Commands\Server\rewrite.php(43): require_once('C:\\Users\\vinic\\...')
#8 {main}
CRITICAL - 2022-07-22 07:46:57 --> Invalid file: relatorios/tabela/disciplina.php
#0 C:\Users\vinic\Documents\SN\portal_alunos\system\View\View.php(198): CodeIgniter\Exceptions\FrameworkException::forInvalidFile('relatorios/tabe...')
#1 C:\Users\vinic\Documents\SN\portal_alunos\system\Common.php(1089): CodeIgniter\View\View->render('relatorios/tabe...', Array, true)
#2 C:\Users\vinic\Documents\SN\portal_alunos\app\Controllers\Ajax\Relatorios.php(30): view('relatorios/tabe...', Array)
#3 C:\Users\vinic\Documents\SN\portal_alunos\system\CodeIgniter.php(832): App\Controllers\Ajax\Relatorios->testeAjax('59')
#4 C:\Users\vinic\Documents\SN\portal_alunos\system\CodeIgniter.php(419): CodeIgniter\CodeIgniter->runController(Object(App\Controllers\Ajax\Relatorios))
#5 C:\Users\vinic\Documents\SN\portal_alunos\system\CodeIgniter.php(326): CodeIgniter\CodeIgniter->handleRequest(NULL, Object(Config\Cache), false)
#6 C:\Users\vinic\Documents\SN\portal_alunos\public\index.php(37): CodeIgniter\CodeIgniter->run()
#7 C:\Users\vinic\Documents\SN\portal_alunos\system\Commands\Server\rewrite.php(43): require_once('C:\\Users\\vinic\\...')
#8 {main}
CRITICAL - 2022-07-22 07:47:09 --> Invalid file: relatorios/tabela/disciplina.php
#0 C:\Users\vinic\Documents\SN\portal_alunos\system\View\View.php(198): CodeIgniter\Exceptions\FrameworkException::forInvalidFile('relatorios/tabe...')
#1 C:\Users\vinic\Documents\SN\portal_alunos\system\Common.php(1089): CodeIgniter\View\View->render('relatorios/tabe...', Array, true)
#2 C:\Users\vinic\Documents\SN\portal_alunos\app\Controllers\Ajax\Relatorios.php(30): view('relatorios/tabe...', Array)
#3 C:\Users\vinic\Documents\SN\portal_alunos\system\CodeIgniter.php(832): App\Controllers\Ajax\Relatorios->testeAjax('6')
#4 C:\Users\vinic\Documents\SN\portal_alunos\system\CodeIgniter.php(419): CodeIgniter\CodeIgniter->runController(Object(App\Controllers\Ajax\Relatorios))
#5 C:\Users\vinic\Documents\SN\portal_alunos\system\CodeIgniter.php(326): CodeIgniter\CodeIgniter->handleRequest(NULL, Object(Config\Cache), false)
#6 C:\Users\vinic\Documents\SN\portal_alunos\public\index.php(37): CodeIgniter\CodeIgniter->run()
#7 C:\Users\vinic\Documents\SN\portal_alunos\system\Commands\Server\rewrite.php(43): require_once('C:\\Users\\vinic\\...')
#8 {main}
CRITICAL - 2022-07-22 07:48:53 --> Invalid file: relatorios/tabela/disciplina.php
#0 C:\Users\vinic\Documents\SN\portal_alunos\system\View\View.php(198): CodeIgniter\Exceptions\FrameworkException::forInvalidFile('relatorios/tabe...')
#1 C:\Users\vinic\Documents\SN\portal_alunos\system\Common.php(1089): CodeIgniter\View\View->render('relatorios/tabe...', Array, true)
#2 C:\Users\vinic\Documents\SN\portal_alunos\app\Controllers\Ajax\Relatorios.php(30): view('relatorios/tabe...', Array)
#3 C:\Users\vinic\Documents\SN\portal_alunos\system\CodeIgniter.php(832): App\Controllers\Ajax\Relatorios->testeAjax('59')
#4 C:\Users\vinic\Documents\SN\portal_alunos\system\CodeIgniter.php(419): CodeIgniter\CodeIgniter->runController(Object(App\Controllers\Ajax\Relatorios))
#5 C:\Users\vinic\Documents\SN\portal_alunos\system\CodeIgniter.php(326): CodeIgniter\CodeIgniter->handleRequest(NULL, Object(Config\Cache), false)
#6 C:\Users\vinic\Documents\SN\portal_alunos\public\index.php(37): CodeIgniter\CodeIgniter->run()
#7 C:\Users\vinic\Documents\SN\portal_alunos\system\Commands\Server\rewrite.php(43): require_once('C:\\Users\\vinic\\...')
#8 {main}
CRITICAL - 2022-07-22 07:50:12 --> Invalid file: relatorios/tabela/disciplina.php
#0 C:\Users\vinic\Documents\SN\portal_alunos\system\View\View.php(198): CodeIgniter\Exceptions\FrameworkException::forInvalidFile('relatorios/tabe...')
#1 C:\Users\vinic\Documents\SN\portal_alunos\system\Common.php(1089): CodeIgniter\View\View->render('relatorios/tabe...', Array, true)
#2 C:\Users\vinic\Documents\SN\portal_alunos\app\Controllers\Ajax\Relatorios.php(26): view('relatorios/tabe...', Array)
#3 C:\Users\vinic\Documents\SN\portal_alunos\system\CodeIgniter.php(832): App\Controllers\Ajax\Relatorios->testeAjax('165')
#4 C:\Users\vinic\Documents\SN\portal_alunos\system\CodeIgniter.php(419): CodeIgniter\CodeIgniter->runController(Object(App\Controllers\Ajax\Relatorios))
#5 C:\Users\vinic\Documents\SN\portal_alunos\system\CodeIgniter.php(326): CodeIgniter\CodeIgniter->handleRequest(NULL, Object(Config\Cache), false)
#6 C:\Users\vinic\Documents\SN\portal_alunos\public\index.php(37): CodeIgniter\CodeIgniter->run()
#7 C:\Users\vinic\Documents\SN\portal_alunos\system\Commands\Server\rewrite.php(43): require_once('C:\\Users\\vinic\\...')
#8 {main}
CRITICAL - 2022-07-22 07:50:48 --> Invalid file: relatorios/tabela/disciplina.php
#0 C:\Users\vinic\Documents\SN\portal_alunos\system\View\View.php(198): CodeIgniter\Exceptions\FrameworkException::forInvalidFile('relatorios/tabe...')
#1 C:\Users\vinic\Documents\SN\portal_alunos\system\Common.php(1089): CodeIgniter\View\View->render('relatorios/tabe...', Array, true)
#2 C:\Users\vinic\Documents\SN\portal_alunos\app\Controllers\Ajax\Relatorios.php(26): view('relatorios/tabe...', Array)
#3 C:\Users\vinic\Documents\SN\portal_alunos\system\CodeIgniter.php(832): App\Controllers\Ajax\Relatorios->testeAjax('6')
#4 C:\Users\vinic\Documents\SN\portal_alunos\system\CodeIgniter.php(419): CodeIgniter\CodeIgniter->runController(Object(App\Controllers\Ajax\Relatorios))
#5 C:\Users\vinic\Documents\SN\portal_alunos\system\CodeIgniter.php(326): CodeIgniter\CodeIgniter->handleRequest(NULL, Object(Config\Cache), false)
#6 C:\Users\vinic\Documents\SN\portal_alunos\public\index.php(37): CodeIgniter\CodeIgniter->run()
#7 C:\Users\vinic\Documents\SN\portal_alunos\system\Commands\Server\rewrite.php(43): require_once('C:\\Users\\vinic\\...')
#8 {main}
CRITICAL - 2022-07-22 07:51:44 --> Undefined variable: nome
#0 C:\Users\vinic\Documents\SN\portal_alunos\app\Views\_common\layout_gestor.php(281): CodeIgniter\Debug\Exceptions->errorHandler(8, 'Undefined varia...', 'C:\\Users\\vinic\\...', 281, Array)
#1 C:\Users\vinic\Documents\SN\portal_alunos\system\View\View.php(210): include('C:\\Users\\vinic\\...')
#2 C:\Users\vinic\Documents\SN\portal_alunos\system\View\View.php(213): CodeIgniter\View\View->CodeIgniter\View\{closure}()
#3 C:\Users\vinic\Documents\SN\portal_alunos\system\View\View.php(226): CodeIgniter\View\View->render('_common/layout_...', Array, true)
#4 C:\Users\vinic\Documents\SN\portal_alunos\system\Common.php(1089): CodeIgniter\View\View->render('relatorios/tabe...', Array, true)
#5 C:\Users\vinic\Documents\SN\portal_alunos\app\Controllers\Ajax\Relatorios.php(26): view('relatorios/tabe...', Array)
#6 C:\Users\vinic\Documents\SN\portal_alunos\system\CodeIgniter.php(832): App\Controllers\Ajax\Relatorios->testeAjax('6')
#7 C:\Users\vinic\Documents\SN\portal_alunos\system\CodeIgniter.php(419): CodeIgniter\CodeIgniter->runController(Object(App\Controllers\Ajax\Relatorios))
#8 C:\Users\vinic\Documents\SN\portal_alunos\system\CodeIgniter.php(326): CodeIgniter\CodeIgniter->handleRequest(NULL, Object(Config\Cache), false)
#9 C:\Users\vinic\Documents\SN\portal_alunos\public\index.php(37): CodeIgniter\CodeIgniter->run()
#10 C:\Users\vinic\Documents\SN\portal_alunos\system\Commands\Server\rewrite.php(43): require_once('C:\\Users\\vinic\\...')
#11 {main}
CRITICAL - 2022-07-22 08:11:21 --> Undefined variable: disciplinas
#0 C:\Users\vinic\Documents\SN\portal_alunos\app\Views\relatorios\gestor.php(44): CodeIgniter\Debug\Exceptions->errorHandler(8, 'Undefined varia...', 'C:\\Users\\vinic\\...', 44, Array)
#1 C:\Users\vinic\Documents\SN\portal_alunos\system\View\View.php(210): include('C:\\Users\\vinic\\...')
#2 C:\Users\vinic\Documents\SN\portal_alunos\system\View\View.php(213): CodeIgniter\View\View->CodeIgniter\View\{closure}()
#3 C:\Users\vinic\Documents\SN\portal_alunos\system\Common.php(1089): CodeIgniter\View\View->render('relatorios/gest...', Array, true)
#4 C:\Users\vinic\Documents\SN\portal_alunos\app\Controllers\Relatorios.php(39): view('relatorios/gest...', Array)
#5 C:\Users\vinic\Documents\SN\portal_alunos\system\CodeIgniter.php(832): App\Controllers\Relatorios->index()
#6 C:\Users\vinic\Documents\SN\portal_alunos\system\CodeIgniter.php(419): CodeIgniter\CodeIgniter->runController(Object(App\Controllers\Relatorios))
#7 C:\Users\vinic\Documents\SN\portal_alunos\system\CodeIgniter.php(326): CodeIgniter\CodeIgniter->handleRequest(NULL, Object(Config\Cache), false)
#8 C:\Users\vinic\Documents\SN\portal_alunos\public\index.php(37): CodeIgniter\CodeIgniter->run()
#9 C:\Users\vinic\Documents\SN\portal_alunos\system\Commands\Server\rewrite.php(43): require_once('C:\\Users\\vinic\\...')
#10 {main}
CRITICAL - 2022-07-22 08:47:00 --> Trying to access array offset on value of type null
#0 C:\Users\vinic\Documents\SN\portal_alunos\app\Views\relatorios\tabela\alunos.php(18): CodeIgniter\Debug\Exceptions->errorHandler(8, 'Trying to acces...', 'C:\\Users\\vinic\\...', 18, Array)
#1 C:\Users\vinic\Documents\SN\portal_alunos\system\View\View.php(210): include('C:\\Users\\vinic\\...')
#2 C:\Users\vinic\Documents\SN\portal_alunos\system\View\View.php(213): CodeIgniter\View\View->CodeIgniter\View\{closure}()
#3 C:\Users\vinic\Documents\SN\portal_alunos\system\Common.php(1089): CodeIgniter\View\View->render('relatorios/tabe...', Array, true)
#4 C:\Users\vinic\Documents\SN\portal_alunos\app\Controllers\Ajax\Relatorios.php(34): view('relatorios/tabe...', Array)
#5 C:\Users\vinic\Documents\SN\portal_alunos\system\CodeIgniter.php(832): App\Controllers\Ajax\Relatorios->alunosDisciplina('undefined')
#6 C:\Users\vinic\Documents\SN\portal_alunos\system\CodeIgniter.php(419): CodeIgniter\CodeIgniter->runController(Object(App\Controllers\Ajax\Relatorios))
#7 C:\Users\vinic\Documents\SN\portal_alunos\system\CodeIgniter.php(326): CodeIgniter\CodeIgniter->handleRequest(NULL, Object(Config\Cache), false)
#8 C:\Users\vinic\Documents\SN\portal_alunos\public\index.php(37): CodeIgniter\CodeIgniter->run()
#9 C:\Users\vinic\Documents\SN\portal_alunos\system\Commands\Server\rewrite.php(43): require_once('C:\\Users\\vinic\\...')
#10 {main}
CRITICAL - 2022-07-22 08:48:54 --> Trying to access array offset on value of type null
#0 C:\Users\vinic\Documents\SN\portal_alunos\app\Views\relatorios\tabela\alunos.php(18): CodeIgniter\Debug\Exceptions->errorHandler(8, 'Trying to acces...', 'C:\\Users\\vinic\\...', 18, Array)
#1 C:\Users\vinic\Documents\SN\portal_alunos\system\View\View.php(210): include('C:\\Users\\vinic\\...')
#2 C:\Users\vinic\Documents\SN\portal_alunos\system\View\View.php(213): CodeIgniter\View\View->CodeIgniter\View\{closure}()
#3 C:\Users\vinic\Documents\SN\portal_alunos\system\Common.php(1089): CodeIgniter\View\View->render('relatorios/tabe...', Array, true)
#4 C:\Users\vinic\Documents\SN\portal_alunos\app\Controllers\Ajax\Relatorios.php(34): view('relatorios/tabe...', Array)
#5 C:\Users\vinic\Documents\SN\portal_alunos\system\CodeIgniter.php(832): App\Controllers\Ajax\Relatorios->alunosDisciplina('undefined')
#6 C:\Users\vinic\Documents\SN\portal_alunos\system\CodeIgniter.php(419): CodeIgniter\CodeIgniter->runController(Object(App\Controllers\Ajax\Relatorios))
#7 C:\Users\vinic\Documents\SN\portal_alunos\system\CodeIgniter.php(326): CodeIgniter\CodeIgniter->handleRequest(NULL, Object(Config\Cache), false)
#8 C:\Users\vinic\Documents\SN\portal_alunos\public\index.php(37): CodeIgniter\CodeIgniter->run()
#9 C:\Users\vinic\Documents\SN\portal_alunos\system\Commands\Server\rewrite.php(43): require_once('C:\\Users\\vinic\\...')
#10 {main}
CRITICAL - 2022-07-22 08:49:36 --> Trying to access array offset on value of type null
#0 C:\Users\vinic\Documents\SN\portal_alunos\app\Views\relatorios\tabela\alunos.php(18): CodeIgniter\Debug\Exceptions->errorHandler(8, 'Trying to acces...', 'C:\\Users\\vinic\\...', 18, Array)
#1 C:\Users\vinic\Documents\SN\portal_alunos\system\View\View.php(210): include('C:\\Users\\vinic\\...')
#2 C:\Users\vinic\Documents\SN\portal_alunos\system\View\View.php(213): CodeIgniter\View\View->CodeIgniter\View\{closure}()
#3 C:\Users\vinic\Documents\SN\portal_alunos\system\Common.php(1089): CodeIgniter\View\View->render('relatorios/tabe...', Array, true)
#4 C:\Users\vinic\Documents\SN\portal_alunos\app\Controllers\Ajax\Relatorios.php(34): view('relatorios/tabe...', Array)
#5 C:\Users\vinic\Documents\SN\portal_alunos\system\CodeIgniter.php(832): App\Controllers\Ajax\Relatorios->alunosDisciplina('71')
#6 C:\Users\vinic\Documents\SN\portal_alunos\system\CodeIgniter.php(419): CodeIgniter\CodeIgniter->runController(Object(App\Controllers\Ajax\Relatorios))
#7 C:\Users\vinic\Documents\SN\portal_alunos\system\CodeIgniter.php(326): CodeIgniter\CodeIgniter->handleRequest(NULL, Object(Config\Cache), false)
#8 C:\Users\vinic\Documents\SN\portal_alunos\public\index.php(37): CodeIgniter\CodeIgniter->run()
#9 C:\Users\vinic\Documents\SN\portal_alunos\system\Commands\Server\rewrite.php(43): require_once('C:\\Users\\vinic\\...')
#10 {main}
CRITICAL - 2022-07-22 08:49:40 --> Trying to access array offset on value of type null
#0 C:\Users\vinic\Documents\SN\portal_alunos\app\Views\relatorios\tabela\alunos.php(18): CodeIgniter\Debug\Exceptions->errorHandler(8, 'Trying to acces...', 'C:\\Users\\vinic\\...', 18, Array)
#1 C:\Users\vinic\Documents\SN\portal_alunos\system\View\View.php(210): include('C:\\Users\\vinic\\...')
#2 C:\Users\vinic\Documents\SN\portal_alunos\system\View\View.php(213): CodeIgniter\View\View->CodeIgniter\View\{closure}()
#3 C:\Users\vinic\Documents\SN\portal_alunos\system\Common.php(1089): CodeIgniter\View\View->render('relatorios/tabe...', Array, true)
#4 C:\Users\vinic\Documents\SN\portal_alunos\app\Controllers\Ajax\Relatorios.php(34): view('relatorios/tabe...', Array)
#5 C:\Users\vinic\Documents\SN\portal_alunos\system\CodeIgniter.php(832): App\Controllers\Ajax\Relatorios->alunosDisciplina('7')
#6 C:\Users\vinic\Documents\SN\portal_alunos\system\CodeIgniter.php(419): CodeIgniter\CodeIgniter->runController(Object(App\Controllers\Ajax\Relatorios))
#7 C:\Users\vinic\Documents\SN\portal_alunos\system\CodeIgniter.php(326): CodeIgniter\CodeIgniter->handleRequest(NULL, Object(Config\Cache), false)
#8 C:\Users\vinic\Documents\SN\portal_alunos\public\index.php(37): CodeIgniter\CodeIgniter->run()
#9 C:\Users\vinic\Documents\SN\portal_alunos\system\Commands\Server\rewrite.php(43): require_once('C:\\Users\\vinic\\...')
#10 {main}
CRITICAL - 2022-07-22 08:49:47 --> Trying to access array offset on value of type null
#0 C:\Users\vinic\Documents\SN\portal_alunos\app\Views\relatorios\tabela\alunos.php(18): CodeIgniter\Debug\Exceptions->errorHandler(8, 'Trying to acces...', 'C:\\Users\\vinic\\...', 18, Array)
#1 C:\Users\vinic\Documents\SN\portal_alunos\system\View\View.php(210): include('C:\\Users\\vinic\\...')
#2 C:\Users\vinic\Documents\SN\portal_alunos\system\View\View.php(213): CodeIgniter\View\View->CodeIgniter\View\{closure}()
#3 C:\Users\vinic\Documents\SN\portal_alunos\system\Common.php(1089): CodeIgniter\View\View->render('relatorios/tabe...', Array, true)
#4 C:\Users\vinic\Documents\SN\portal_alunos\app\Controllers\Ajax\Relatorios.php(34): view('relatorios/tabe...', Array)
#5 C:\Users\vinic\Documents\SN\portal_alunos\system\CodeIgniter.php(832): App\Controllers\Ajax\Relatorios->alunosDisciplina('7')
#6 C:\Users\vinic\Documents\SN\portal_alunos\system\CodeIgniter.php(419): CodeIgniter\CodeIgniter->runController(Object(App\Controllers\Ajax\Relatorios))
#7 C:\Users\vinic\Documents\SN\portal_alunos\system\CodeIgniter.php(326): CodeIgniter\CodeIgniter->handleRequest(NULL, Object(Config\Cache), false)
#8 C:\Users\vinic\Documents\SN\portal_alunos\public\index.php(37): CodeIgniter\CodeIgniter->run()
#9 C:\Users\vinic\Documents\SN\portal_alunos\system\Commands\Server\rewrite.php(43): require_once('C:\\Users\\vinic\\...')
#10 {main}
CRITICAL - 2022-07-22 08:51:03 --> Trying to access array offset on value of type null
#0 C:\Users\vinic\Documents\SN\portal_alunos\app\Views\relatorios\tabela\alunos.php(18): CodeIgniter\Debug\Exceptions->errorHandler(8, 'Trying to acces...', 'C:\\Users\\vinic\\...', 18, Array)
#1 C:\Users\vinic\Documents\SN\portal_alunos\system\View\View.php(210): include('C:\\Users\\vinic\\...')
#2 C:\Users\vinic\Documents\SN\portal_alunos\system\View\View.php(213): CodeIgniter\View\View->CodeIgniter\View\{closure}()
#3 C:\Users\vinic\Documents\SN\portal_alunos\system\Common.php(1089): CodeIgniter\View\View->render('relatorios/tabe...', Array, true)
#4 C:\Users\vinic\Documents\SN\portal_alunos\app\Controllers\Ajax\Relatorios.php(34): view('relatorios/tabe...', Array)
#5 C:\Users\vinic\Documents\SN\portal_alunos\system\CodeIgniter.php(832): App\Controllers\Ajax\Relatorios->alunosDisciplina('7')
#6 C:\Users\vinic\Documents\SN\portal_alunos\system\CodeIgniter.php(419): CodeIgniter\CodeIgniter->runController(Object(App\Controllers\Ajax\Relatorios))
#7 C:\Users\vinic\Documents\SN\portal_alunos\system\CodeIgniter.php(326): CodeIgniter\CodeIgniter->handleRequest(NULL, Object(Config\Cache), false)
#8 C:\Users\vinic\Documents\SN\portal_alunos\public\index.php(37): CodeIgniter\CodeIgniter->run()
#9 C:\Users\vinic\Documents\SN\portal_alunos\system\Commands\Server\rewrite.php(43): require_once('C:\\Users\\vinic\\...')
#10 {main}
CRITICAL - 2022-07-22 08:51:19 --> Trying to access array offset on value of type null
#0 C:\Users\vinic\Documents\SN\portal_alunos\app\Views\relatorios\tabela\alunos.php(18): CodeIgniter\Debug\Exceptions->errorHandler(8, 'Trying to acces...', 'C:\\Users\\vinic\\...', 18, Array)
#1 C:\Users\vinic\Documents\SN\portal_alunos\system\View\View.php(210): include('C:\\Users\\vinic\\...')
#2 C:\Users\vinic\Documents\SN\portal_alunos\system\View\View.php(213): CodeIgniter\View\View->CodeIgniter\View\{closure}()
#3 C:\Users\vinic\Documents\SN\portal_alunos\system\Common.php(1089): CodeIgniter\View\View->render('relatorios/tabe...', Array, true)
#4 C:\Users\vinic\Documents\SN\portal_alunos\app\Controllers\Ajax\Relatorios.php(34): view('relatorios/tabe...', Array)
#5 C:\Users\vinic\Documents\SN\portal_alunos\system\CodeIgniter.php(832): App\Controllers\Ajax\Relatorios->alunosDisciplina('7')
#6 C:\Users\vinic\Documents\SN\portal_alunos\system\CodeIgniter.php(419): CodeIgniter\CodeIgniter->runController(Object(App\Controllers\Ajax\Relatorios))
#7 C:\Users\vinic\Documents\SN\portal_alunos\system\CodeIgniter.php(326): CodeIgniter\CodeIgniter->handleRequest(NULL, Object(Config\Cache), false)
#8 C:\Users\vinic\Documents\SN\portal_alunos\public\index.php(37): CodeIgniter\CodeIgniter->run()
#9 C:\Users\vinic\Documents\SN\portal_alunos\system\Commands\Server\rewrite.php(43): require_once('C:\\Users\\vinic\\...')
#10 {main}
CRITICAL - 2022-07-22 12:06:16 --> Undefined index: professor
#0 C:\Users\vinic\Documents\SN\portal_alunos\app\Views\disciplinas\tabela\gestor.php(17): CodeIgniter\Debug\Exceptions->errorHandler(8, 'Undefined index...', 'C:\\Users\\vinic\\...', 17, Array)
#1 C:\Users\vinic\Documents\SN\portal_alunos\system\View\View.php(210): include('C:\\Users\\vinic\\...')
#2 C:\Users\vinic\Documents\SN\portal_alunos\system\View\View.php(213): CodeIgniter\View\View->CodeIgniter\View\{closure}()
#3 C:\Users\vinic\Documents\SN\portal_alunos\system\Common.php(1089): CodeIgniter\View\View->render('disciplinas/tab...', Array, true)
#4 C:\Users\vinic\Documents\SN\portal_alunos\app\Controllers\Ajax\Disciplinas.php(23): view('disciplinas/tab...', Array)
#5 C:\Users\vinic\Documents\SN\portal_alunos\system\CodeIgniter.php(832): App\Controllers\Ajax\Disciplinas->disciplinasGestor()
#6 C:\Users\vinic\Documents\SN\portal_alunos\system\CodeIgniter.php(419): CodeIgniter\CodeIgniter->runController(Object(App\Controllers\Ajax\Disciplinas))
#7 C:\Users\vinic\Documents\SN\portal_alunos\system\CodeIgniter.php(326): CodeIgniter\CodeIgniter->handleRequest(NULL, Object(Config\Cache), false)
#8 C:\Users\vinic\Documents\SN\portal_alunos\public\index.php(37): CodeIgniter\CodeIgniter->run()
#9 C:\Users\vinic\Documents\SN\portal_alunos\system\Commands\Server\rewrite.php(43): require_once('C:\\Users\\vinic\\...')
#10 {main}
CRITICAL - 2022-07-22 16:00:37 --> Too few arguments to function App\Controllers\Ajax\Disciplinas::alteraDisciplina(), 1 passed in C:\Users\vinic\Documents\SN\portal_alunos\system\CodeIgniter.php on line 832 and exactly 3 expected
#0 C:\Users\vinic\Documents\SN\portal_alunos\system\CodeIgniter.php(832): App\Controllers\Ajax\Disciplinas->alteraDisciplina('7Introdu\xC3\xA7\xC3\xA3o \xC3...')
#1 C:\Users\vinic\Documents\SN\portal_alunos\system\CodeIgniter.php(419): CodeIgniter\CodeIgniter->runController(Object(App\Controllers\Ajax\Disciplinas))
#2 C:\Users\vinic\Documents\SN\portal_alunos\system\CodeIgniter.php(326): CodeIgniter\CodeIgniter->handleRequest(NULL, Object(Config\Cache), false)
#3 C:\Users\vinic\Documents\SN\portal_alunos\public\index.php(37): CodeIgniter\CodeIgniter->run()
#4 C:\Users\vinic\Documents\SN\portal_alunos\system\Commands\Server\rewrite.php(43): require_once('C:\\Users\\vinic\\...')
#5 {main}
CRITICAL - 2022-07-22 16:00:51 --> Too few arguments to function App\Controllers\Ajax\Disciplinas::alteraDisciplina(), 1 passed in C:\Users\vinic\Documents\SN\portal_alunos\system\CodeIgniter.php on line 832 and exactly 3 expected
#0 C:\Users\vinic\Documents\SN\portal_alunos\system\CodeIgniter.php(832): App\Controllers\Ajax\Disciplinas->alteraDisciplina('7Introdu\xC3\xA7\xC3\xA3o \xC3...')
#1 C:\Users\vinic\Documents\SN\portal_alunos\system\CodeIgniter.php(419): CodeIgniter\CodeIgniter->runController(Object(App\Controllers\Ajax\Disciplinas))
#2 C:\Users\vinic\Documents\SN\portal_alunos\system\CodeIgniter.php(326): CodeIgniter\CodeIgniter->handleRequest(NULL, Object(Config\Cache), false)
#3 C:\Users\vinic\Documents\SN\portal_alunos\public\index.php(37): CodeIgniter\CodeIgniter->run()
#4 C:\Users\vinic\Documents\SN\portal_alunos\system\Commands\Server\rewrite.php(43): require_once('C:\\Users\\vinic\\...')
#5 {main}
