CRITICAL - 2022-07-20 07:47:11 --> Array to string conversion
#0 C:\Users\vinic\Documents\SN\portal_alunos\app\Views\disciplinas\aluno.php(11): CodeIgniter\Debug\Exceptions->errorHandler(8, 'Array to string...', 'C:\\Users\\vinic\\...', 11, Array)
#1 C:\Users\vinic\Documents\SN\portal_alunos\system\View\View.php(210): include('C:\\Users\\vinic\\...')
#2 C:\Users\vinic\Documents\SN\portal_alunos\system\View\View.php(213): CodeIgniter\View\View->CodeIgniter\View\{closure}()
#3 C:\Users\vinic\Documents\SN\portal_alunos\system\Common.php(1089): CodeIgniter\View\View->render('disciplinas/alu...', Array, true)
#4 C:\Users\vinic\Documents\SN\portal_alunos\app\Controllers\Disciplinas.php(51): view('disciplinas/alu...', Array)
#5 C:\Users\vinic\Documents\SN\portal_alunos\system\CodeIgniter.php(832): App\Controllers\Disciplinas->index()
#6 C:\Users\vinic\Documents\SN\portal_alunos\system\CodeIgniter.php(419): CodeIgniter\CodeIgniter->runController(Object(App\Controllers\Disciplinas))
#7 C:\Users\vinic\Documents\SN\portal_alunos\system\CodeIgniter.php(326): CodeIgniter\CodeIgniter->handleRequest(NULL, Object(Config\Cache), false)
#8 C:\Users\vinic\Documents\SN\portal_alunos\public\index.php(37): CodeIgniter\CodeIgniter->run()
#9 C:\Users\vinic\Documents\SN\portal_alunos\system\Commands\Server\rewrite.php(43): require_once('C:\\Users\\vinic\\...')
#10 {main}
CRITICAL - 2022-07-20 07:48:03 --> Undefined index: count(*)
#0 C:\Users\vinic\Documents\SN\portal_alunos\app\Models\DisciplinaModel.php(193): CodeIgniter\Debug\Exceptions->errorHandler(8, 'Undefined index...', 'C:\\Users\\vinic\\...', 193, Array)
#1 C:\Users\vinic\Documents\SN\portal_alunos\app\Controllers\Disciplinas.php(43): App\Models\DisciplinaModel->countDisciplinasLivres(Array)
#2 C:\Users\vinic\Documents\SN\portal_alunos\system\CodeIgniter.php(832): App\Controllers\Disciplinas->index()
#3 C:\Users\vinic\Documents\SN\portal_alunos\system\CodeIgniter.php(419): CodeIgniter\CodeIgniter->runController(Object(App\Controllers\Disciplinas))
#4 C:\Users\vinic\Documents\SN\portal_alunos\system\CodeIgniter.php(326): CodeIgniter\CodeIgniter->handleRequest(NULL, Object(Config\Cache), false)
#5 C:\Users\vinic\Documents\SN\portal_alunos\public\index.php(37): CodeIgniter\CodeIgniter->run()
#6 C:\Users\vinic\Documents\SN\portal_alunos\system\Commands\Server\rewrite.php(43): require_once('C:\\Users\\vinic\\...')
#7 {main}
CRITICAL - 2022-07-20 07:48:08 --> Undefined index: count(*)
#0 C:\Users\vinic\Documents\SN\portal_alunos\app\Models\DisciplinaModel.php(193): CodeIgniter\Debug\Exceptions->errorHandler(8, 'Undefined index...', 'C:\\Users\\vinic\\...', 193, Array)
#1 C:\Users\vinic\Documents\SN\portal_alunos\app\Controllers\Disciplinas.php(43): App\Models\DisciplinaModel->countDisciplinasLivres(Array)
#2 C:\Users\vinic\Documents\SN\portal_alunos\system\CodeIgniter.php(832): App\Controllers\Disciplinas->index()
#3 C:\Users\vinic\Documents\SN\portal_alunos\system\CodeIgniter.php(419): CodeIgniter\CodeIgniter->runController(Object(App\Controllers\Disciplinas))
#4 C:\Users\vinic\Documents\SN\portal_alunos\system\CodeIgniter.php(326): CodeIgniter\CodeIgniter->handleRequest(NULL, Object(Config\Cache), false)
#5 C:\Users\vinic\Documents\SN\portal_alunos\public\index.php(37): CodeIgniter\CodeIgniter->run()
#6 C:\Users\vinic\Documents\SN\portal_alunos\system\Commands\Server\rewrite.php(43): require_once('C:\\Users\\vinic\\...')
#7 {main}
CRITICAL - 2022-07-20 07:48:54 --> Undefined index: coun
#0 C:\Users\vinic\Documents\SN\portal_alunos\app\Models\DisciplinaModel.php(193): CodeIgniter\Debug\Exceptions->errorHandler(8, 'Undefined index...', 'C:\\Users\\vinic\\...', 193, Array)
#1 C:\Users\vinic\Documents\SN\portal_alunos\app\Controllers\Disciplinas.php(43): App\Models\DisciplinaModel->countDisciplinasLivres(Array)
#2 C:\Users\vinic\Documents\SN\portal_alunos\system\CodeIgniter.php(832): App\Controllers\Disciplinas->index()
#3 C:\Users\vinic\Documents\SN\portal_alunos\system\CodeIgniter.php(419): CodeIgniter\CodeIgniter->runController(Object(App\Controllers\Disciplinas))
#4 C:\Users\vinic\Documents\SN\portal_alunos\system\CodeIgniter.php(326): CodeIgniter\CodeIgniter->handleRequest(NULL, Object(Config\Cache), false)
#5 C:\Users\vinic\Documents\SN\portal_alunos\public\index.php(37): CodeIgniter\CodeIgniter->run()
#6 C:\Users\vinic\Documents\SN\portal_alunos\system\Commands\Server\rewrite.php(43): require_once('C:\\Users\\vinic\\...')
#7 {main}
CRITICAL - 2022-07-20 07:59:47 --> Invalid file: _common\layout_getor.php
#0 C:\Users\vinic\Documents\SN\portal_alunos\system\View\View.php(198): CodeIgniter\Exceptions\FrameworkException::forInvalidFile('_common\\layout_...')
#1 C:\Users\vinic\Documents\SN\portal_alunos\system\View\View.php(226): CodeIgniter\View\View->render('_common\\layout_...', Array, true)
#2 C:\Users\vinic\Documents\SN\portal_alunos\system\Common.php(1089): CodeIgniter\View\View->render('dados\\index', Array, true)
#3 C:\Users\vinic\Documents\SN\portal_alunos\app\Controllers\Dados.php(13): view('dados\\index')
#4 C:\Users\vinic\Documents\SN\portal_alunos\system\CodeIgniter.php(832): App\Controllers\Dados->index()
#5 C:\Users\vinic\Documents\SN\portal_alunos\system\CodeIgniter.php(419): CodeIgniter\CodeIgniter->runController(Object(App\Controllers\Dados))
#6 C:\Users\vinic\Documents\SN\portal_alunos\system\CodeIgniter.php(326): CodeIgniter\CodeIgniter->handleRequest(NULL, Object(Config\Cache), false)
#7 C:\Users\vinic\Documents\SN\portal_alunos\public\index.php(37): CodeIgniter\CodeIgniter->run()
#8 C:\Users\vinic\Documents\SN\portal_alunos\system\Commands\Server\rewrite.php(43): require_once('C:\\Users\\vinic\\...')
#9 {main}
CRITICAL - 2022-07-20 08:00:02 --> Invalid file: _common\layout_getor.php
#0 C:\Users\vinic\Documents\SN\portal_alunos\system\View\View.php(198): CodeIgniter\Exceptions\FrameworkException::forInvalidFile('_common\\layout_...')
#1 C:\Users\vinic\Documents\SN\portal_alunos\system\View\View.php(226): CodeIgniter\View\View->render('_common\\layout_...', Array, true)
#2 C:\Users\vinic\Documents\SN\portal_alunos\system\Common.php(1089): CodeIgniter\View\View->render('dados\\index', Array, true)
#3 C:\Users\vinic\Documents\SN\portal_alunos\app\Controllers\Dados.php(13): view('dados\\index')
#4 C:\Users\vinic\Documents\SN\portal_alunos\system\CodeIgniter.php(832): App\Controllers\Dados->index()
#5 C:\Users\vinic\Documents\SN\portal_alunos\system\CodeIgniter.php(419): CodeIgniter\CodeIgniter->runController(Object(App\Controllers\Dados))
#6 C:\Users\vinic\Documents\SN\portal_alunos\system\CodeIgniter.php(326): CodeIgniter\CodeIgniter->handleRequest(NULL, Object(Config\Cache), false)
#7 C:\Users\vinic\Documents\SN\portal_alunos\public\index.php(37): CodeIgniter\CodeIgniter->run()
#8 C:\Users\vinic\Documents\SN\portal_alunos\system\Commands\Server\rewrite.php(43): require_once('C:\\Users\\vinic\\...')
#9 {main}
CRITICAL - 2022-07-20 08:00:03 --> Undefined variable: nome
#0 C:\Users\vinic\Documents\SN\portal_alunos\app\Views\_common\layout_gestor.php(248): CodeIgniter\Debug\Exceptions->errorHandler(8, 'Undefined varia...', 'C:\\Users\\vinic\\...', 248, Array)
#1 C:\Users\vinic\Documents\SN\portal_alunos\system\View\View.php(210): include('C:\\Users\\vinic\\...')
#2 C:\Users\vinic\Documents\SN\portal_alunos\system\View\View.php(213): CodeIgniter\View\View->CodeIgniter\View\{closure}()
#3 C:\Users\vinic\Documents\SN\portal_alunos\system\View\View.php(226): CodeIgniter\View\View->render('_common\\layout_...', Array, true)
#4 C:\Users\vinic\Documents\SN\portal_alunos\system\Common.php(1089): CodeIgniter\View\View->render('dados\\index', Array, true)
#5 C:\Users\vinic\Documents\SN\portal_alunos\app\Controllers\Dados.php(13): view('dados\\index')
#6 C:\Users\vinic\Documents\SN\portal_alunos\system\CodeIgniter.php(832): App\Controllers\Dados->index()
#7 C:\Users\vinic\Documents\SN\portal_alunos\system\CodeIgniter.php(419): CodeIgniter\CodeIgniter->runController(Object(App\Controllers\Dados))
#8 C:\Users\vinic\Documents\SN\portal_alunos\system\CodeIgniter.php(326): CodeIgniter\CodeIgniter->handleRequest(NULL, Object(Config\Cache), false)
#9 C:\Users\vinic\Documents\SN\portal_alunos\public\index.php(37): CodeIgniter\CodeIgniter->run()
#10 C:\Users\vinic\Documents\SN\portal_alunos\system\Commands\Server\rewrite.php(43): require_once('C:\\Users\\vinic\\...')
#11 {main}
CRITICAL - 2022-07-20 08:00:29 --> syntax error, unexpected '=>' (T_DOUBLE_ARROW), expecting ']'
#0 C:\Users\vinic\Documents\SN\portal_alunos\system\Router\Router.php(175): CodeIgniter\Router\Router->autoRoute('dados')
#1 C:\Users\vinic\Documents\SN\portal_alunos\system\CodeIgniter.php(726): CodeIgniter\Router\Router->handle('dados')
#2 C:\Users\vinic\Documents\SN\portal_alunos\system\CodeIgniter.php(368): CodeIgniter\CodeIgniter->tryToRouteIt(Object(CodeIgniter\Router\RouteCollection))
#3 C:\Users\vinic\Documents\SN\portal_alunos\system\CodeIgniter.php(326): CodeIgniter\CodeIgniter->handleRequest(NULL, Object(Config\Cache), false)
#4 C:\Users\vinic\Documents\SN\portal_alunos\public\index.php(37): CodeIgniter\CodeIgniter->run()
#5 C:\Users\vinic\Documents\SN\portal_alunos\system\Commands\Server\rewrite.php(43): require_once('C:\\Users\\vinic\\...')
#6 {main}
CRITICAL - 2022-07-20 08:00:38 --> syntax error, unexpected '=>' (T_DOUBLE_ARROW), expecting ']'
#0 C:\Users\vinic\Documents\SN\portal_alunos\system\Router\Router.php(175): CodeIgniter\Router\Router->autoRoute('dados')
#1 C:\Users\vinic\Documents\SN\portal_alunos\system\CodeIgniter.php(726): CodeIgniter\Router\Router->handle('dados')
#2 C:\Users\vinic\Documents\SN\portal_alunos\system\CodeIgniter.php(368): CodeIgniter\CodeIgniter->tryToRouteIt(Object(CodeIgniter\Router\RouteCollection))
#3 C:\Users\vinic\Documents\SN\portal_alunos\system\CodeIgniter.php(326): CodeIgniter\CodeIgniter->handleRequest(NULL, Object(Config\Cache), false)
#4 C:\Users\vinic\Documents\SN\portal_alunos\public\index.php(37): CodeIgniter\CodeIgniter->run()
#5 C:\Users\vinic\Documents\SN\portal_alunos\system\Commands\Server\rewrite.php(43): require_once('C:\\Users\\vinic\\...')
#6 {main}
CRITICAL - 2022-07-20 08:00:40 --> syntax error, unexpected '=>' (T_DOUBLE_ARROW), expecting ']'
#0 C:\Users\vinic\Documents\SN\portal_alunos\system\Router\Router.php(175): CodeIgniter\Router\Router->autoRoute('dados')
#1 C:\Users\vinic\Documents\SN\portal_alunos\system\CodeIgniter.php(726): CodeIgniter\Router\Router->handle('dados')
#2 C:\Users\vinic\Documents\SN\portal_alunos\system\CodeIgniter.php(368): CodeIgniter\CodeIgniter->tryToRouteIt(Object(CodeIgniter\Router\RouteCollection))
#3 C:\Users\vinic\Documents\SN\portal_alunos\system\CodeIgniter.php(326): CodeIgniter\CodeIgniter->handleRequest(NULL, Object(Config\Cache), false)
#4 C:\Users\vinic\Documents\SN\portal_alunos\public\index.php(37): CodeIgniter\CodeIgniter->run()
#5 C:\Users\vinic\Documents\SN\portal_alunos\system\Commands\Server\rewrite.php(43): require_once('C:\\Users\\vinic\\...')
#6 {main}
CRITICAL - 2022-07-20 08:01:33 --> Undefined property: App\Controllers\Dados::$gestorModel
#0 C:\Users\vinic\Documents\SN\portal_alunos\app\Controllers\Dados.php(13): CodeIgniter\Debug\Exceptions->errorHandler(8, 'Undefined prope...', 'C:\\Users\\vinic\\...', 13, Array)
#1 C:\Users\vinic\Documents\SN\portal_alunos\system\CodeIgniter.php(832): App\Controllers\Dados->index()
#2 C:\Users\vinic\Documents\SN\portal_alunos\system\CodeIgniter.php(419): CodeIgniter\CodeIgniter->runController(Object(App\Controllers\Dados))
#3 C:\Users\vinic\Documents\SN\portal_alunos\system\CodeIgniter.php(326): CodeIgniter\CodeIgniter->handleRequest(NULL, Object(Config\Cache), false)
#4 C:\Users\vinic\Documents\SN\portal_alunos\public\index.php(37): CodeIgniter\CodeIgniter->run()
#5 C:\Users\vinic\Documents\SN\portal_alunos\system\Commands\Server\rewrite.php(43): require_once('C:\\Users\\vinic\\...')
#6 {main}
ERROR - 2022-07-20 08:30:38 --> Unknown column 'updated_at' in 'field list'
CRITICAL - 2022-07-20 08:30:38 --> Unknown column 'updated_at' in 'field list'
#0 C:\Users\vinic\Documents\SN\portal_alunos\system\Database\MySQLi\Connection.php(292): mysqli->query('INSERT INTO `al...', 0)
#1 C:\Users\vinic\Documents\SN\portal_alunos\system\Database\BaseConnection.php(670): CodeIgniter\Database\MySQLi\Connection->execute('INSERT INTO `al...')
#2 C:\Users\vinic\Documents\SN\portal_alunos\system\Database\BaseConnection.php(598): CodeIgniter\Database\BaseConnection->simpleQuery('INSERT INTO `al...')
#3 C:\Users\vinic\Documents\SN\portal_alunos\system\Database\BaseBuilder.php(1771): CodeIgniter\Database\BaseConnection->query('INSERT INTO `al...', Array, false)
#4 C:\Users\vinic\Documents\SN\portal_alunos\system\Model.php(239): CodeIgniter\Database\BaseBuilder->insert()
#5 C:\Users\vinic\Documents\SN\portal_alunos\system\BaseModel.php(738): CodeIgniter\Model->doInsert(Array)
#6 C:\Users\vinic\Documents\SN\portal_alunos\system\Model.php(625): CodeIgniter\BaseModel->insert(Array, true)
#7 C:\Users\vinic\Documents\SN\portal_alunos\app\Models\AlunoModel.php(76): CodeIgniter\Model->insert(Array)
#8 C:\Users\vinic\Documents\SN\portal_alunos\app\Controllers\Cadastro.php(42): App\Models\AlunoModel->novoAluno('teste', '1414-12-10', 16)
#9 C:\Users\vinic\Documents\SN\portal_alunos\system\CodeIgniter.php(832): App\Controllers\Cadastro->novoCadastro()
#10 C:\Users\vinic\Documents\SN\portal_alunos\system\CodeIgniter.php(419): CodeIgniter\CodeIgniter->runController(Object(App\Controllers\Cadastro))
#11 C:\Users\vinic\Documents\SN\portal_alunos\system\CodeIgniter.php(326): CodeIgniter\CodeIgniter->handleRequest(NULL, Object(Config\Cache), false)
#12 C:\Users\vinic\Documents\SN\portal_alunos\public\index.php(37): CodeIgniter\CodeIgniter->run()
#13 C:\Users\vinic\Documents\SN\portal_alunos\system\Commands\Server\rewrite.php(43): require_once('C:\\Users\\vinic\\...')
#14 {main}
ERROR - 2022-07-20 08:33:34 --> Unknown column 'data_matricula' in 'field list'
CRITICAL - 2022-07-20 08:33:34 --> Unknown column 'data_matricula' in 'field list'
#0 C:\Users\vinic\Documents\SN\portal_alunos\system\Database\MySQLi\Connection.php(292): mysqli->query('INSERT INTO `al...', 0)
#1 C:\Users\vinic\Documents\SN\portal_alunos\system\Database\BaseConnection.php(670): CodeIgniter\Database\MySQLi\Connection->execute('INSERT INTO `al...')
#2 C:\Users\vinic\Documents\SN\portal_alunos\system\Database\BaseConnection.php(598): CodeIgniter\Database\BaseConnection->simpleQuery('INSERT INTO `al...')
#3 C:\Users\vinic\Documents\SN\portal_alunos\system\Database\BaseBuilder.php(1771): CodeIgniter\Database\BaseConnection->query('INSERT INTO `al...', Array, false)
#4 C:\Users\vinic\Documents\SN\portal_alunos\system\Model.php(239): CodeIgniter\Database\BaseBuilder->insert()
#5 C:\Users\vinic\Documents\SN\portal_alunos\system\BaseModel.php(738): CodeIgniter\Model->doInsert(Array)
#6 C:\Users\vinic\Documents\SN\portal_alunos\system\Model.php(625): CodeIgniter\BaseModel->insert(Array, true)
#7 C:\Users\vinic\Documents\SN\portal_alunos\app\Models\AlunoModel.php(76): CodeIgniter\Model->insert(Array)
#8 C:\Users\vinic\Documents\SN\portal_alunos\app\Controllers\Cadastro.php(42): App\Models\AlunoModel->novoAluno('teste', '1414-12-10', 18)
#9 C:\Users\vinic\Documents\SN\portal_alunos\system\CodeIgniter.php(832): App\Controllers\Cadastro->novoCadastro()
#10 C:\Users\vinic\Documents\SN\portal_alunos\system\CodeIgniter.php(419): CodeIgniter\CodeIgniter->runController(Object(App\Controllers\Cadastro))
#11 C:\Users\vinic\Documents\SN\portal_alunos\system\CodeIgniter.php(326): CodeIgniter\CodeIgniter->handleRequest(NULL, Object(Config\Cache), false)
#12 C:\Users\vinic\Documents\SN\portal_alunos\public\index.php(37): CodeIgniter\CodeIgniter->run()
#13 C:\Users\vinic\Documents\SN\portal_alunos\system\Commands\Server\rewrite.php(43): require_once('C:\\Users\\vinic\\...')
#14 {main}
CRITICAL - 2022-07-20 08:45:44 --> Undefined variable: alunos
#0 C:\Users\vinic\Documents\SN\portal_alunos\app\Views\dados\index.php(17): CodeIgniter\Debug\Exceptions->errorHandler(8, 'Undefined varia...', 'C:\\Users\\vinic\\...', 17, Array)
#1 C:\Users\vinic\Documents\SN\portal_alunos\system\View\View.php(210): include('C:\\Users\\vinic\\...')
#2 C:\Users\vinic\Documents\SN\portal_alunos\system\View\View.php(213): CodeIgniter\View\View->CodeIgniter\View\{closure}()
#3 C:\Users\vinic\Documents\SN\portal_alunos\system\Common.php(1089): CodeIgniter\View\View->render('dados\\index', Array, true)
#4 C:\Users\vinic\Documents\SN\portal_alunos\app\Controllers\Dados.php(26): view('dados\\index', Array)
#5 C:\Users\vinic\Documents\SN\portal_alunos\system\CodeIgniter.php(832): App\Controllers\Dados->index()
#6 C:\Users\vinic\Documents\SN\portal_alunos\system\CodeIgniter.php(419): CodeIgniter\CodeIgniter->runController(Object(App\Controllers\Dados))
#7 C:\Users\vinic\Documents\SN\portal_alunos\system\CodeIgniter.php(326): CodeIgniter\CodeIgniter->handleRequest(NULL, Object(Config\Cache), false)
#8 C:\Users\vinic\Documents\SN\portal_alunos\public\index.php(37): CodeIgniter\CodeIgniter->run()
#9 C:\Users\vinic\Documents\SN\portal_alunos\system\Commands\Server\rewrite.php(43): require_once('C:\\Users\\vinic\\...')
#10 {main}
CRITICAL - 2022-07-20 09:44:48 --> Undefined index: data_nascimento
#0 C:\Users\vinic\Documents\SN\portal_alunos\app\Views\dados\professores.php(34): CodeIgniter\Debug\Exceptions->errorHandler(8, 'Undefined index...', 'C:\\Users\\vinic\\...', 34, Array)
#1 C:\Users\vinic\Documents\SN\portal_alunos\system\View\View.php(210): include('C:\\Users\\vinic\\...')
#2 C:\Users\vinic\Documents\SN\portal_alunos\system\View\View.php(213): CodeIgniter\View\View->CodeIgniter\View\{closure}()
#3 C:\Users\vinic\Documents\SN\portal_alunos\system\Common.php(1089): CodeIgniter\View\View->render('dados\\professor...', Array, true)
#4 C:\Users\vinic\Documents\SN\portal_alunos\app\Controllers\Dados.php(60): view('dados\\professor...', Array)
#5 C:\Users\vinic\Documents\SN\portal_alunos\system\CodeIgniter.php(832): App\Controllers\Dados->tabelaProfessores()
#6 C:\Users\vinic\Documents\SN\portal_alunos\system\CodeIgniter.php(419): CodeIgniter\CodeIgniter->runController(Object(App\Controllers\Dados))
#7 C:\Users\vinic\Documents\SN\portal_alunos\system\CodeIgniter.php(326): CodeIgniter\CodeIgniter->handleRequest(NULL, Object(Config\Cache), false)
#8 C:\Users\vinic\Documents\SN\portal_alunos\public\index.php(37): CodeIgniter\CodeIgniter->run()
#9 C:\Users\vinic\Documents\SN\portal_alunos\system\Commands\Server\rewrite.php(43): require_once('C:\\Users\\vinic\\...')
#10 {main}
CRITICAL - 2022-07-20 12:02:38 --> Call to undefined method App\Models\ProfessorModel::getAllDisciplinas
#0 C:\Users\vinic\Documents\SN\portal_alunos\app\Controllers\Dados.php(73): CodeIgniter\Model->__call('getAllDisciplin...', Array)
#1 C:\Users\vinic\Documents\SN\portal_alunos\system\CodeIgniter.php(832): App\Controllers\Dados->tabelaDisciplinas()
#2 C:\Users\vinic\Documents\SN\portal_alunos\system\CodeIgniter.php(419): CodeIgniter\CodeIgniter->runController(Object(App\Controllers\Dados))
#3 C:\Users\vinic\Documents\SN\portal_alunos\system\CodeIgniter.php(326): CodeIgniter\CodeIgniter->handleRequest(NULL, Object(Config\Cache), false)
#4 C:\Users\vinic\Documents\SN\portal_alunos\public\index.php(37): CodeIgniter\CodeIgniter->run()
#5 C:\Users\vinic\Documents\SN\portal_alunos\system\Commands\Server\rewrite.php(43): require_once('C:\\Users\\vinic\\...')
#6 {main}
CRITICAL - 2022-07-20 12:02:57 --> Undefined variable: professores
#0 C:\Users\vinic\Documents\SN\portal_alunos\app\Views\dados\professores.php(30): CodeIgniter\Debug\Exceptions->errorHandler(8, 'Undefined varia...', 'C:\\Users\\vinic\\...', 30, Array)
#1 C:\Users\vinic\Documents\SN\portal_alunos\system\View\View.php(210): include('C:\\Users\\vinic\\...')
#2 C:\Users\vinic\Documents\SN\portal_alunos\system\View\View.php(213): CodeIgniter\View\View->CodeIgniter\View\{closure}()
#3 C:\Users\vinic\Documents\SN\portal_alunos\system\Common.php(1089): CodeIgniter\View\View->render('dados\\professor...', Array, true)
#4 C:\Users\vinic\Documents\SN\portal_alunos\app\Controllers\Dados.php(75): view('dados\\professor...', Array)
#5 C:\Users\vinic\Documents\SN\portal_alunos\system\CodeIgniter.php(832): App\Controllers\Dados->tabelaDisciplinas()
#6 C:\Users\vinic\Documents\SN\portal_alunos\system\CodeIgniter.php(419): CodeIgniter\CodeIgniter->runController(Object(App\Controllers\Dados))
#7 C:\Users\vinic\Documents\SN\portal_alunos\system\CodeIgniter.php(326): CodeIgniter\CodeIgniter->handleRequest(NULL, Object(Config\Cache), false)
#8 C:\Users\vinic\Documents\SN\portal_alunos\public\index.php(37): CodeIgniter\CodeIgniter->run()
#9 C:\Users\vinic\Documents\SN\portal_alunos\system\Commands\Server\rewrite.php(43): require_once('C:\\Users\\vinic\\...')
#10 {main}
CRITICAL - 2022-07-20 12:04:28 --> Undefined variable: professores
#0 C:\Users\vinic\Documents\SN\portal_alunos\app\Views\dados\professores.php(30): CodeIgniter\Debug\Exceptions->errorHandler(8, 'Undefined varia...', 'C:\\Users\\vinic\\...', 30, Array)
#1 C:\Users\vinic\Documents\SN\portal_alunos\system\View\View.php(210): include('C:\\Users\\vinic\\...')
#2 C:\Users\vinic\Documents\SN\portal_alunos\system\View\View.php(213): CodeIgniter\View\View->CodeIgniter\View\{closure}()
#3 C:\Users\vinic\Documents\SN\portal_alunos\system\Common.php(1089): CodeIgniter\View\View->render('dados\\professor...', Array, true)
#4 C:\Users\vinic\Documents\SN\portal_alunos\app\Controllers\Dados.php(75): view('dados\\professor...', Array)
#5 C:\Users\vinic\Documents\SN\portal_alunos\system\CodeIgniter.php(832): App\Controllers\Dados->tabelaDisciplinas()
#6 C:\Users\vinic\Documents\SN\portal_alunos\system\CodeIgniter.php(419): CodeIgniter\CodeIgniter->runController(Object(App\Controllers\Dados))
#7 C:\Users\vinic\Documents\SN\portal_alunos\system\CodeIgniter.php(326): CodeIgniter\CodeIgniter->handleRequest(NULL, Object(Config\Cache), false)
#8 C:\Users\vinic\Documents\SN\portal_alunos\public\index.php(37): CodeIgniter\CodeIgniter->run()
#9 C:\Users\vinic\Documents\SN\portal_alunos\system\Commands\Server\rewrite.php(43): require_once('C:\\Users\\vinic\\...')
#10 {main}
CRITICAL - 2022-07-20 12:04:29 --> Undefined variable: professores
#0 C:\Users\vinic\Documents\SN\portal_alunos\app\Views\dados\professores.php(30): CodeIgniter\Debug\Exceptions->errorHandler(8, 'Undefined varia...', 'C:\\Users\\vinic\\...', 30, Array)
#1 C:\Users\vinic\Documents\SN\portal_alunos\system\View\View.php(210): include('C:\\Users\\vinic\\...')
#2 C:\Users\vinic\Documents\SN\portal_alunos\system\View\View.php(213): CodeIgniter\View\View->CodeIgniter\View\{closure}()
#3 C:\Users\vinic\Documents\SN\portal_alunos\system\Common.php(1089): CodeIgniter\View\View->render('dados\\professor...', Array, true)
#4 C:\Users\vinic\Documents\SN\portal_alunos\app\Controllers\Dados.php(75): view('dados\\professor...', Array)
#5 C:\Users\vinic\Documents\SN\portal_alunos\system\CodeIgniter.php(832): App\Controllers\Dados->tabelaDisciplinas()
#6 C:\Users\vinic\Documents\SN\portal_alunos\system\CodeIgniter.php(419): CodeIgniter\CodeIgniter->runController(Object(App\Controllers\Dados))
#7 C:\Users\vinic\Documents\SN\portal_alunos\system\CodeIgniter.php(326): CodeIgniter\CodeIgniter->handleRequest(NULL, Object(Config\Cache), false)
#8 C:\Users\vinic\Documents\SN\portal_alunos\public\index.php(37): CodeIgniter\CodeIgniter->run()
#9 C:\Users\vinic\Documents\SN\portal_alunos\system\Commands\Server\rewrite.php(43): require_once('C:\\Users\\vinic\\...')
#10 {main}
CRITICAL - 2022-07-20 12:04:45 --> Undefined index: matricula
#0 C:\Users\vinic\Documents\SN\portal_alunos\app\Views\dados\disciplinas.php(33): CodeIgniter\Debug\Exceptions->errorHandler(8, 'Undefined index...', 'C:\\Users\\vinic\\...', 33, Array)
#1 C:\Users\vinic\Documents\SN\portal_alunos\system\View\View.php(210): include('C:\\Users\\vinic\\...')
#2 C:\Users\vinic\Documents\SN\portal_alunos\system\View\View.php(213): CodeIgniter\View\View->CodeIgniter\View\{closure}()
#3 C:\Users\vinic\Documents\SN\portal_alunos\system\Common.php(1089): CodeIgniter\View\View->render('dados\\disciplin...', Array, true)
#4 C:\Users\vinic\Documents\SN\portal_alunos\app\Controllers\Dados.php(75): view('dados\\disciplin...', Array)
#5 C:\Users\vinic\Documents\SN\portal_alunos\system\CodeIgniter.php(832): App\Controllers\Dados->tabelaDisciplinas()
#6 C:\Users\vinic\Documents\SN\portal_alunos\system\CodeIgniter.php(419): CodeIgniter\CodeIgniter->runController(Object(App\Controllers\Dados))
#7 C:\Users\vinic\Documents\SN\portal_alunos\system\CodeIgniter.php(326): CodeIgniter\CodeIgniter->handleRequest(NULL, Object(Config\Cache), false)
#8 C:\Users\vinic\Documents\SN\portal_alunos\public\index.php(37): CodeIgniter\CodeIgniter->run()
#9 C:\Users\vinic\Documents\SN\portal_alunos\system\Commands\Server\rewrite.php(43): require_once('C:\\Users\\vinic\\...')
#10 {main}
CRITICAL - 2022-07-20 12:05:37 --> Undefined index: email
#0 C:\Users\vinic\Documents\SN\portal_alunos\app\Views\dados\disciplinas.php(35): CodeIgniter\Debug\Exceptions->errorHandler(8, 'Undefined index...', 'C:\\Users\\vinic\\...', 35, Array)
#1 C:\Users\vinic\Documents\SN\portal_alunos\system\View\View.php(210): include('C:\\Users\\vinic\\...')
#2 C:\Users\vinic\Documents\SN\portal_alunos\system\View\View.php(213): CodeIgniter\View\View->CodeIgniter\View\{closure}()
#3 C:\Users\vinic\Documents\SN\portal_alunos\system\Common.php(1089): CodeIgniter\View\View->render('dados\\disciplin...', Array, true)
#4 C:\Users\vinic\Documents\SN\portal_alunos\app\Controllers\Dados.php(75): view('dados\\disciplin...', Array)
#5 C:\Users\vinic\Documents\SN\portal_alunos\system\CodeIgniter.php(832): App\Controllers\Dados->tabelaDisciplinas()
#6 C:\Users\vinic\Documents\SN\portal_alunos\system\CodeIgniter.php(419): CodeIgniter\CodeIgniter->runController(Object(App\Controllers\Dados))
#7 C:\Users\vinic\Documents\SN\portal_alunos\system\CodeIgniter.php(326): CodeIgniter\CodeIgniter->handleRequest(NULL, Object(Config\Cache), false)
#8 C:\Users\vinic\Documents\SN\portal_alunos\public\index.php(37): CodeIgniter\CodeIgniter->run()
#9 C:\Users\vinic\Documents\SN\portal_alunos\system\Commands\Server\rewrite.php(43): require_once('C:\\Users\\vinic\\...')
#10 {main}
CRITICAL - 2022-07-20 12:06:44 --> Undefined index: email
#0 C:\Users\vinic\Documents\SN\portal_alunos\app\Views\dados\disciplinas.php(35): CodeIgniter\Debug\Exceptions->errorHandler(8, 'Undefined index...', 'C:\\Users\\vinic\\...', 35, Array)
#1 C:\Users\vinic\Documents\SN\portal_alunos\system\View\View.php(210): include('C:\\Users\\vinic\\...')
#2 C:\Users\vinic\Documents\SN\portal_alunos\system\View\View.php(213): CodeIgniter\View\View->CodeIgniter\View\{closure}()
#3 C:\Users\vinic\Documents\SN\portal_alunos\system\Common.php(1089): CodeIgniter\View\View->render('dados\\disciplin...', Array, true)
#4 C:\Users\vinic\Documents\SN\portal_alunos\app\Controllers\Dados.php(75): view('dados\\disciplin...', Array)
#5 C:\Users\vinic\Documents\SN\portal_alunos\system\CodeIgniter.php(832): App\Controllers\Dados->tabelaDisciplinas()
#6 C:\Users\vinic\Documents\SN\portal_alunos\system\CodeIgniter.php(419): CodeIgniter\CodeIgniter->runController(Object(App\Controllers\Dados))
#7 C:\Users\vinic\Documents\SN\portal_alunos\system\CodeIgniter.php(326): CodeIgniter\CodeIgniter->handleRequest(NULL, Object(Config\Cache), false)
#8 C:\Users\vinic\Documents\SN\portal_alunos\public\index.php(37): CodeIgniter\CodeIgniter->run()
#9 C:\Users\vinic\Documents\SN\portal_alunos\system\Commands\Server\rewrite.php(43): require_once('C:\\Users\\vinic\\...')
#10 {main}
CRITICAL - 2022-07-20 12:07:30 --> Undefined index: email
#0 C:\Users\vinic\Documents\SN\portal_alunos\app\Views\dados\disciplinas.php(35): CodeIgniter\Debug\Exceptions->errorHandler(8, 'Undefined index...', 'C:\\Users\\vinic\\...', 35, Array)
#1 C:\Users\vinic\Documents\SN\portal_alunos\system\View\View.php(210): include('C:\\Users\\vinic\\...')
#2 C:\Users\vinic\Documents\SN\portal_alunos\system\View\View.php(213): CodeIgniter\View\View->CodeIgniter\View\{closure}()
#3 C:\Users\vinic\Documents\SN\portal_alunos\system\Common.php(1089): CodeIgniter\View\View->render('dados\\disciplin...', Array, true)
#4 C:\Users\vinic\Documents\SN\portal_alunos\app\Controllers\Dados.php(75): view('dados\\disciplin...', Array)
#5 C:\Users\vinic\Documents\SN\portal_alunos\system\CodeIgniter.php(832): App\Controllers\Dados->tabelaDisciplinas()
#6 C:\Users\vinic\Documents\SN\portal_alunos\system\CodeIgniter.php(419): CodeIgniter\CodeIgniter->runController(Object(App\Controllers\Dados))
#7 C:\Users\vinic\Documents\SN\portal_alunos\system\CodeIgniter.php(326): CodeIgniter\CodeIgniter->handleRequest(NULL, Object(Config\Cache), false)
#8 C:\Users\vinic\Documents\SN\portal_alunos\public\index.php(37): CodeIgniter\CodeIgniter->run()
#9 C:\Users\vinic\Documents\SN\portal_alunos\system\Commands\Server\rewrite.php(43): require_once('C:\\Users\\vinic\\...')
#10 {main}
CRITICAL - 2022-07-20 12:08:24 --> Undefined index: professor
#0 C:\Users\vinic\Documents\SN\portal_alunos\app\Views\dados\disciplinas.php(35): CodeIgniter\Debug\Exceptions->errorHandler(8, 'Undefined index...', 'C:\\Users\\vinic\\...', 35, Array)
#1 C:\Users\vinic\Documents\SN\portal_alunos\system\View\View.php(210): include('C:\\Users\\vinic\\...')
#2 C:\Users\vinic\Documents\SN\portal_alunos\system\View\View.php(213): CodeIgniter\View\View->CodeIgniter\View\{closure}()
#3 C:\Users\vinic\Documents\SN\portal_alunos\system\Common.php(1089): CodeIgniter\View\View->render('dados\\disciplin...', Array, true)
#4 C:\Users\vinic\Documents\SN\portal_alunos\app\Controllers\Dados.php(75): view('dados\\disciplin...', Array)
#5 C:\Users\vinic\Documents\SN\portal_alunos\system\CodeIgniter.php(832): App\Controllers\Dados->tabelaDisciplinas()
#6 C:\Users\vinic\Documents\SN\portal_alunos\system\CodeIgniter.php(419): CodeIgniter\CodeIgniter->runController(Object(App\Controllers\Dados))
#7 C:\Users\vinic\Documents\SN\portal_alunos\system\CodeIgniter.php(326): CodeIgniter\CodeIgniter->handleRequest(NULL, Object(Config\Cache), false)
#8 C:\Users\vinic\Documents\SN\portal_alunos\public\index.php(37): CodeIgniter\CodeIgniter->run()
#9 C:\Users\vinic\Documents\SN\portal_alunos\system\Commands\Server\rewrite.php(43): require_once('C:\\Users\\vinic\\...')
#10 {main}
CRITICAL - 2022-07-20 13:12:43 --> Invalid file: dados\tabelaAlunos.php
#0 C:\Users\vinic\Documents\SN\portal_alunos\system\View\View.php(198): CodeIgniter\Exceptions\FrameworkException::forInvalidFile('dados\\tabelaAlu...')
#1 C:\Users\vinic\Documents\SN\portal_alunos\system\Common.php(1089): CodeIgniter\View\View->render('dados\\tabelaAlu...', Array, true)
#2 C:\Users\vinic\Documents\SN\portal_alunos\app\Controllers\Dados.php(45): view('dados\\tabelaAlu...', Array)
#3 C:\Users\vinic\Documents\SN\portal_alunos\system\CodeIgniter.php(832): App\Controllers\Dados->tabelaAlunos()
#4 C:\Users\vinic\Documents\SN\portal_alunos\system\CodeIgniter.php(419): CodeIgniter\CodeIgniter->runController(Object(App\Controllers\Dados))
#5 C:\Users\vinic\Documents\SN\portal_alunos\system\CodeIgniter.php(326): CodeIgniter\CodeIgniter->handleRequest(NULL, Object(Config\Cache), false)
#6 C:\Users\vinic\Documents\SN\portal_alunos\public\index.php(37): CodeIgniter\CodeIgniter->run()
#7 C:\Users\vinic\Documents\SN\portal_alunos\system\Commands\Server\rewrite.php(43): require_once('C:\\Users\\vinic\\...')
#8 {main}
CRITICAL - 2022-07-20 13:23:55 --> Undefined variable: disciplina
#0 C:\Users\vinic\Documents\SN\portal_alunos\app\Views\dados\datatable.php(90): CodeIgniter\Debug\Exceptions->errorHandler(8, 'Undefined varia...', 'C:\\Users\\vinic\\...', 90, Array)
#1 C:\Users\vinic\Documents\SN\portal_alunos\system\View\View.php(210): include('C:\\Users\\vinic\\...')
#2 C:\Users\vinic\Documents\SN\portal_alunos\system\View\View.php(213): CodeIgniter\View\View->CodeIgniter\View\{closure}()
#3 C:\Users\vinic\Documents\SN\portal_alunos\system\Common.php(1089): CodeIgniter\View\View->render('dados\\datatable', Array, true)
#4 C:\Users\vinic\Documents\SN\portal_alunos\app\Controllers\Dados.php(35): view('dados\\datatable', Array)
#5 C:\Users\vinic\Documents\SN\portal_alunos\system\CodeIgniter.php(832): App\Controllers\Dados->index()
#6 C:\Users\vinic\Documents\SN\portal_alunos\system\CodeIgniter.php(419): CodeIgniter\CodeIgniter->runController(Object(App\Controllers\Dados))
#7 C:\Users\vinic\Documents\SN\portal_alunos\system\CodeIgniter.php(326): CodeIgniter\CodeIgniter->handleRequest(NULL, Object(Config\Cache), false)
#8 C:\Users\vinic\Documents\SN\portal_alunos\public\index.php(37): CodeIgniter\CodeIgniter->run()
#9 C:\Users\vinic\Documents\SN\portal_alunos\system\Commands\Server\rewrite.php(43): require_once('C:\\Users\\vinic\\...')
#10 {main}
