CRITICAL - 2022-07-18 08:07:29 --> Undefined variable: professor
#0 C:\Users\vinic\Documents\SN\portal_alunos\app\Views\disciplinas\gestor.php(19): CodeIgniter\Debug\Exceptions->errorHandler(8, 'Undefined varia...', 'C:\\Users\\vinic\\...', 19, Array)
#1 C:\Users\vinic\Documents\SN\portal_alunos\system\View\View.php(210): include('C:\\Users\\vinic\\...')
#2 C:\Users\vinic\Documents\SN\portal_alunos\system\View\View.php(213): CodeIgniter\View\View->CodeIgniter\View\{closure}()
#3 C:\Users\vinic\Documents\SN\portal_alunos\system\Common.php(1089): CodeIgniter\View\View->render('disciplinas/ges...', Array, true)
#4 C:\Users\vinic\Documents\SN\portal_alunos\app\Controllers\Disciplinas.php(40): view('disciplinas/ges...', Array)
#5 C:\Users\vinic\Documents\SN\portal_alunos\system\CodeIgniter.php(832): App\Controllers\Disciplinas->index()
#6 C:\Users\vinic\Documents\SN\portal_alunos\system\CodeIgniter.php(419): CodeIgniter\CodeIgniter->runController(Object(App\Controllers\Disciplinas))
#7 C:\Users\vinic\Documents\SN\portal_alunos\system\CodeIgniter.php(326): CodeIgniter\CodeIgniter->handleRequest(NULL, Object(Config\Cache), false)
#8 C:\Users\vinic\Documents\SN\portal_alunos\public\index.php(37): CodeIgniter\CodeIgniter->run()
#9 C:\Users\vinic\Documents\SN\portal_alunos\system\Commands\Server\rewrite.php(43): require_once('C:\\Users\\vinic\\...')
#10 {main}
CRITICAL - 2022-07-18 08:19:19 --> Undefined index: id
#0 C:\Users\vinic\Documents\SN\portal_alunos\app\Views\disciplinas\gestor.php(11): CodeIgniter\Debug\Exceptions->errorHandler(8, 'Undefined index...', 'C:\\Users\\vinic\\...', 11, Array)
#1 C:\Users\vinic\Documents\SN\portal_alunos\system\View\View.php(210): include('C:\\Users\\vinic\\...')
#2 C:\Users\vinic\Documents\SN\portal_alunos\system\View\View.php(213): CodeIgniter\View\View->CodeIgniter\View\{closure}()
#3 C:\Users\vinic\Documents\SN\portal_alunos\system\Common.php(1089): CodeIgniter\View\View->render('disciplinas/ges...', Array, true)
#4 C:\Users\vinic\Documents\SN\portal_alunos\app\Controllers\Disciplinas.php(40): view('disciplinas/ges...', Array)
#5 C:\Users\vinic\Documents\SN\portal_alunos\system\CodeIgniter.php(832): App\Controllers\Disciplinas->index()
#6 C:\Users\vinic\Documents\SN\portal_alunos\system\CodeIgniter.php(419): CodeIgniter\CodeIgniter->runController(Object(App\Controllers\Disciplinas))
#7 C:\Users\vinic\Documents\SN\portal_alunos\system\CodeIgniter.php(326): CodeIgniter\CodeIgniter->handleRequest(NULL, Object(Config\Cache), false)
#8 C:\Users\vinic\Documents\SN\portal_alunos\public\index.php(37): CodeIgniter\CodeIgniter->run()
#9 C:\Users\vinic\Documents\SN\portal_alunos\system\Commands\Server\rewrite.php(43): require_once('C:\\Users\\vinic\\...')
#10 {main}
CRITICAL - 2022-07-18 08:23:30 --> syntax error, unexpected '}', expecting ';'
#0 C:\Users\vinic\Documents\SN\portal_alunos\system\Router\Router.php(175): CodeIgniter\Router\Router->autoRoute('disciplinas')
#1 C:\Users\vinic\Documents\SN\portal_alunos\system\CodeIgniter.php(726): CodeIgniter\Router\Router->handle('disciplinas')
#2 C:\Users\vinic\Documents\SN\portal_alunos\system\CodeIgniter.php(368): CodeIgniter\CodeIgniter->tryToRouteIt(Object(CodeIgniter\Router\RouteCollection))
#3 C:\Users\vinic\Documents\SN\portal_alunos\system\CodeIgniter.php(326): CodeIgniter\CodeIgniter->handleRequest(NULL, Object(Config\Cache), false)
#4 C:\Users\vinic\Documents\SN\portal_alunos\public\index.php(37): CodeIgniter\CodeIgniter->run()
#5 C:\Users\vinic\Documents\SN\portal_alunos\system\Commands\Server\rewrite.php(43): require_once('C:\\Users\\vinic\\...')
#6 {main}
CRITICAL - 2022-07-18 08:34:51 --> Undefined variable: disciplinas
#0 C:\Users\vinic\Documents\SN\portal_alunos\app\Views\disciplinas\professor.php(9): CodeIgniter\Debug\Exceptions->errorHandler(8, 'Undefined varia...', 'C:\\Users\\vinic\\...', 9, Array)
#1 C:\Users\vinic\Documents\SN\portal_alunos\system\View\View.php(210): include('C:\\Users\\vinic\\...')
#2 C:\Users\vinic\Documents\SN\portal_alunos\system\View\View.php(213): CodeIgniter\View\View->CodeIgniter\View\{closure}()
#3 C:\Users\vinic\Documents\SN\portal_alunos\system\Common.php(1089): CodeIgniter\View\View->render('disciplinas/pro...', Array, true)
#4 C:\Users\vinic\Documents\SN\portal_alunos\app\Controllers\Disciplinas.php(35): view('disciplinas/pro...', Array)
#5 C:\Users\vinic\Documents\SN\portal_alunos\system\CodeIgniter.php(832): App\Controllers\Disciplinas->index()
#6 C:\Users\vinic\Documents\SN\portal_alunos\system\CodeIgniter.php(419): CodeIgniter\CodeIgniter->runController(Object(App\Controllers\Disciplinas))
#7 C:\Users\vinic\Documents\SN\portal_alunos\system\CodeIgniter.php(326): CodeIgniter\CodeIgniter->handleRequest(NULL, Object(Config\Cache), false)
#8 C:\Users\vinic\Documents\SN\portal_alunos\public\index.php(37): CodeIgniter\CodeIgniter->run()
#9 C:\Users\vinic\Documents\SN\portal_alunos\system\Commands\Server\rewrite.php(43): require_once('C:\\Users\\vinic\\...')
#10 {main}
ERROR - 2022-07-18 08:41:06 --> Unknown column 'professor-id' in 'where clause'
CRITICAL - 2022-07-18 08:41:06 --> Unknown column 'professor-id' in 'where clause'
#0 C:\Users\vinic\Documents\SN\portal_alunos\system\Database\MySQLi\Connection.php(292): mysqli->query('SELECT *\nFROM `...', 0)
#1 C:\Users\vinic\Documents\SN\portal_alunos\system\Database\BaseConnection.php(670): CodeIgniter\Database\MySQLi\Connection->execute('SELECT *\nFROM `...')
#2 C:\Users\vinic\Documents\SN\portal_alunos\system\Database\BaseConnection.php(598): CodeIgniter\Database\BaseConnection->simpleQuery('SELECT *\nFROM `...')
#3 C:\Users\vinic\Documents\SN\portal_alunos\system\Database\BaseBuilder.php(1455): CodeIgniter\Database\BaseConnection->query('SELECT *\nFROM `...', Array, false)
#4 C:\Users\vinic\Documents\SN\portal_alunos\system\Model.php(728): CodeIgniter\Database\BaseBuilder->get()
#5 C:\Users\vinic\Documents\SN\portal_alunos\app\Models\DisciplinaModel.php(115): CodeIgniter\Model->__call('get', Array)
#6 C:\Users\vinic\Documents\SN\portal_alunos\app\Controllers\Disciplinas.php(35): App\Models\DisciplinaModel->disciplinasSemProfessor()
#7 C:\Users\vinic\Documents\SN\portal_alunos\system\CodeIgniter.php(832): App\Controllers\Disciplinas->index()
#8 C:\Users\vinic\Documents\SN\portal_alunos\system\CodeIgniter.php(419): CodeIgniter\CodeIgniter->runController(Object(App\Controllers\Disciplinas))
#9 C:\Users\vinic\Documents\SN\portal_alunos\system\CodeIgniter.php(326): CodeIgniter\CodeIgniter->handleRequest(NULL, Object(Config\Cache), false)
#10 C:\Users\vinic\Documents\SN\portal_alunos\public\index.php(37): CodeIgniter\CodeIgniter->run()
#11 C:\Users\vinic\Documents\SN\portal_alunos\system\Commands\Server\rewrite.php(43): require_once('C:\\Users\\vinic\\...')
#12 {main}
CRITICAL - 2022-07-18 08:41:20 --> Undefined variable: professor
#0 C:\Users\vinic\Documents\SN\portal_alunos\app\Views\disciplinas\professor.php(20): CodeIgniter\Debug\Exceptions->errorHandler(8, 'Undefined varia...', 'C:\\Users\\vinic\\...', 20, Array)
#1 C:\Users\vinic\Documents\SN\portal_alunos\system\View\View.php(210): include('C:\\Users\\vinic\\...')
#2 C:\Users\vinic\Documents\SN\portal_alunos\system\View\View.php(213): CodeIgniter\View\View->CodeIgniter\View\{closure}()
#3 C:\Users\vinic\Documents\SN\portal_alunos\system\Common.php(1089): CodeIgniter\View\View->render('disciplinas/pro...', Array, true)
#4 C:\Users\vinic\Documents\SN\portal_alunos\app\Controllers\Disciplinas.php(40): view('disciplinas/pro...', Array)
#5 C:\Users\vinic\Documents\SN\portal_alunos\system\CodeIgniter.php(832): App\Controllers\Disciplinas->index()
#6 C:\Users\vinic\Documents\SN\portal_alunos\system\CodeIgniter.php(419): CodeIgniter\CodeIgniter->runController(Object(App\Controllers\Disciplinas))
#7 C:\Users\vinic\Documents\SN\portal_alunos\system\CodeIgniter.php(326): CodeIgniter\CodeIgniter->handleRequest(NULL, Object(Config\Cache), false)
#8 C:\Users\vinic\Documents\SN\portal_alunos\public\index.php(37): CodeIgniter\CodeIgniter->run()
#9 C:\Users\vinic\Documents\SN\portal_alunos\system\Commands\Server\rewrite.php(43): require_once('C:\\Users\\vinic\\...')
#10 {main}
CRITICAL - 2022-07-18 09:20:31 --> Undefined index: nome
#0 C:\Users\vinic\Documents\SN\portal_alunos\app\Views\disciplinas\professor.php(13): CodeIgniter\Debug\Exceptions->errorHandler(8, 'Undefined index...', 'C:\\Users\\vinic\\...', 13, Array)
#1 C:\Users\vinic\Documents\SN\portal_alunos\system\View\View.php(210): include('C:\\Users\\vinic\\...')
#2 C:\Users\vinic\Documents\SN\portal_alunos\system\View\View.php(213): CodeIgniter\View\View->CodeIgniter\View\{closure}()
#3 C:\Users\vinic\Documents\SN\portal_alunos\system\Common.php(1089): CodeIgniter\View\View->render('disciplinas/pro...', Array, true)
#4 C:\Users\vinic\Documents\SN\portal_alunos\app\Controllers\Disciplinas.php(38): view('disciplinas/pro...', Array)
#5 C:\Users\vinic\Documents\SN\portal_alunos\system\CodeIgniter.php(832): App\Controllers\Disciplinas->index()
#6 C:\Users\vinic\Documents\SN\portal_alunos\system\CodeIgniter.php(419): CodeIgniter\CodeIgniter->runController(Object(App\Controllers\Disciplinas))
#7 C:\Users\vinic\Documents\SN\portal_alunos\system\CodeIgniter.php(326): CodeIgniter\CodeIgniter->handleRequest(NULL, Object(Config\Cache), false)
#8 C:\Users\vinic\Documents\SN\portal_alunos\public\index.php(37): CodeIgniter\CodeIgniter->run()
#9 C:\Users\vinic\Documents\SN\portal_alunos\system\Commands\Server\rewrite.php(43): require_once('C:\\Users\\vinic\\...')
#10 {main}
CRITICAL - 2022-07-18 09:56:36 --> The behavior of unparenthesized expressions containing both '.' and '+'/'-' will change in PHP 8: '+'/'-' will take a higher precedence
#0 C:\Users\vinic\Documents\SN\portal_alunos\system\View\View.php(210): CodeIgniter\Debug\Exceptions->errorHandler(8192, 'The behavior of...', 'C:\\Users\\vinic\\...', 12, Array)
#1 C:\Users\vinic\Documents\SN\portal_alunos\system\View\View.php(210): include()
#2 C:\Users\vinic\Documents\SN\portal_alunos\system\View\View.php(213): CodeIgniter\View\View->CodeIgniter\View\{closure}()
#3 C:\Users\vinic\Documents\SN\portal_alunos\system\Common.php(1089): CodeIgniter\View\View->render('disciplinas/pro...', Array, true)
#4 C:\Users\vinic\Documents\SN\portal_alunos\app\Controllers\Disciplinas.php(38): view('disciplinas/pro...', Array)
#5 C:\Users\vinic\Documents\SN\portal_alunos\system\CodeIgniter.php(832): App\Controllers\Disciplinas->index()
#6 C:\Users\vinic\Documents\SN\portal_alunos\system\CodeIgniter.php(419): CodeIgniter\CodeIgniter->runController(Object(App\Controllers\Disciplinas))
#7 C:\Users\vinic\Documents\SN\portal_alunos\system\CodeIgniter.php(326): CodeIgniter\CodeIgniter->handleRequest(NULL, Object(Config\Cache), false)
#8 C:\Users\vinic\Documents\SN\portal_alunos\public\index.php(37): CodeIgniter\CodeIgniter->run()
#9 C:\Users\vinic\Documents\SN\portal_alunos\system\Commands\Server\rewrite.php(43): require_once('C:\\Users\\vinic\\...')
#10 {main}
CRITICAL - 2022-07-18 12:00:37 --> syntax error, unexpected '}', expecting ';'
#0 C:\Users\vinic\Documents\SN\portal_alunos\system\Router\Router.php(175): CodeIgniter\Router\Router->autoRoute('disciplinas')
#1 C:\Users\vinic\Documents\SN\portal_alunos\system\CodeIgniter.php(726): CodeIgniter\Router\Router->handle('disciplinas')
#2 C:\Users\vinic\Documents\SN\portal_alunos\system\CodeIgniter.php(368): CodeIgniter\CodeIgniter->tryToRouteIt(Object(CodeIgniter\Router\RouteCollection))
#3 C:\Users\vinic\Documents\SN\portal_alunos\system\CodeIgniter.php(326): CodeIgniter\CodeIgniter->handleRequest(NULL, Object(Config\Cache), false)
#4 C:\Users\vinic\Documents\SN\portal_alunos\public\index.php(37): CodeIgniter\CodeIgniter->run()
#5 C:\Users\vinic\Documents\SN\portal_alunos\system\Commands\Server\rewrite.php(43): require_once('C:\\Users\\vinic\\...')
#6 {main}
CRITICAL - 2022-07-18 12:26:52 --> Undefined variable: disciplinasLivres
#0 C:\Users\vinic\Documents\SN\portal_alunos\app\Views\disciplinas\aluno.php(11): CodeIgniter\Debug\Exceptions->errorHandler(8, 'Undefined varia...', 'C:\\Users\\vinic\\...', 11, Array)
#1 C:\Users\vinic\Documents\SN\portal_alunos\system\View\View.php(210): include('C:\\Users\\vinic\\...')
#2 C:\Users\vinic\Documents\SN\portal_alunos\system\View\View.php(213): CodeIgniter\View\View->CodeIgniter\View\{closure}()
#3 C:\Users\vinic\Documents\SN\portal_alunos\system\Common.php(1089): CodeIgniter\View\View->render('disciplinas/alu...', Array, true)
#4 C:\Users\vinic\Documents\SN\portal_alunos\app\Controllers\Disciplinas.php(32): view('disciplinas/alu...', Array)
#5 C:\Users\vinic\Documents\SN\portal_alunos\system\CodeIgniter.php(832): App\Controllers\Disciplinas->index()
#6 C:\Users\vinic\Documents\SN\portal_alunos\system\CodeIgniter.php(419): CodeIgniter\CodeIgniter->runController(Object(App\Controllers\Disciplinas))
#7 C:\Users\vinic\Documents\SN\portal_alunos\system\CodeIgniter.php(326): CodeIgniter\CodeIgniter->handleRequest(NULL, Object(Config\Cache), false)
#8 C:\Users\vinic\Documents\SN\portal_alunos\public\index.php(37): CodeIgniter\CodeIgniter->run()
#9 C:\Users\vinic\Documents\SN\portal_alunos\system\Commands\Server\rewrite.php(43): require_once('C:\\Users\\vinic\\...')
#10 {main}
ERROR - 2022-07-18 12:47:05 --> Table 'ap.alunoinscritodisciplinas' doesn't exist
CRITICAL - 2022-07-18 12:47:05 --> Table 'ap.alunoinscritodisciplinas' doesn't exist
#0 C:\Users\vinic\Documents\SN\portal_alunos\system\Database\MySQLi\Connection.php(292): mysqli->query('SELECT `codigo`...', 0)
#1 C:\Users\vinic\Documents\SN\portal_alunos\system\Database\BaseConnection.php(670): CodeIgniter\Database\MySQLi\Connection->execute('SELECT `codigo`...')
#2 C:\Users\vinic\Documents\SN\portal_alunos\system\Database\BaseConnection.php(598): CodeIgniter\Database\BaseConnection->simpleQuery('SELECT `codigo`...')
#3 C:\Users\vinic\Documents\SN\portal_alunos\system\Database\BaseBuilder.php(1455): CodeIgniter\Database\BaseConnection->query('SELECT `codigo`...', Array, false)
#4 C:\Users\vinic\Documents\SN\portal_alunos\system\Model.php(728): CodeIgniter\Database\BaseBuilder->get()
#5 C:\Users\vinic\Documents\SN\portal_alunos\app\Models\AlunoInscritoDisciplinaModel.php(54): CodeIgniter\Model->__call('get', Array)
#6 C:\Users\vinic\Documents\SN\portal_alunos\app\Controllers\Disciplinas.php(36): App\Models\AlunoInscritoDisciplinaModel->getCodigoDisciplinasByAluno('37')
#7 C:\Users\vinic\Documents\SN\portal_alunos\system\CodeIgniter.php(832): App\Controllers\Disciplinas->index()
#8 C:\Users\vinic\Documents\SN\portal_alunos\system\CodeIgniter.php(419): CodeIgniter\CodeIgniter->runController(Object(App\Controllers\Disciplinas))
#9 C:\Users\vinic\Documents\SN\portal_alunos\system\CodeIgniter.php(326): CodeIgniter\CodeIgniter->handleRequest(NULL, Object(Config\Cache), false)
#10 C:\Users\vinic\Documents\SN\portal_alunos\public\index.php(37): CodeIgniter\CodeIgniter->run()
#11 C:\Users\vinic\Documents\SN\portal_alunos\system\Commands\Server\rewrite.php(43): require_once('C:\\Users\\vinic\\...')
#12 {main}
ERROR - 2022-07-18 12:47:24 --> Table 'ap.aluno_inscrito_disciplina' doesn't exist
CRITICAL - 2022-07-18 12:47:24 --> Table 'ap.aluno_inscrito_disciplina' doesn't exist
#0 C:\Users\vinic\Documents\SN\portal_alunos\system\Database\MySQLi\Connection.php(292): mysqli->query('SELECT `codigo`...', 0)
#1 C:\Users\vinic\Documents\SN\portal_alunos\system\Database\BaseConnection.php(670): CodeIgniter\Database\MySQLi\Connection->execute('SELECT `codigo`...')
#2 C:\Users\vinic\Documents\SN\portal_alunos\system\Database\BaseConnection.php(598): CodeIgniter\Database\BaseConnection->simpleQuery('SELECT `codigo`...')
#3 C:\Users\vinic\Documents\SN\portal_alunos\system\Database\BaseBuilder.php(1455): CodeIgniter\Database\BaseConnection->query('SELECT `codigo`...', Array, false)
#4 C:\Users\vinic\Documents\SN\portal_alunos\system\Model.php(728): CodeIgniter\Database\BaseBuilder->get()
#5 C:\Users\vinic\Documents\SN\portal_alunos\app\Models\AlunoInscritoDisciplinaModel.php(54): CodeIgniter\Model->__call('get', Array)
#6 C:\Users\vinic\Documents\SN\portal_alunos\app\Controllers\Disciplinas.php(36): App\Models\AlunoInscritoDisciplinaModel->getCodigoDisciplinasByAluno('37')
#7 C:\Users\vinic\Documents\SN\portal_alunos\system\CodeIgniter.php(832): App\Controllers\Disciplinas->index()
#8 C:\Users\vinic\Documents\SN\portal_alunos\system\CodeIgniter.php(419): CodeIgniter\CodeIgniter->runController(Object(App\Controllers\Disciplinas))
#9 C:\Users\vinic\Documents\SN\portal_alunos\system\CodeIgniter.php(326): CodeIgniter\CodeIgniter->handleRequest(NULL, Object(Config\Cache), false)
#10 C:\Users\vinic\Documents\SN\portal_alunos\public\index.php(37): CodeIgniter\CodeIgniter->run()
#11 C:\Users\vinic\Documents\SN\portal_alunos\system\Commands\Server\rewrite.php(43): require_once('C:\\Users\\vinic\\...')
#12 {main}
ERROR - 2022-07-18 12:47:35 --> Unknown column 'codigo' in 'field list'
CRITICAL - 2022-07-18 12:47:35 --> Unknown column 'codigo' in 'field list'
#0 C:\Users\vinic\Documents\SN\portal_alunos\system\Database\MySQLi\Connection.php(292): mysqli->query('SELECT `codigo`...', 0)
#1 C:\Users\vinic\Documents\SN\portal_alunos\system\Database\BaseConnection.php(670): CodeIgniter\Database\MySQLi\Connection->execute('SELECT `codigo`...')
#2 C:\Users\vinic\Documents\SN\portal_alunos\system\Database\BaseConnection.php(598): CodeIgniter\Database\BaseConnection->simpleQuery('SELECT `codigo`...')
#3 C:\Users\vinic\Documents\SN\portal_alunos\system\Database\BaseBuilder.php(1455): CodeIgniter\Database\BaseConnection->query('SELECT `codigo`...', Array, false)
#4 C:\Users\vinic\Documents\SN\portal_alunos\system\Model.php(728): CodeIgniter\Database\BaseBuilder->get()
#5 C:\Users\vinic\Documents\SN\portal_alunos\app\Models\AlunoInscritoDisciplinaModel.php(54): CodeIgniter\Model->__call('get', Array)
#6 C:\Users\vinic\Documents\SN\portal_alunos\app\Controllers\Disciplinas.php(36): App\Models\AlunoInscritoDisciplinaModel->getCodigoDisciplinasByAluno('37')
#7 C:\Users\vinic\Documents\SN\portal_alunos\system\CodeIgniter.php(832): App\Controllers\Disciplinas->index()
#8 C:\Users\vinic\Documents\SN\portal_alunos\system\CodeIgniter.php(419): CodeIgniter\CodeIgniter->runController(Object(App\Controllers\Disciplinas))
#9 C:\Users\vinic\Documents\SN\portal_alunos\system\CodeIgniter.php(326): CodeIgniter\CodeIgniter->handleRequest(NULL, Object(Config\Cache), false)
#10 C:\Users\vinic\Documents\SN\portal_alunos\public\index.php(37): CodeIgniter\CodeIgniter->run()
#11 C:\Users\vinic\Documents\SN\portal_alunos\system\Commands\Server\rewrite.php(43): require_once('C:\\Users\\vinic\\...')
#12 {main}
CRITICAL - 2022-07-18 12:54:20 --> Undefined variable: disciplinasLivres
#0 C:\Users\vinic\Documents\SN\portal_alunos\app\Views\disciplinas\aluno.php(11): CodeIgniter\Debug\Exceptions->errorHandler(8, 'Undefined varia...', 'C:\\Users\\vinic\\...', 11, Array)
#1 C:\Users\vinic\Documents\SN\portal_alunos\system\View\View.php(210): include('C:\\Users\\vinic\\...')
#2 C:\Users\vinic\Documents\SN\portal_alunos\system\View\View.php(213): CodeIgniter\View\View->CodeIgniter\View\{closure}()
#3 C:\Users\vinic\Documents\SN\portal_alunos\system\Common.php(1089): CodeIgniter\View\View->render('disciplinas/alu...', Array, true)
#4 C:\Users\vinic\Documents\SN\portal_alunos\app\Controllers\Disciplinas.php(39): view('disciplinas/alu...', Array)
#5 C:\Users\vinic\Documents\SN\portal_alunos\system\CodeIgniter.php(832): App\Controllers\Disciplinas->index()
#6 C:\Users\vinic\Documents\SN\portal_alunos\system\CodeIgniter.php(419): CodeIgniter\CodeIgniter->runController(Object(App\Controllers\Disciplinas))
#7 C:\Users\vinic\Documents\SN\portal_alunos\system\CodeIgniter.php(326): CodeIgniter\CodeIgniter->handleRequest(NULL, Object(Config\Cache), false)
#8 C:\Users\vinic\Documents\SN\portal_alunos\public\index.php(37): CodeIgniter\CodeIgniter->run()
#9 C:\Users\vinic\Documents\SN\portal_alunos\system\Commands\Server\rewrite.php(43): require_once('C:\\Users\\vinic\\...')
#10 {main}
CRITICAL - 2022-07-18 12:56:18 --> Undefined variable: disciplinasProfessor
#0 C:\Users\vinic\Documents\SN\portal_alunos\app\Views\disciplinas\aluno.php(14): CodeIgniter\Debug\Exceptions->errorHandler(8, 'Undefined varia...', 'C:\\Users\\vinic\\...', 14, Array)
#1 C:\Users\vinic\Documents\SN\portal_alunos\system\View\View.php(210): include('C:\\Users\\vinic\\...')
#2 C:\Users\vinic\Documents\SN\portal_alunos\system\View\View.php(213): CodeIgniter\View\View->CodeIgniter\View\{closure}()
#3 C:\Users\vinic\Documents\SN\portal_alunos\system\Common.php(1089): CodeIgniter\View\View->render('disciplinas/alu...', Array, true)
#4 C:\Users\vinic\Documents\SN\portal_alunos\app\Controllers\Disciplinas.php(41): view('disciplinas/alu...', Array)
#5 C:\Users\vinic\Documents\SN\portal_alunos\system\CodeIgniter.php(832): App\Controllers\Disciplinas->index()
#6 C:\Users\vinic\Documents\SN\portal_alunos\system\CodeIgniter.php(419): CodeIgniter\CodeIgniter->runController(Object(App\Controllers\Disciplinas))
#7 C:\Users\vinic\Documents\SN\portal_alunos\system\CodeIgniter.php(326): CodeIgniter\CodeIgniter->handleRequest(NULL, Object(Config\Cache), false)
#8 C:\Users\vinic\Documents\SN\portal_alunos\public\index.php(37): CodeIgniter\CodeIgniter->run()
#9 C:\Users\vinic\Documents\SN\portal_alunos\system\Commands\Server\rewrite.php(43): require_once('C:\\Users\\vinic\\...')
#10 {main}
