CRITICAL - 2022-07-25 09:38:48 --> Too few arguments to function App\Controllers\Ajax\Disciplinas::atribuiProfessor(), 1 passed in C:\Users\vinic\Documents\SN\portal_alunos\system\CodeIgniter.php on line 832 and exactly 2 expected
#0 C:\Users\vinic\Documents\SN\portal_alunos\system\CodeIgniter.php(832): App\Controllers\Ajax\Disciplinas->atribuiProfessor('10')
#1 C:\Users\vinic\Documents\SN\portal_alunos\system\CodeIgniter.php(419): CodeIgniter\CodeIgniter->runController(Object(App\Controllers\Ajax\Disciplinas))
#2 C:\Users\vinic\Documents\SN\portal_alunos\system\CodeIgniter.php(326): CodeIgniter\CodeIgniter->handleRequest(NULL, Object(Config\Cache), false)
#3 C:\Users\vinic\Documents\SN\portal_alunos\public\index.php(37): CodeIgniter\CodeIgniter->run()
#4 C:\Users\vinic\Documents\SN\portal_alunos\system\Commands\Server\rewrite.php(43): require_once('C:\\Users\\vinic\\...')
#5 {main}
CRITICAL - 2022-07-25 09:38:55 --> Too few arguments to function App\Controllers\Ajax\Disciplinas::atribuiProfessor(), 1 passed in C:\Users\vinic\Documents\SN\portal_alunos\system\CodeIgniter.php on line 832 and exactly 2 expected
#0 C:\Users\vinic\Documents\SN\portal_alunos\system\CodeIgniter.php(832): App\Controllers\Ajax\Disciplinas->atribuiProfessor('10')
#1 C:\Users\vinic\Documents\SN\portal_alunos\system\CodeIgniter.php(419): CodeIgniter\CodeIgniter->runController(Object(App\Controllers\Ajax\Disciplinas))
#2 C:\Users\vinic\Documents\SN\portal_alunos\system\CodeIgniter.php(326): CodeIgniter\CodeIgniter->handleRequest(NULL, Object(Config\Cache), false)
#3 C:\Users\vinic\Documents\SN\portal_alunos\public\index.php(37): CodeIgniter\CodeIgniter->run()
#4 C:\Users\vinic\Documents\SN\portal_alunos\system\Commands\Server\rewrite.php(43): require_once('C:\\Users\\vinic\\...')
#5 {main}
CRITICAL - 2022-07-25 09:51:39 --> Undefined index: profNome
#0 C:\Users\vinic\Documents\SN\portal_alunos\app\Views\disciplinas\tabela\professor\livresTable.php(17): CodeIgniter\Debug\Exceptions->errorHandler(8, 'Undefined index...', 'C:\\Users\\vinic\\...', 17, Array)
#1 C:\Users\vinic\Documents\SN\portal_alunos\system\View\View.php(210): include('C:\\Users\\vinic\\...')
#2 C:\Users\vinic\Documents\SN\portal_alunos\system\View\View.php(213): CodeIgniter\View\View->CodeIgniter\View\{closure}()
#3 C:\Users\vinic\Documents\SN\portal_alunos\system\Common.php(1089): CodeIgniter\View\View->render('disciplinas/tab...', Array, true)
#4 C:\Users\vinic\Documents\SN\portal_alunos\app\Controllers\Ajax\Disciplinas.php(31): view('disciplinas/tab...', Array)
#5 C:\Users\vinic\Documents\SN\portal_alunos\system\CodeIgniter.php(832): App\Controllers\Ajax\Disciplinas->disciplinasProfessor('livres')
#6 C:\Users\vinic\Documents\SN\portal_alunos\system\CodeIgniter.php(419): CodeIgniter\CodeIgniter->runController(Object(App\Controllers\Ajax\Disciplinas))
#7 C:\Users\vinic\Documents\SN\portal_alunos\system\CodeIgniter.php(326): CodeIgniter\CodeIgniter->handleRequest(NULL, Object(Config\Cache), false)
#8 C:\Users\vinic\Documents\SN\portal_alunos\public\index.php(37): CodeIgniter\CodeIgniter->run()
#9 C:\Users\vinic\Documents\SN\portal_alunos\system\Commands\Server\rewrite.php(43): require_once('C:\\Users\\vinic\\...')
#10 {main}
CRITICAL - 2022-07-25 09:51:39 --> Invalid file: disciplinas/tabela/professor/profTable.php
#0 C:\Users\vinic\Documents\SN\portal_alunos\system\View\View.php(198): CodeIgniter\Exceptions\FrameworkException::forInvalidFile('disciplinas/tab...')
#1 C:\Users\vinic\Documents\SN\portal_alunos\system\Common.php(1089): CodeIgniter\View\View->render('disciplinas/tab...', Array, true)
#2 C:\Users\vinic\Documents\SN\portal_alunos\app\Controllers\Ajax\Disciplinas.php(34): view('disciplinas/tab...', Array)
#3 C:\Users\vinic\Documents\SN\portal_alunos\system\CodeIgniter.php(832): App\Controllers\Ajax\Disciplinas->disciplinasProfessor('atribuido')
#4 C:\Users\vinic\Documents\SN\portal_alunos\system\CodeIgniter.php(419): CodeIgniter\CodeIgniter->runController(Object(App\Controllers\Ajax\Disciplinas))
#5 C:\Users\vinic\Documents\SN\portal_alunos\system\CodeIgniter.php(326): CodeIgniter\CodeIgniter->handleRequest(NULL, Object(Config\Cache), false)
#6 C:\Users\vinic\Documents\SN\portal_alunos\public\index.php(37): CodeIgniter\CodeIgniter->run()
#7 C:\Users\vinic\Documents\SN\portal_alunos\system\Commands\Server\rewrite.php(43): require_once('C:\\Users\\vinic\\...')
#8 {main}
CRITICAL - 2022-07-25 09:51:45 --> Undefined index: profNome
#0 C:\Users\vinic\Documents\SN\portal_alunos\app\Views\disciplinas\tabela\professor\livresTable.php(17): CodeIgniter\Debug\Exceptions->errorHandler(8, 'Undefined index...', 'C:\\Users\\vinic\\...', 17, Array)
#1 C:\Users\vinic\Documents\SN\portal_alunos\system\View\View.php(210): include('C:\\Users\\vinic\\...')
#2 C:\Users\vinic\Documents\SN\portal_alunos\system\View\View.php(213): CodeIgniter\View\View->CodeIgniter\View\{closure}()
#3 C:\Users\vinic\Documents\SN\portal_alunos\system\Common.php(1089): CodeIgniter\View\View->render('disciplinas/tab...', Array, true)
#4 C:\Users\vinic\Documents\SN\portal_alunos\app\Controllers\Ajax\Disciplinas.php(31): view('disciplinas/tab...', Array)
#5 C:\Users\vinic\Documents\SN\portal_alunos\system\CodeIgniter.php(832): App\Controllers\Ajax\Disciplinas->disciplinasProfessor('livres')
#6 C:\Users\vinic\Documents\SN\portal_alunos\system\CodeIgniter.php(419): CodeIgniter\CodeIgniter->runController(Object(App\Controllers\Ajax\Disciplinas))
#7 C:\Users\vinic\Documents\SN\portal_alunos\system\CodeIgniter.php(326): CodeIgniter\CodeIgniter->handleRequest(NULL, Object(Config\Cache), false)
#8 C:\Users\vinic\Documents\SN\portal_alunos\public\index.php(37): CodeIgniter\CodeIgniter->run()
#9 C:\Users\vinic\Documents\SN\portal_alunos\system\Commands\Server\rewrite.php(43): require_once('C:\\Users\\vinic\\...')
#10 {main}
CRITICAL - 2022-07-25 09:52:02 --> Invalid file: disciplinas/tabela/professor/profTable.php
#0 C:\Users\vinic\Documents\SN\portal_alunos\system\View\View.php(198): CodeIgniter\Exceptions\FrameworkException::forInvalidFile('disciplinas/tab...')
#1 C:\Users\vinic\Documents\SN\portal_alunos\system\Common.php(1089): CodeIgniter\View\View->render('disciplinas/tab...', Array, true)
#2 C:\Users\vinic\Documents\SN\portal_alunos\app\Controllers\Ajax\Disciplinas.php(34): view('disciplinas/tab...', Array)
#3 C:\Users\vinic\Documents\SN\portal_alunos\system\CodeIgniter.php(832): App\Controllers\Ajax\Disciplinas->disciplinasProfessor('atribuido')
#4 C:\Users\vinic\Documents\SN\portal_alunos\system\CodeIgniter.php(419): CodeIgniter\CodeIgniter->runController(Object(App\Controllers\Ajax\Disciplinas))
#5 C:\Users\vinic\Documents\SN\portal_alunos\system\CodeIgniter.php(326): CodeIgniter\CodeIgniter->handleRequest(NULL, Object(Config\Cache), false)
#6 C:\Users\vinic\Documents\SN\portal_alunos\public\index.php(37): CodeIgniter\CodeIgniter->run()
#7 C:\Users\vinic\Documents\SN\portal_alunos\system\Commands\Server\rewrite.php(43): require_once('C:\\Users\\vinic\\...')
#8 {main}
CRITICAL - 2022-07-25 09:52:23 --> Invalid file: disciplinas/tabela/professor/profTable.php
#0 C:\Users\vinic\Documents\SN\portal_alunos\system\View\View.php(198): CodeIgniter\Exceptions\FrameworkException::forInvalidFile('disciplinas/tab...')
#1 C:\Users\vinic\Documents\SN\portal_alunos\system\Common.php(1089): CodeIgniter\View\View->render('disciplinas/tab...', Array, true)
#2 C:\Users\vinic\Documents\SN\portal_alunos\app\Controllers\Ajax\Disciplinas.php(34): view('disciplinas/tab...', Array)
#3 C:\Users\vinic\Documents\SN\portal_alunos\system\CodeIgniter.php(832): App\Controllers\Ajax\Disciplinas->disciplinasProfessor('atribuido')
#4 C:\Users\vinic\Documents\SN\portal_alunos\system\CodeIgniter.php(419): CodeIgniter\CodeIgniter->runController(Object(App\Controllers\Ajax\Disciplinas))
#5 C:\Users\vinic\Documents\SN\portal_alunos\system\CodeIgniter.php(326): CodeIgniter\CodeIgniter->handleRequest(NULL, Object(Config\Cache), false)
#6 C:\Users\vinic\Documents\SN\portal_alunos\public\index.php(37): CodeIgniter\CodeIgniter->run()
#7 C:\Users\vinic\Documents\SN\portal_alunos\system\Commands\Server\rewrite.php(43): require_once('C:\\Users\\vinic\\...')
#8 {main}
CRITICAL - 2022-07-25 09:52:41 --> Invalid file: disciplinas/tabela/professor/profTable.php
#0 C:\Users\vinic\Documents\SN\portal_alunos\system\View\View.php(198): CodeIgniter\Exceptions\FrameworkException::forInvalidFile('disciplinas/tab...')
#1 C:\Users\vinic\Documents\SN\portal_alunos\system\Common.php(1089): CodeIgniter\View\View->render('disciplinas/tab...', Array, true)
#2 C:\Users\vinic\Documents\SN\portal_alunos\app\Controllers\Ajax\Disciplinas.php(34): view('disciplinas/tab...', Array)
#3 C:\Users\vinic\Documents\SN\portal_alunos\system\CodeIgniter.php(832): App\Controllers\Ajax\Disciplinas->disciplinasProfessor('atribuido')
#4 C:\Users\vinic\Documents\SN\portal_alunos\system\CodeIgniter.php(419): CodeIgniter\CodeIgniter->runController(Object(App\Controllers\Ajax\Disciplinas))
#5 C:\Users\vinic\Documents\SN\portal_alunos\system\CodeIgniter.php(326): CodeIgniter\CodeIgniter->handleRequest(NULL, Object(Config\Cache), false)
#6 C:\Users\vinic\Documents\SN\portal_alunos\public\index.php(37): CodeIgniter\CodeIgniter->run()
#7 C:\Users\vinic\Documents\SN\portal_alunos\system\Commands\Server\rewrite.php(43): require_once('C:\\Users\\vinic\\...')
#8 {main}
CRITICAL - 2022-07-25 09:52:42 --> Invalid file: disciplinas/tabela/professor/profTable.php
#0 C:\Users\vinic\Documents\SN\portal_alunos\system\View\View.php(198): CodeIgniter\Exceptions\FrameworkException::forInvalidFile('disciplinas/tab...')
#1 C:\Users\vinic\Documents\SN\portal_alunos\system\Common.php(1089): CodeIgniter\View\View->render('disciplinas/tab...', Array, true)
#2 C:\Users\vinic\Documents\SN\portal_alunos\app\Controllers\Ajax\Disciplinas.php(34): view('disciplinas/tab...', Array)
#3 C:\Users\vinic\Documents\SN\portal_alunos\system\CodeIgniter.php(832): App\Controllers\Ajax\Disciplinas->disciplinasProfessor('atribuido')
#4 C:\Users\vinic\Documents\SN\portal_alunos\system\CodeIgniter.php(419): CodeIgniter\CodeIgniter->runController(Object(App\Controllers\Ajax\Disciplinas))
#5 C:\Users\vinic\Documents\SN\portal_alunos\system\CodeIgniter.php(326): CodeIgniter\CodeIgniter->handleRequest(NULL, Object(Config\Cache), false)
#6 C:\Users\vinic\Documents\SN\portal_alunos\public\index.php(37): CodeIgniter\CodeIgniter->run()
#7 C:\Users\vinic\Documents\SN\portal_alunos\system\Commands\Server\rewrite.php(43): require_once('C:\\Users\\vinic\\...')
#8 {main}
CRITICAL - 2022-07-25 09:52:48 --> Invalid file: disciplinas/tabela/professor/profTable.php
#0 C:\Users\vinic\Documents\SN\portal_alunos\system\View\View.php(198): CodeIgniter\Exceptions\FrameworkException::forInvalidFile('disciplinas/tab...')
#1 C:\Users\vinic\Documents\SN\portal_alunos\system\Common.php(1089): CodeIgniter\View\View->render('disciplinas/tab...', Array, true)
#2 C:\Users\vinic\Documents\SN\portal_alunos\app\Controllers\Ajax\Disciplinas.php(34): view('disciplinas/tab...', Array)
#3 C:\Users\vinic\Documents\SN\portal_alunos\system\CodeIgniter.php(832): App\Controllers\Ajax\Disciplinas->disciplinasProfessor('atribuido')
#4 C:\Users\vinic\Documents\SN\portal_alunos\system\CodeIgniter.php(419): CodeIgniter\CodeIgniter->runController(Object(App\Controllers\Ajax\Disciplinas))
#5 C:\Users\vinic\Documents\SN\portal_alunos\system\CodeIgniter.php(326): CodeIgniter\CodeIgniter->handleRequest(NULL, Object(Config\Cache), false)
#6 C:\Users\vinic\Documents\SN\portal_alunos\public\index.php(37): CodeIgniter\CodeIgniter->run()
#7 C:\Users\vinic\Documents\SN\portal_alunos\system\Commands\Server\rewrite.php(43): require_once('C:\\Users\\vinic\\...')
#8 {main}
CRITICAL - 2022-07-25 09:52:52 --> Invalid file: disciplinas/tabela/professor/profTable.php
#0 C:\Users\vinic\Documents\SN\portal_alunos\system\View\View.php(198): CodeIgniter\Exceptions\FrameworkException::forInvalidFile('disciplinas/tab...')
#1 C:\Users\vinic\Documents\SN\portal_alunos\system\Common.php(1089): CodeIgniter\View\View->render('disciplinas/tab...', Array, true)
#2 C:\Users\vinic\Documents\SN\portal_alunos\app\Controllers\Ajax\Disciplinas.php(34): view('disciplinas/tab...', Array)
#3 C:\Users\vinic\Documents\SN\portal_alunos\system\CodeIgniter.php(832): App\Controllers\Ajax\Disciplinas->disciplinasProfessor('atribuido')
#4 C:\Users\vinic\Documents\SN\portal_alunos\system\CodeIgniter.php(419): CodeIgniter\CodeIgniter->runController(Object(App\Controllers\Ajax\Disciplinas))
#5 C:\Users\vinic\Documents\SN\portal_alunos\system\CodeIgniter.php(326): CodeIgniter\CodeIgniter->handleRequest(NULL, Object(Config\Cache), false)
#6 C:\Users\vinic\Documents\SN\portal_alunos\public\index.php(37): CodeIgniter\CodeIgniter->run()
#7 C:\Users\vinic\Documents\SN\portal_alunos\system\Commands\Server\rewrite.php(43): require_once('C:\\Users\\vinic\\...')
#8 {main}
CRITICAL - 2022-07-25 12:45:34 --> Undefined variable: disciplina
#0 C:\Users\vinic\Documents\SN\portal_alunos\app\Views\disciplinas\aluno.php(29): CodeIgniter\Debug\Exceptions->errorHandler(8, 'Undefined varia...', 'C:\\Users\\vinic\\...', 29, Array)
#1 C:\Users\vinic\Documents\SN\portal_alunos\system\View\View.php(210): include('C:\\Users\\vinic\\...')
#2 C:\Users\vinic\Documents\SN\portal_alunos\system\View\View.php(213): CodeIgniter\View\View->CodeIgniter\View\{closure}()
#3 C:\Users\vinic\Documents\SN\portal_alunos\system\Common.php(1089): CodeIgniter\View\View->render('disciplinas/alu...', Array, true)
#4 C:\Users\vinic\Documents\SN\portal_alunos\app\Controllers\Disciplinas.php(51): view('disciplinas/alu...', Array)
#5 C:\Users\vinic\Documents\SN\portal_alunos\system\CodeIgniter.php(832): App\Controllers\Disciplinas->index()
#6 C:\Users\vinic\Documents\SN\portal_alunos\system\CodeIgniter.php(419): CodeIgniter\CodeIgniter->runController(Object(App\Controllers\Disciplinas))
#7 C:\Users\vinic\Documents\SN\portal_alunos\system\CodeIgniter.php(326): CodeIgniter\CodeIgniter->handleRequest(NULL, Object(Config\Cache), false)
#8 C:\Users\vinic\Documents\SN\portal_alunos\public\index.php(37): CodeIgniter\CodeIgniter->run()
#9 C:\Users\vinic\Documents\SN\portal_alunos\system\Commands\Server\rewrite.php(43): require_once('C:\\Users\\vinic\\...')
#10 {main}
CRITICAL - 2022-07-25 12:50:26 --> Argument 1 passed to CodeIgniter\Database\BaseBuilder::whereNotIn() must be of the type string or null, object given, called in C:\Users\vinic\Documents\SN\portal_alunos\system\Model.php on line 728
#0 C:\Users\vinic\Documents\SN\portal_alunos\system\Model.php(728): CodeIgniter\Database\BaseBuilder->whereNotIn(Object(App\Models\AlunoInscritoDisciplinaModel))
#1 C:\Users\vinic\Documents\SN\portal_alunos\app\Models\DisciplinaModel.php(164): CodeIgniter\Model->__call('whereNotIn', Array)
#2 C:\Users\vinic\Documents\SN\portal_alunos\app\Controllers\Ajax\Disciplinas.php(43): App\Models\DisciplinaModel->disciplinasLivres(Object(App\Models\AlunoInscritoDisciplinaModel))
#3 C:\Users\vinic\Documents\SN\portal_alunos\system\CodeIgniter.php(832): App\Controllers\Ajax\Disciplinas->disciplinasAluno('livres')
#4 C:\Users\vinic\Documents\SN\portal_alunos\system\CodeIgniter.php(419): CodeIgniter\CodeIgniter->runController(Object(App\Controllers\Ajax\Disciplinas))
#5 C:\Users\vinic\Documents\SN\portal_alunos\system\CodeIgniter.php(326): CodeIgniter\CodeIgniter->handleRequest(NULL, Object(Config\Cache), false)
#6 C:\Users\vinic\Documents\SN\portal_alunos\public\index.php(37): CodeIgniter\CodeIgniter->run()
#7 C:\Users\vinic\Documents\SN\portal_alunos\system\Commands\Server\rewrite.php(43): require_once('C:\\Users\\vinic\\...')
#8 {main}
CRITICAL - 2022-07-25 12:50:37 --> Argument 1 passed to CodeIgniter\Database\BaseBuilder::whereNotIn() must be of the type string or null, object given, called in C:\Users\vinic\Documents\SN\portal_alunos\system\Model.php on line 728
#0 C:\Users\vinic\Documents\SN\portal_alunos\system\Model.php(728): CodeIgniter\Database\BaseBuilder->whereNotIn(Object(App\Models\AlunoInscritoDisciplinaModel))
#1 C:\Users\vinic\Documents\SN\portal_alunos\app\Models\DisciplinaModel.php(164): CodeIgniter\Model->__call('whereNotIn', Array)
#2 C:\Users\vinic\Documents\SN\portal_alunos\app\Controllers\Ajax\Disciplinas.php(43): App\Models\DisciplinaModel->disciplinasLivres(Object(App\Models\AlunoInscritoDisciplinaModel))
#3 C:\Users\vinic\Documents\SN\portal_alunos\system\CodeIgniter.php(832): App\Controllers\Ajax\Disciplinas->disciplinasAluno('livres')
#4 C:\Users\vinic\Documents\SN\portal_alunos\system\CodeIgniter.php(419): CodeIgniter\CodeIgniter->runController(Object(App\Controllers\Ajax\Disciplinas))
#5 C:\Users\vinic\Documents\SN\portal_alunos\system\CodeIgniter.php(326): CodeIgniter\CodeIgniter->handleRequest(NULL, Object(Config\Cache), false)
#6 C:\Users\vinic\Documents\SN\portal_alunos\public\index.php(37): CodeIgniter\CodeIgniter->run()
#7 C:\Users\vinic\Documents\SN\portal_alunos\system\Commands\Server\rewrite.php(43): require_once('C:\\Users\\vinic\\...')
#8 {main}
CRITICAL - 2022-07-25 12:50:44 --> Argument 1 passed to CodeIgniter\Database\BaseBuilder::whereNotIn() must be of the type string or null, object given, called in C:\Users\vinic\Documents\SN\portal_alunos\system\Model.php on line 728
#0 C:\Users\vinic\Documents\SN\portal_alunos\system\Model.php(728): CodeIgniter\Database\BaseBuilder->whereNotIn(Object(App\Models\AlunoInscritoDisciplinaModel))
#1 C:\Users\vinic\Documents\SN\portal_alunos\app\Models\DisciplinaModel.php(164): CodeIgniter\Model->__call('whereNotIn', Array)
#2 C:\Users\vinic\Documents\SN\portal_alunos\app\Controllers\Ajax\Disciplinas.php(43): App\Models\DisciplinaModel->disciplinasLivres(Object(App\Models\AlunoInscritoDisciplinaModel))
#3 C:\Users\vinic\Documents\SN\portal_alunos\system\CodeIgniter.php(832): App\Controllers\Ajax\Disciplinas->disciplinasAluno('livres')
#4 C:\Users\vinic\Documents\SN\portal_alunos\system\CodeIgniter.php(419): CodeIgniter\CodeIgniter->runController(Object(App\Controllers\Ajax\Disciplinas))
#5 C:\Users\vinic\Documents\SN\portal_alunos\system\CodeIgniter.php(326): CodeIgniter\CodeIgniter->handleRequest(NULL, Object(Config\Cache), false)
#6 C:\Users\vinic\Documents\SN\portal_alunos\public\index.php(37): CodeIgniter\CodeIgniter->run()
#7 C:\Users\vinic\Documents\SN\portal_alunos\system\Commands\Server\rewrite.php(43): require_once('C:\\Users\\vinic\\...')
#8 {main}
CRITICAL - 2022-07-25 12:56:50 --> Undefined variable: matricula_aluno
#0 C:\Users\vinic\Documents\SN\portal_alunos\app\Models\DisciplinaModel.php(164): CodeIgniter\Debug\Exceptions->errorHandler(8, 'Undefined varia...', 'C:\\Users\\vinic\\...', 164, Array)
#1 C:\Users\vinic\Documents\SN\portal_alunos\app\Controllers\Ajax\Disciplinas.php(43): App\Models\DisciplinaModel->disciplinasLivres(Object(App\Models\AlunoInscritoDisciplinaModel))
#2 C:\Users\vinic\Documents\SN\portal_alunos\system\CodeIgniter.php(832): App\Controllers\Ajax\Disciplinas->disciplinasAluno('livres')
#3 C:\Users\vinic\Documents\SN\portal_alunos\system\CodeIgniter.php(419): CodeIgniter\CodeIgniter->runController(Object(App\Controllers\Ajax\Disciplinas))
#4 C:\Users\vinic\Documents\SN\portal_alunos\system\CodeIgniter.php(326): CodeIgniter\CodeIgniter->handleRequest(NULL, Object(Config\Cache), false)
#5 C:\Users\vinic\Documents\SN\portal_alunos\public\index.php(37): CodeIgniter\CodeIgniter->run()
#6 C:\Users\vinic\Documents\SN\portal_alunos\system\Commands\Server\rewrite.php(43): require_once('C:\\Users\\vinic\\...')
#7 {main}
CRITICAL - 2022-07-25 12:56:51 --> Undefined variable: matricula_aluno
#0 C:\Users\vinic\Documents\SN\portal_alunos\app\Models\DisciplinaModel.php(164): CodeIgniter\Debug\Exceptions->errorHandler(8, 'Undefined varia...', 'C:\\Users\\vinic\\...', 164, Array)
#1 C:\Users\vinic\Documents\SN\portal_alunos\app\Controllers\Ajax\Disciplinas.php(43): App\Models\DisciplinaModel->disciplinasLivres(Object(App\Models\AlunoInscritoDisciplinaModel))
#2 C:\Users\vinic\Documents\SN\portal_alunos\system\CodeIgniter.php(832): App\Controllers\Ajax\Disciplinas->disciplinasAluno('livres')
#3 C:\Users\vinic\Documents\SN\portal_alunos\system\CodeIgniter.php(419): CodeIgniter\CodeIgniter->runController(Object(App\Controllers\Ajax\Disciplinas))
#4 C:\Users\vinic\Documents\SN\portal_alunos\system\CodeIgniter.php(326): CodeIgniter\CodeIgniter->handleRequest(NULL, Object(Config\Cache), false)
#5 C:\Users\vinic\Documents\SN\portal_alunos\public\index.php(37): CodeIgniter\CodeIgniter->run()
#6 C:\Users\vinic\Documents\SN\portal_alunos\system\Commands\Server\rewrite.php(43): require_once('C:\\Users\\vinic\\...')
#7 {main}
CRITICAL - 2022-07-25 12:57:43 --> Undefined variable: matricula_aluno
#0 C:\Users\vinic\Documents\SN\portal_alunos\app\Models\DisciplinaModel.php(164): CodeIgniter\Debug\Exceptions->errorHandler(8, 'Undefined varia...', 'C:\\Users\\vinic\\...', 164, Array)
#1 C:\Users\vinic\Documents\SN\portal_alunos\app\Controllers\Ajax\Disciplinas.php(43): App\Models\DisciplinaModel->disciplinasLivres('36')
#2 C:\Users\vinic\Documents\SN\portal_alunos\system\CodeIgniter.php(832): App\Controllers\Ajax\Disciplinas->disciplinasAluno('livres')
#3 C:\Users\vinic\Documents\SN\portal_alunos\system\CodeIgniter.php(419): CodeIgniter\CodeIgniter->runController(Object(App\Controllers\Ajax\Disciplinas))
#4 C:\Users\vinic\Documents\SN\portal_alunos\system\CodeIgniter.php(326): CodeIgniter\CodeIgniter->handleRequest(NULL, Object(Config\Cache), false)
#5 C:\Users\vinic\Documents\SN\portal_alunos\public\index.php(37): CodeIgniter\CodeIgniter->run()
#6 C:\Users\vinic\Documents\SN\portal_alunos\system\Commands\Server\rewrite.php(43): require_once('C:\\Users\\vinic\\...')
#7 {main}
CRITICAL - 2022-07-25 12:57:44 --> Undefined variable: matricula_aluno
#0 C:\Users\vinic\Documents\SN\portal_alunos\app\Models\DisciplinaModel.php(164): CodeIgniter\Debug\Exceptions->errorHandler(8, 'Undefined varia...', 'C:\\Users\\vinic\\...', 164, Array)
#1 C:\Users\vinic\Documents\SN\portal_alunos\app\Controllers\Ajax\Disciplinas.php(43): App\Models\DisciplinaModel->disciplinasLivres('36')
#2 C:\Users\vinic\Documents\SN\portal_alunos\system\CodeIgniter.php(832): App\Controllers\Ajax\Disciplinas->disciplinasAluno('livres')
#3 C:\Users\vinic\Documents\SN\portal_alunos\system\CodeIgniter.php(419): CodeIgniter\CodeIgniter->runController(Object(App\Controllers\Ajax\Disciplinas))
#4 C:\Users\vinic\Documents\SN\portal_alunos\system\CodeIgniter.php(326): CodeIgniter\CodeIgniter->handleRequest(NULL, Object(Config\Cache), false)
#5 C:\Users\vinic\Documents\SN\portal_alunos\public\index.php(37): CodeIgniter\CodeIgniter->run()
#6 C:\Users\vinic\Documents\SN\portal_alunos\system\Commands\Server\rewrite.php(43): require_once('C:\\Users\\vinic\\...')
#7 {main}
CRITICAL - 2022-07-25 12:57:44 --> Undefined variable: matricula_aluno
#0 C:\Users\vinic\Documents\SN\portal_alunos\app\Models\DisciplinaModel.php(164): CodeIgniter\Debug\Exceptions->errorHandler(8, 'Undefined varia...', 'C:\\Users\\vinic\\...', 164, Array)
#1 C:\Users\vinic\Documents\SN\portal_alunos\app\Controllers\Ajax\Disciplinas.php(43): App\Models\DisciplinaModel->disciplinasLivres('36')
#2 C:\Users\vinic\Documents\SN\portal_alunos\system\CodeIgniter.php(832): App\Controllers\Ajax\Disciplinas->disciplinasAluno('livres')
#3 C:\Users\vinic\Documents\SN\portal_alunos\system\CodeIgniter.php(419): CodeIgniter\CodeIgniter->runController(Object(App\Controllers\Ajax\Disciplinas))
#4 C:\Users\vinic\Documents\SN\portal_alunos\system\CodeIgniter.php(326): CodeIgniter\CodeIgniter->handleRequest(NULL, Object(Config\Cache), false)
#5 C:\Users\vinic\Documents\SN\portal_alunos\public\index.php(37): CodeIgniter\CodeIgniter->run()
#6 C:\Users\vinic\Documents\SN\portal_alunos\system\Commands\Server\rewrite.php(43): require_once('C:\\Users\\vinic\\...')
#7 {main}
CRITICAL - 2022-07-25 12:57:58 --> Argument 1 passed to CodeIgniter\Database\BaseBuilder::whereNotIn() must be of the type string or null, object given, called in C:\Users\vinic\Documents\SN\portal_alunos\system\Model.php on line 728
#0 C:\Users\vinic\Documents\SN\portal_alunos\system\Model.php(728): CodeIgniter\Database\BaseBuilder->whereNotIn(Object(App\Models\DisciplinaModel))
#1 C:\Users\vinic\Documents\SN\portal_alunos\app\Models\DisciplinaModel.php(165): CodeIgniter\Model->__call('whereNotIn', Array)
#2 C:\Users\vinic\Documents\SN\portal_alunos\app\Controllers\Ajax\Disciplinas.php(43): App\Models\DisciplinaModel->disciplinasLivres('36')
#3 C:\Users\vinic\Documents\SN\portal_alunos\system\CodeIgniter.php(832): App\Controllers\Ajax\Disciplinas->disciplinasAluno('livres')
#4 C:\Users\vinic\Documents\SN\portal_alunos\system\CodeIgniter.php(419): CodeIgniter\CodeIgniter->runController(Object(App\Controllers\Ajax\Disciplinas))
#5 C:\Users\vinic\Documents\SN\portal_alunos\system\CodeIgniter.php(326): CodeIgniter\CodeIgniter->handleRequest(NULL, Object(Config\Cache), false)
#6 C:\Users\vinic\Documents\SN\portal_alunos\public\index.php(37): CodeIgniter\CodeIgniter->run()
#7 C:\Users\vinic\Documents\SN\portal_alunos\system\Commands\Server\rewrite.php(43): require_once('C:\\Users\\vinic\\...')
#8 {main}
CRITICAL - 2022-07-25 12:58:17 --> Argument 1 passed to CodeIgniter\Database\BaseBuilder::whereNotIn() must be of the type string or null, object given, called in C:\Users\vinic\Documents\SN\portal_alunos\system\Model.php on line 728
#0 C:\Users\vinic\Documents\SN\portal_alunos\system\Model.php(728): CodeIgniter\Database\BaseBuilder->whereNotIn(Object(CodeIgniter\Database\MySQLi\Builder))
#1 C:\Users\vinic\Documents\SN\portal_alunos\app\Models\DisciplinaModel.php(165): CodeIgniter\Model->__call('whereNotIn', Array)
#2 C:\Users\vinic\Documents\SN\portal_alunos\app\Controllers\Ajax\Disciplinas.php(43): App\Models\DisciplinaModel->disciplinasLivres('36')
#3 C:\Users\vinic\Documents\SN\portal_alunos\system\CodeIgniter.php(832): App\Controllers\Ajax\Disciplinas->disciplinasAluno('livres')
#4 C:\Users\vinic\Documents\SN\portal_alunos\system\CodeIgniter.php(419): CodeIgniter\CodeIgniter->runController(Object(App\Controllers\Ajax\Disciplinas))
#5 C:\Users\vinic\Documents\SN\portal_alunos\system\CodeIgniter.php(326): CodeIgniter\CodeIgniter->handleRequest(NULL, Object(Config\Cache), false)
#6 C:\Users\vinic\Documents\SN\portal_alunos\public\index.php(37): CodeIgniter\CodeIgniter->run()
#7 C:\Users\vinic\Documents\SN\portal_alunos\system\Commands\Server\rewrite.php(43): require_once('C:\\Users\\vinic\\...')
#8 {main}
CRITICAL - 2022-07-25 12:58:18 --> Argument 1 passed to CodeIgniter\Database\BaseBuilder::whereNotIn() must be of the type string or null, object given, called in C:\Users\vinic\Documents\SN\portal_alunos\system\Model.php on line 728
#0 C:\Users\vinic\Documents\SN\portal_alunos\system\Model.php(728): CodeIgniter\Database\BaseBuilder->whereNotIn(Object(CodeIgniter\Database\MySQLi\Builder))
#1 C:\Users\vinic\Documents\SN\portal_alunos\app\Models\DisciplinaModel.php(165): CodeIgniter\Model->__call('whereNotIn', Array)
#2 C:\Users\vinic\Documents\SN\portal_alunos\app\Controllers\Ajax\Disciplinas.php(43): App\Models\DisciplinaModel->disciplinasLivres('36')
#3 C:\Users\vinic\Documents\SN\portal_alunos\system\CodeIgniter.php(832): App\Controllers\Ajax\Disciplinas->disciplinasAluno('livres')
#4 C:\Users\vinic\Documents\SN\portal_alunos\system\CodeIgniter.php(419): CodeIgniter\CodeIgniter->runController(Object(App\Controllers\Ajax\Disciplinas))
#5 C:\Users\vinic\Documents\SN\portal_alunos\system\CodeIgniter.php(326): CodeIgniter\CodeIgniter->handleRequest(NULL, Object(Config\Cache), false)
#6 C:\Users\vinic\Documents\SN\portal_alunos\public\index.php(37): CodeIgniter\CodeIgniter->run()
#7 C:\Users\vinic\Documents\SN\portal_alunos\system\Commands\Server\rewrite.php(43): require_once('C:\\Users\\vinic\\...')
#8 {main}
CRITICAL - 2022-07-25 12:58:18 --> Argument 1 passed to CodeIgniter\Database\BaseBuilder::whereNotIn() must be of the type string or null, object given, called in C:\Users\vinic\Documents\SN\portal_alunos\system\Model.php on line 728
#0 C:\Users\vinic\Documents\SN\portal_alunos\system\Model.php(728): CodeIgniter\Database\BaseBuilder->whereNotIn(Object(CodeIgniter\Database\MySQLi\Builder))
#1 C:\Users\vinic\Documents\SN\portal_alunos\app\Models\DisciplinaModel.php(165): CodeIgniter\Model->__call('whereNotIn', Array)
#2 C:\Users\vinic\Documents\SN\portal_alunos\app\Controllers\Ajax\Disciplinas.php(43): App\Models\DisciplinaModel->disciplinasLivres('36')
#3 C:\Users\vinic\Documents\SN\portal_alunos\system\CodeIgniter.php(832): App\Controllers\Ajax\Disciplinas->disciplinasAluno('livres')
#4 C:\Users\vinic\Documents\SN\portal_alunos\system\CodeIgniter.php(419): CodeIgniter\CodeIgniter->runController(Object(App\Controllers\Ajax\Disciplinas))
#5 C:\Users\vinic\Documents\SN\portal_alunos\system\CodeIgniter.php(326): CodeIgniter\CodeIgniter->handleRequest(NULL, Object(Config\Cache), false)
#6 C:\Users\vinic\Documents\SN\portal_alunos\public\index.php(37): CodeIgniter\CodeIgniter->run()
#7 C:\Users\vinic\Documents\SN\portal_alunos\system\Commands\Server\rewrite.php(43): require_once('C:\\Users\\vinic\\...')
#8 {main}
CRITICAL - 2022-07-25 12:58:19 --> Argument 1 passed to CodeIgniter\Database\BaseBuilder::whereNotIn() must be of the type string or null, object given, called in C:\Users\vinic\Documents\SN\portal_alunos\system\Model.php on line 728
#0 C:\Users\vinic\Documents\SN\portal_alunos\system\Model.php(728): CodeIgniter\Database\BaseBuilder->whereNotIn(Object(CodeIgniter\Database\MySQLi\Builder))
#1 C:\Users\vinic\Documents\SN\portal_alunos\app\Models\DisciplinaModel.php(165): CodeIgniter\Model->__call('whereNotIn', Array)
#2 C:\Users\vinic\Documents\SN\portal_alunos\app\Controllers\Ajax\Disciplinas.php(43): App\Models\DisciplinaModel->disciplinasLivres('36')
#3 C:\Users\vinic\Documents\SN\portal_alunos\system\CodeIgniter.php(832): App\Controllers\Ajax\Disciplinas->disciplinasAluno('livres')
#4 C:\Users\vinic\Documents\SN\portal_alunos\system\CodeIgniter.php(419): CodeIgniter\CodeIgniter->runController(Object(App\Controllers\Ajax\Disciplinas))
#5 C:\Users\vinic\Documents\SN\portal_alunos\system\CodeIgniter.php(326): CodeIgniter\CodeIgniter->handleRequest(NULL, Object(Config\Cache), false)
#6 C:\Users\vinic\Documents\SN\portal_alunos\public\index.php(37): CodeIgniter\CodeIgniter->run()
#7 C:\Users\vinic\Documents\SN\portal_alunos\system\Commands\Server\rewrite.php(43): require_once('C:\\Users\\vinic\\...')
#8 {main}
CRITICAL - 2022-07-25 13:03:20 --> Argument 1 passed to CodeIgniter\Database\BaseBuilder::whereNotIn() must be of the type string or null, object given, called in C:\Users\vinic\Documents\SN\portal_alunos\system\Model.php on line 728
#0 C:\Users\vinic\Documents\SN\portal_alunos\system\Model.php(728): CodeIgniter\Database\BaseBuilder->whereNotIn(Object(CodeIgniter\Database\MySQLi\Builder))
#1 C:\Users\vinic\Documents\SN\portal_alunos\app\Models\DisciplinaModel.php(167): CodeIgniter\Model->__call('whereNotIn', Array)
#2 C:\Users\vinic\Documents\SN\portal_alunos\app\Controllers\Ajax\Disciplinas.php(43): App\Models\DisciplinaModel->disciplinasLivres('36')
#3 C:\Users\vinic\Documents\SN\portal_alunos\system\CodeIgniter.php(832): App\Controllers\Ajax\Disciplinas->disciplinasAluno('livres')
#4 C:\Users\vinic\Documents\SN\portal_alunos\system\CodeIgniter.php(419): CodeIgniter\CodeIgniter->runController(Object(App\Controllers\Ajax\Disciplinas))
#5 C:\Users\vinic\Documents\SN\portal_alunos\system\CodeIgniter.php(326): CodeIgniter\CodeIgniter->handleRequest(NULL, Object(Config\Cache), false)
#6 C:\Users\vinic\Documents\SN\portal_alunos\public\index.php(37): CodeIgniter\CodeIgniter->run()
#7 C:\Users\vinic\Documents\SN\portal_alunos\system\Commands\Server\rewrite.php(43): require_once('C:\\Users\\vinic\\...')
#8 {main}
CRITICAL - 2022-07-25 13:06:30 --> Trying to access array offset on value of type null
#0 C:\Users\vinic\Documents\SN\portal_alunos\app\Views\disciplinas\tabela\aluno\livresTable.php(14): CodeIgniter\Debug\Exceptions->errorHandler(8, 'Trying to acces...', 'C:\\Users\\vinic\\...', 14, Array)
#1 C:\Users\vinic\Documents\SN\portal_alunos\system\View\View.php(210): include('C:\\Users\\vinic\\...')
#2 C:\Users\vinic\Documents\SN\portal_alunos\system\View\View.php(213): CodeIgniter\View\View->CodeIgniter\View\{closure}()
#3 C:\Users\vinic\Documents\SN\portal_alunos\system\Common.php(1089): CodeIgniter\View\View->render('disciplinas/tab...', Array, true)
#4 C:\Users\vinic\Documents\SN\portal_alunos\app\Controllers\Ajax\Disciplinas.php(43): view('disciplinas/tab...', Array)
#5 C:\Users\vinic\Documents\SN\portal_alunos\system\CodeIgniter.php(832): App\Controllers\Ajax\Disciplinas->disciplinasAluno('livres')
#6 C:\Users\vinic\Documents\SN\portal_alunos\system\CodeIgniter.php(419): CodeIgniter\CodeIgniter->runController(Object(App\Controllers\Ajax\Disciplinas))
#7 C:\Users\vinic\Documents\SN\portal_alunos\system\CodeIgniter.php(326): CodeIgniter\CodeIgniter->handleRequest(NULL, Object(Config\Cache), false)
#8 C:\Users\vinic\Documents\SN\portal_alunos\public\index.php(37): CodeIgniter\CodeIgniter->run()
#9 C:\Users\vinic\Documents\SN\portal_alunos\system\Commands\Server\rewrite.php(43): require_once('C:\\Users\\vinic\\...')
#10 {main}
CRITICAL - 2022-07-25 13:06:54 --> whereNotIn() expects $values to be of type array or closure
#0 C:\Users\vinic\Documents\SN\portal_alunos\system\Database\BaseBuilder.php(757): CodeIgniter\Database\BaseBuilder->_whereIn('codigo', Object(App\Models\DisciplinaModel), true, 'AND ', NULL)
#1 C:\Users\vinic\Documents\SN\portal_alunos\system\Model.php(728): CodeIgniter\Database\BaseBuilder->whereNotIn('codigo', Object(App\Models\DisciplinaModel))
#2 C:\Users\vinic\Documents\SN\portal_alunos\app\Models\DisciplinaModel.php(166): CodeIgniter\Model->__call('whereNotIn', Array)
#3 C:\Users\vinic\Documents\SN\portal_alunos\app\Controllers\Ajax\Disciplinas.php(43): App\Models\DisciplinaModel->disciplinasLivres('36')
#4 C:\Users\vinic\Documents\SN\portal_alunos\system\CodeIgniter.php(832): App\Controllers\Ajax\Disciplinas->disciplinasAluno('livres')
#5 C:\Users\vinic\Documents\SN\portal_alunos\system\CodeIgniter.php(419): CodeIgniter\CodeIgniter->runController(Object(App\Controllers\Ajax\Disciplinas))
#6 C:\Users\vinic\Documents\SN\portal_alunos\system\CodeIgniter.php(326): CodeIgniter\CodeIgniter->handleRequest(NULL, Object(Config\Cache), false)
#7 C:\Users\vinic\Documents\SN\portal_alunos\public\index.php(37): CodeIgniter\CodeIgniter->run()
#8 C:\Users\vinic\Documents\SN\portal_alunos\system\Commands\Server\rewrite.php(43): require_once('C:\\Users\\vinic\\...')
#9 {main}
CRITICAL - 2022-07-25 13:10:05 --> count(): Parameter must be an array or an object that implements Countable
#0 [internal function]: CodeIgniter\Debug\Exceptions->errorHandler(2, 'count(): Parame...', 'C:\\Users\\vinic\\...', 184, Array)
#1 C:\Users\vinic\Documents\SN\portal_alunos\app\Models\DisciplinaModel.php(184): count('36')
#2 C:\Users\vinic\Documents\SN\portal_alunos\app\Controllers\Ajax\Disciplinas.php(46): App\Models\DisciplinaModel->disciplinasAluno('36')
#3 C:\Users\vinic\Documents\SN\portal_alunos\system\CodeIgniter.php(832): App\Controllers\Ajax\Disciplinas->disciplinasAluno('atribuidas')
#4 C:\Users\vinic\Documents\SN\portal_alunos\system\CodeIgniter.php(419): CodeIgniter\CodeIgniter->runController(Object(App\Controllers\Ajax\Disciplinas))
#5 C:\Users\vinic\Documents\SN\portal_alunos\system\CodeIgniter.php(326): CodeIgniter\CodeIgniter->handleRequest(NULL, Object(Config\Cache), false)
#6 C:\Users\vinic\Documents\SN\portal_alunos\public\index.php(37): CodeIgniter\CodeIgniter->run()
#7 C:\Users\vinic\Documents\SN\portal_alunos\system\Commands\Server\rewrite.php(43): require_once('C:\\Users\\vinic\\...')
#8 {main}
CRITICAL - 2022-07-25 13:10:14 --> count(): Parameter must be an array or an object that implements Countable
#0 [internal function]: CodeIgniter\Debug\Exceptions->errorHandler(2, 'count(): Parame...', 'C:\\Users\\vinic\\...', 184, Array)
#1 C:\Users\vinic\Documents\SN\portal_alunos\app\Models\DisciplinaModel.php(184): count('36')
#2 C:\Users\vinic\Documents\SN\portal_alunos\app\Controllers\Ajax\Disciplinas.php(46): App\Models\DisciplinaModel->disciplinasAluno('36')
#3 C:\Users\vinic\Documents\SN\portal_alunos\system\CodeIgniter.php(832): App\Controllers\Ajax\Disciplinas->disciplinasAluno('atribuidas')
#4 C:\Users\vinic\Documents\SN\portal_alunos\system\CodeIgniter.php(419): CodeIgniter\CodeIgniter->runController(Object(App\Controllers\Ajax\Disciplinas))
#5 C:\Users\vinic\Documents\SN\portal_alunos\system\CodeIgniter.php(326): CodeIgniter\CodeIgniter->handleRequest(NULL, Object(Config\Cache), false)
#6 C:\Users\vinic\Documents\SN\portal_alunos\public\index.php(37): CodeIgniter\CodeIgniter->run()
#7 C:\Users\vinic\Documents\SN\portal_alunos\system\Commands\Server\rewrite.php(43): require_once('C:\\Users\\vinic\\...')
#8 {main}
ERROR - 2022-07-25 13:14:38 --> Operand should contain 1 column(s)
CRITICAL - 2022-07-25 13:14:38 --> Operand should contain 1 column(s)
#0 C:\Users\vinic\Documents\SN\portal_alunos\system\Database\MySQLi\Connection.php(292): mysqli->query('SELECT *\nFROM `...', 0)
#1 C:\Users\vinic\Documents\SN\portal_alunos\system\Database\BaseConnection.php(670): CodeIgniter\Database\MySQLi\Connection->execute('SELECT *\nFROM `...')
#2 C:\Users\vinic\Documents\SN\portal_alunos\system\Database\BaseConnection.php(598): CodeIgniter\Database\BaseConnection->simpleQuery('SELECT *\nFROM `...')
#3 C:\Users\vinic\Documents\SN\portal_alunos\system\Database\BaseBuilder.php(1455): CodeIgniter\Database\BaseConnection->query('SELECT *\nFROM `...', Array, false)
#4 C:\Users\vinic\Documents\SN\portal_alunos\system\Model.php(728): CodeIgniter\Database\BaseBuilder->get()
#5 C:\Users\vinic\Documents\SN\portal_alunos\app\Models\DisciplinaModel.php(195): CodeIgniter\Model->__call('get', Array)
#6 C:\Users\vinic\Documents\SN\portal_alunos\app\Controllers\Disciplinas.php(48): App\Models\DisciplinaModel->disciplinasAluno(Array)
#7 C:\Users\vinic\Documents\SN\portal_alunos\system\CodeIgniter.php(832): App\Controllers\Disciplinas->index()
#8 C:\Users\vinic\Documents\SN\portal_alunos\system\CodeIgniter.php(419): CodeIgniter\CodeIgniter->runController(Object(App\Controllers\Disciplinas))
#9 C:\Users\vinic\Documents\SN\portal_alunos\system\CodeIgniter.php(326): CodeIgniter\CodeIgniter->handleRequest(NULL, Object(Config\Cache), false)
#10 C:\Users\vinic\Documents\SN\portal_alunos\public\index.php(37): CodeIgniter\CodeIgniter->run()
#11 C:\Users\vinic\Documents\SN\portal_alunos\system\Commands\Server\rewrite.php(43): require_once('C:\\Users\\vinic\\...')
#12 {main}
ERROR - 2022-07-25 13:15:23 --> Operand should contain 1 column(s)
CRITICAL - 2022-07-25 13:15:23 --> Operand should contain 1 column(s)
#0 C:\Users\vinic\Documents\SN\portal_alunos\system\Database\MySQLi\Connection.php(292): mysqli->query('SELECT *\nFROM `...', 0)
#1 C:\Users\vinic\Documents\SN\portal_alunos\system\Database\BaseConnection.php(670): CodeIgniter\Database\MySQLi\Connection->execute('SELECT *\nFROM `...')
#2 C:\Users\vinic\Documents\SN\portal_alunos\system\Database\BaseConnection.php(598): CodeIgniter\Database\BaseConnection->simpleQuery('SELECT *\nFROM `...')
#3 C:\Users\vinic\Documents\SN\portal_alunos\system\Database\BaseBuilder.php(1455): CodeIgniter\Database\BaseConnection->query('SELECT *\nFROM `...', Array, false)
#4 C:\Users\vinic\Documents\SN\portal_alunos\system\Model.php(728): CodeIgniter\Database\BaseBuilder->get()
#5 C:\Users\vinic\Documents\SN\portal_alunos\app\Models\DisciplinaModel.php(195): CodeIgniter\Model->__call('get', Array)
#6 C:\Users\vinic\Documents\SN\portal_alunos\app\Controllers\Disciplinas.php(48): App\Models\DisciplinaModel->disciplinasAluno(Array)
#7 C:\Users\vinic\Documents\SN\portal_alunos\system\CodeIgniter.php(832): App\Controllers\Disciplinas->index()
#8 C:\Users\vinic\Documents\SN\portal_alunos\system\CodeIgniter.php(419): CodeIgniter\CodeIgniter->runController(Object(App\Controllers\Disciplinas))
#9 C:\Users\vinic\Documents\SN\portal_alunos\system\CodeIgniter.php(326): CodeIgniter\CodeIgniter->handleRequest(NULL, Object(Config\Cache), false)
#10 C:\Users\vinic\Documents\SN\portal_alunos\public\index.php(37): CodeIgniter\CodeIgniter->run()
#11 C:\Users\vinic\Documents\SN\portal_alunos\system\Commands\Server\rewrite.php(43): require_once('C:\\Users\\vinic\\...')
#12 {main}
CRITICAL - 2022-07-25 13:16:42 --> Undefined variable: disciplinasAluno
#0 C:\Users\vinic\Documents\SN\portal_alunos\app\Views\disciplinas\aluno.php(65): CodeIgniter\Debug\Exceptions->errorHandler(8, 'Undefined varia...', 'C:\\Users\\vinic\\...', 65, Array)
#1 C:\Users\vinic\Documents\SN\portal_alunos\system\View\View.php(210): include('C:\\Users\\vinic\\...')
#2 C:\Users\vinic\Documents\SN\portal_alunos\system\View\View.php(213): CodeIgniter\View\View->CodeIgniter\View\{closure}()
#3 C:\Users\vinic\Documents\SN\portal_alunos\system\Common.php(1089): CodeIgniter\View\View->render('disciplinas/alu...', Array, true)
#4 C:\Users\vinic\Documents\SN\portal_alunos\app\Controllers\Disciplinas.php(48): view('disciplinas/alu...', Array)
#5 C:\Users\vinic\Documents\SN\portal_alunos\system\CodeIgniter.php(832): App\Controllers\Disciplinas->index()
#6 C:\Users\vinic\Documents\SN\portal_alunos\system\CodeIgniter.php(419): CodeIgniter\CodeIgniter->runController(Object(App\Controllers\Disciplinas))
#7 C:\Users\vinic\Documents\SN\portal_alunos\system\CodeIgniter.php(326): CodeIgniter\CodeIgniter->handleRequest(NULL, Object(Config\Cache), false)
#8 C:\Users\vinic\Documents\SN\portal_alunos\public\index.php(37): CodeIgniter\CodeIgniter->run()
#9 C:\Users\vinic\Documents\SN\portal_alunos\system\Commands\Server\rewrite.php(43): require_once('C:\\Users\\vinic\\...')
#10 {main}
CRITICAL - 2022-07-25 13:28:02 --> Too few arguments to function App\Controllers\Ajax\Disciplinas::atribuiAluno(), 0 passed in C:\Users\vinic\Documents\SN\portal_alunos\system\CodeIgniter.php on line 832 and exactly 1 expected
#0 C:\Users\vinic\Documents\SN\portal_alunos\system\CodeIgniter.php(832): App\Controllers\Ajax\Disciplinas->atribuiAluno()
#1 C:\Users\vinic\Documents\SN\portal_alunos\system\CodeIgniter.php(419): CodeIgniter\CodeIgniter->runController(Object(App\Controllers\Ajax\Disciplinas))
#2 C:\Users\vinic\Documents\SN\portal_alunos\system\CodeIgniter.php(326): CodeIgniter\CodeIgniter->handleRequest(NULL, Object(Config\Cache), false)
#3 C:\Users\vinic\Documents\SN\portal_alunos\public\index.php(37): CodeIgniter\CodeIgniter->run()
#4 C:\Users\vinic\Documents\SN\portal_alunos\system\Commands\Server\rewrite.php(43): require_once('C:\\Users\\vinic\\...')
#5 {main}
CRITICAL - 2022-07-25 13:28:06 --> Too few arguments to function App\Controllers\Ajax\Disciplinas::atribuiAluno(), 0 passed in C:\Users\vinic\Documents\SN\portal_alunos\system\CodeIgniter.php on line 832 and exactly 1 expected
#0 C:\Users\vinic\Documents\SN\portal_alunos\system\CodeIgniter.php(832): App\Controllers\Ajax\Disciplinas->atribuiAluno()
#1 C:\Users\vinic\Documents\SN\portal_alunos\system\CodeIgniter.php(419): CodeIgniter\CodeIgniter->runController(Object(App\Controllers\Ajax\Disciplinas))
#2 C:\Users\vinic\Documents\SN\portal_alunos\system\CodeIgniter.php(326): CodeIgniter\CodeIgniter->handleRequest(NULL, Object(Config\Cache), false)
#3 C:\Users\vinic\Documents\SN\portal_alunos\public\index.php(37): CodeIgniter\CodeIgniter->run()
#4 C:\Users\vinic\Documents\SN\portal_alunos\system\Commands\Server\rewrite.php(43): require_once('C:\\Users\\vinic\\...')
#5 {main}
CRITICAL - 2022-07-25 13:28:19 --> Too few arguments to function App\Controllers\Ajax\Disciplinas::atribuiAluno(), 0 passed in C:\Users\vinic\Documents\SN\portal_alunos\system\CodeIgniter.php on line 832 and exactly 1 expected
#0 C:\Users\vinic\Documents\SN\portal_alunos\system\CodeIgniter.php(832): App\Controllers\Ajax\Disciplinas->atribuiAluno()
#1 C:\Users\vinic\Documents\SN\portal_alunos\system\CodeIgniter.php(419): CodeIgniter\CodeIgniter->runController(Object(App\Controllers\Ajax\Disciplinas))
#2 C:\Users\vinic\Documents\SN\portal_alunos\system\CodeIgniter.php(326): CodeIgniter\CodeIgniter->handleRequest(NULL, Object(Config\Cache), false)
#3 C:\Users\vinic\Documents\SN\portal_alunos\public\index.php(37): CodeIgniter\CodeIgniter->run()
#4 C:\Users\vinic\Documents\SN\portal_alunos\system\Commands\Server\rewrite.php(43): require_once('C:\\Users\\vinic\\...')
#5 {main}
CRITICAL - 2022-07-25 13:28:20 --> Too few arguments to function App\Controllers\Ajax\Disciplinas::atribuiAluno(), 0 passed in C:\Users\vinic\Documents\SN\portal_alunos\system\CodeIgniter.php on line 832 and exactly 1 expected
#0 C:\Users\vinic\Documents\SN\portal_alunos\system\CodeIgniter.php(832): App\Controllers\Ajax\Disciplinas->atribuiAluno()
#1 C:\Users\vinic\Documents\SN\portal_alunos\system\CodeIgniter.php(419): CodeIgniter\CodeIgniter->runController(Object(App\Controllers\Ajax\Disciplinas))
#2 C:\Users\vinic\Documents\SN\portal_alunos\system\CodeIgniter.php(326): CodeIgniter\CodeIgniter->handleRequest(NULL, Object(Config\Cache), false)
#3 C:\Users\vinic\Documents\SN\portal_alunos\public\index.php(37): CodeIgniter\CodeIgniter->run()
#4 C:\Users\vinic\Documents\SN\portal_alunos\system\Commands\Server\rewrite.php(43): require_once('C:\\Users\\vinic\\...')
#5 {main}
CRITICAL - 2022-07-25 13:28:21 --> Too few arguments to function App\Controllers\Ajax\Disciplinas::atribuiAluno(), 0 passed in C:\Users\vinic\Documents\SN\portal_alunos\system\CodeIgniter.php on line 832 and exactly 1 expected
#0 C:\Users\vinic\Documents\SN\portal_alunos\system\CodeIgniter.php(832): App\Controllers\Ajax\Disciplinas->atribuiAluno()
#1 C:\Users\vinic\Documents\SN\portal_alunos\system\CodeIgniter.php(419): CodeIgniter\CodeIgniter->runController(Object(App\Controllers\Ajax\Disciplinas))
#2 C:\Users\vinic\Documents\SN\portal_alunos\system\CodeIgniter.php(326): CodeIgniter\CodeIgniter->handleRequest(NULL, Object(Config\Cache), false)
#3 C:\Users\vinic\Documents\SN\portal_alunos\public\index.php(37): CodeIgniter\CodeIgniter->run()
#4 C:\Users\vinic\Documents\SN\portal_alunos\system\Commands\Server\rewrite.php(43): require_once('C:\\Users\\vinic\\...')
#5 {main}
CRITICAL - 2022-07-25 13:40:45 --> Too few arguments to function App\Controllers\Ajax\Disciplinas::novaDisciplina(), 0 passed in C:\Users\vinic\Documents\SN\portal_alunos\system\CodeIgniter.php on line 832 and exactly 2 expected
#0 C:\Users\vinic\Documents\SN\portal_alunos\system\CodeIgniter.php(832): App\Controllers\Ajax\Disciplinas->novaDisciplina()
#1 C:\Users\vinic\Documents\SN\portal_alunos\system\CodeIgniter.php(419): CodeIgniter\CodeIgniter->runController(Object(App\Controllers\Ajax\Disciplinas))
#2 C:\Users\vinic\Documents\SN\portal_alunos\system\CodeIgniter.php(326): CodeIgniter\CodeIgniter->handleRequest(NULL, Object(Config\Cache), false)
#3 C:\Users\vinic\Documents\SN\portal_alunos\public\index.php(37): CodeIgniter\CodeIgniter->run()
#4 C:\Users\vinic\Documents\SN\portal_alunos\system\Commands\Server\rewrite.php(43): require_once('C:\\Users\\vinic\\...')
#5 {main}
CRITICAL - 2022-07-25 13:40:46 --> Too few arguments to function App\Controllers\Ajax\Disciplinas::novaDisciplina(), 0 passed in C:\Users\vinic\Documents\SN\portal_alunos\system\CodeIgniter.php on line 832 and exactly 2 expected
#0 C:\Users\vinic\Documents\SN\portal_alunos\system\CodeIgniter.php(832): App\Controllers\Ajax\Disciplinas->novaDisciplina()
#1 C:\Users\vinic\Documents\SN\portal_alunos\system\CodeIgniter.php(419): CodeIgniter\CodeIgniter->runController(Object(App\Controllers\Ajax\Disciplinas))
#2 C:\Users\vinic\Documents\SN\portal_alunos\system\CodeIgniter.php(326): CodeIgniter\CodeIgniter->handleRequest(NULL, Object(Config\Cache), false)
#3 C:\Users\vinic\Documents\SN\portal_alunos\public\index.php(37): CodeIgniter\CodeIgniter->run()
#4 C:\Users\vinic\Documents\SN\portal_alunos\system\Commands\Server\rewrite.php(43): require_once('C:\\Users\\vinic\\...')
#5 {main}
CRITICAL - 2022-07-25 13:40:48 --> Too few arguments to function App\Controllers\Ajax\Disciplinas::novaDisciplina(), 1 passed in C:\Users\vinic\Documents\SN\portal_alunos\system\CodeIgniter.php on line 832 and exactly 2 expected
#0 C:\Users\vinic\Documents\SN\portal_alunos\system\CodeIgniter.php(832): App\Controllers\Ajax\Disciplinas->novaDisciplina('123')
#1 C:\Users\vinic\Documents\SN\portal_alunos\system\CodeIgniter.php(419): CodeIgniter\CodeIgniter->runController(Object(App\Controllers\Ajax\Disciplinas))
#2 C:\Users\vinic\Documents\SN\portal_alunos\system\CodeIgniter.php(326): CodeIgniter\CodeIgniter->handleRequest(NULL, Object(Config\Cache), false)
#3 C:\Users\vinic\Documents\SN\portal_alunos\public\index.php(37): CodeIgniter\CodeIgniter->run()
#4 C:\Users\vinic\Documents\SN\portal_alunos\system\Commands\Server\rewrite.php(43): require_once('C:\\Users\\vinic\\...')
#5 {main}
CRITICAL - 2022-07-25 13:40:48 --> Too few arguments to function App\Controllers\Ajax\Disciplinas::novaDisciplina(), 1 passed in C:\Users\vinic\Documents\SN\portal_alunos\system\CodeIgniter.php on line 832 and exactly 2 expected
#0 C:\Users\vinic\Documents\SN\portal_alunos\system\CodeIgniter.php(832): App\Controllers\Ajax\Disciplinas->novaDisciplina('123')
#1 C:\Users\vinic\Documents\SN\portal_alunos\system\CodeIgniter.php(419): CodeIgniter\CodeIgniter->runController(Object(App\Controllers\Ajax\Disciplinas))
#2 C:\Users\vinic\Documents\SN\portal_alunos\system\CodeIgniter.php(326): CodeIgniter\CodeIgniter->handleRequest(NULL, Object(Config\Cache), false)
#3 C:\Users\vinic\Documents\SN\portal_alunos\public\index.php(37): CodeIgniter\CodeIgniter->run()
#4 C:\Users\vinic\Documents\SN\portal_alunos\system\Commands\Server\rewrite.php(43): require_once('C:\\Users\\vinic\\...')
#5 {main}
CRITICAL - 2022-07-25 13:40:48 --> Too few arguments to function App\Controllers\Ajax\Disciplinas::novaDisciplina(), 1 passed in C:\Users\vinic\Documents\SN\portal_alunos\system\CodeIgniter.php on line 832 and exactly 2 expected
#0 C:\Users\vinic\Documents\SN\portal_alunos\system\CodeIgniter.php(832): App\Controllers\Ajax\Disciplinas->novaDisciplina('123')
#1 C:\Users\vinic\Documents\SN\portal_alunos\system\CodeIgniter.php(419): CodeIgniter\CodeIgniter->runController(Object(App\Controllers\Ajax\Disciplinas))
#2 C:\Users\vinic\Documents\SN\portal_alunos\system\CodeIgniter.php(326): CodeIgniter\CodeIgniter->handleRequest(NULL, Object(Config\Cache), false)
#3 C:\Users\vinic\Documents\SN\portal_alunos\public\index.php(37): CodeIgniter\CodeIgniter->run()
#4 C:\Users\vinic\Documents\SN\portal_alunos\system\Commands\Server\rewrite.php(43): require_once('C:\\Users\\vinic\\...')
#5 {main}
CRITICAL - 2022-07-25 13:40:49 --> Too few arguments to function App\Controllers\Ajax\Disciplinas::novaDisciplina(), 1 passed in C:\Users\vinic\Documents\SN\portal_alunos\system\CodeIgniter.php on line 832 and exactly 2 expected
#0 C:\Users\vinic\Documents\SN\portal_alunos\system\CodeIgniter.php(832): App\Controllers\Ajax\Disciplinas->novaDisciplina('123')
#1 C:\Users\vinic\Documents\SN\portal_alunos\system\CodeIgniter.php(419): CodeIgniter\CodeIgniter->runController(Object(App\Controllers\Ajax\Disciplinas))
#2 C:\Users\vinic\Documents\SN\portal_alunos\system\CodeIgniter.php(326): CodeIgniter\CodeIgniter->handleRequest(NULL, Object(Config\Cache), false)
#3 C:\Users\vinic\Documents\SN\portal_alunos\public\index.php(37): CodeIgniter\CodeIgniter->run()
#4 C:\Users\vinic\Documents\SN\portal_alunos\system\Commands\Server\rewrite.php(43): require_once('C:\\Users\\vinic\\...')
#5 {main}
CRITICAL - 2022-07-25 13:40:49 --> Too few arguments to function App\Controllers\Ajax\Disciplinas::novaDisciplina(), 1 passed in C:\Users\vinic\Documents\SN\portal_alunos\system\CodeIgniter.php on line 832 and exactly 2 expected
#0 C:\Users\vinic\Documents\SN\portal_alunos\system\CodeIgniter.php(832): App\Controllers\Ajax\Disciplinas->novaDisciplina('123')
#1 C:\Users\vinic\Documents\SN\portal_alunos\system\CodeIgniter.php(419): CodeIgniter\CodeIgniter->runController(Object(App\Controllers\Ajax\Disciplinas))
#2 C:\Users\vinic\Documents\SN\portal_alunos\system\CodeIgniter.php(326): CodeIgniter\CodeIgniter->handleRequest(NULL, Object(Config\Cache), false)
#3 C:\Users\vinic\Documents\SN\portal_alunos\public\index.php(37): CodeIgniter\CodeIgniter->run()
#4 C:\Users\vinic\Documents\SN\portal_alunos\system\Commands\Server\rewrite.php(43): require_once('C:\\Users\\vinic\\...')
#5 {main}
CRITICAL - 2022-07-25 13:49:27 --> Too few arguments to function App\Controllers\Ajax\Disciplinas::novaDisciplina(), 0 passed in C:\Users\vinic\Documents\SN\portal_alunos\system\CodeIgniter.php on line 832 and exactly 2 expected
#0 C:\Users\vinic\Documents\SN\portal_alunos\system\CodeIgniter.php(832): App\Controllers\Ajax\Disciplinas->novaDisciplina()
#1 C:\Users\vinic\Documents\SN\portal_alunos\system\CodeIgniter.php(419): CodeIgniter\CodeIgniter->runController(Object(App\Controllers\Ajax\Disciplinas))
#2 C:\Users\vinic\Documents\SN\portal_alunos\system\CodeIgniter.php(326): CodeIgniter\CodeIgniter->handleRequest(NULL, Object(Config\Cache), false)
#3 C:\Users\vinic\Documents\SN\portal_alunos\public\index.php(37): CodeIgniter\CodeIgniter->run()
#4 C:\Users\vinic\Documents\SN\portal_alunos\system\Commands\Server\rewrite.php(43): require_once('C:\\Users\\vinic\\...')
#5 {main}
CRITICAL - 2022-07-25 13:49:37 --> Too few arguments to function App\Controllers\Ajax\Disciplinas::novaDisciplina(), 0 passed in C:\Users\vinic\Documents\SN\portal_alunos\system\CodeIgniter.php on line 832 and exactly 2 expected
#0 C:\Users\vinic\Documents\SN\portal_alunos\system\CodeIgniter.php(832): App\Controllers\Ajax\Disciplinas->novaDisciplina()
#1 C:\Users\vinic\Documents\SN\portal_alunos\system\CodeIgniter.php(419): CodeIgniter\CodeIgniter->runController(Object(App\Controllers\Ajax\Disciplinas))
#2 C:\Users\vinic\Documents\SN\portal_alunos\system\CodeIgniter.php(326): CodeIgniter\CodeIgniter->handleRequest(NULL, Object(Config\Cache), false)
#3 C:\Users\vinic\Documents\SN\portal_alunos\public\index.php(37): CodeIgniter\CodeIgniter->run()
#4 C:\Users\vinic\Documents\SN\portal_alunos\system\Commands\Server\rewrite.php(43): require_once('C:\\Users\\vinic\\...')
#5 {main}
CRITICAL - 2022-07-25 13:49:41 --> Too few arguments to function App\Controllers\Ajax\Disciplinas::novaDisciplina(), 0 passed in C:\Users\vinic\Documents\SN\portal_alunos\system\CodeIgniter.php on line 832 and exactly 2 expected
#0 C:\Users\vinic\Documents\SN\portal_alunos\system\CodeIgniter.php(832): App\Controllers\Ajax\Disciplinas->novaDisciplina()
#1 C:\Users\vinic\Documents\SN\portal_alunos\system\CodeIgniter.php(419): CodeIgniter\CodeIgniter->runController(Object(App\Controllers\Ajax\Disciplinas))
#2 C:\Users\vinic\Documents\SN\portal_alunos\system\CodeIgniter.php(326): CodeIgniter\CodeIgniter->handleRequest(NULL, Object(Config\Cache), false)
#3 C:\Users\vinic\Documents\SN\portal_alunos\public\index.php(37): CodeIgniter\CodeIgniter->run()
#4 C:\Users\vinic\Documents\SN\portal_alunos\system\Commands\Server\rewrite.php(43): require_once('C:\\Users\\vinic\\...')
#5 {main}
