ERROR - 2022-07-19 07:12:09 --> Error connecting to the database: Nenhuma conexão pôde ser feita porque a máquina de destino as recusou ativamente.

CRITICAL - 2022-07-19 07:12:09 --> Unable to connect to the database.
Main connection [MySQLi]: Nenhuma conexão pôde ser feita porque a máquina de destino as recusou ativamente.

#0 C:\Users\vinic\Documents\SN\portal_alunos\system\Database\BaseConnection.php(577): CodeIgniter\Database\BaseConnection->initialize()
#1 C:\Users\vinic\Documents\SN\portal_alunos\system\Database\BaseBuilder.php(1455): CodeIgniter\Database\BaseConnection->query('SELECT *\nFROM `...', Array, false)
#2 C:\Users\vinic\Documents\SN\portal_alunos\system\Model.php(210): CodeIgniter\Database\BaseBuilder->get()
#3 C:\Users\vinic\Documents\SN\portal_alunos\system\BaseModel.php(622): CodeIgniter\Model->doFirst()
#4 C:\Users\vinic\Documents\SN\portal_alunos\app\Models\UsuarioModel.php(54): CodeIgniter\BaseModel->first()
#5 C:\Users\vinic\Documents\SN\portal_alunos\app\Controllers\Login.php(49): App\Models\UsuarioModel->verificaTipoLogin('vinnyzika2.0@gm...', '123')
#6 C:\Users\vinic\Documents\SN\portal_alunos\system\CodeIgniter.php(832): App\Controllers\Login->login()
#7 C:\Users\vinic\Documents\SN\portal_alunos\system\CodeIgniter.php(419): CodeIgniter\CodeIgniter->runController(Object(App\Controllers\Login))
#8 C:\Users\vinic\Documents\SN\portal_alunos\system\CodeIgniter.php(326): CodeIgniter\CodeIgniter->handleRequest(NULL, Object(Config\Cache), false)
#9 C:\Users\vinic\Documents\SN\portal_alunos\public\index.php(37): CodeIgniter\CodeIgniter->run()
#10 C:\Users\vinic\Documents\SN\portal_alunos\system\Commands\Server\rewrite.php(43): require_once('C:\\Users\\vinic\\...')
#11 {main}
CRITICAL - 2022-07-19 07:35:14 --> pagination is not a valid Pager template.
#0 C:\Users\vinic\Documents\SN\portal_alunos\system\Pager\Pager.php(120): CodeIgniter\Pager\Exceptions\PagerException::forInvalidTemplate('pagination')
#1 C:\Users\vinic\Documents\SN\portal_alunos\system\Pager\Pager.php(83): CodeIgniter\Pager\Pager->displayLinks('gestorAll', 'pagination')
#2 C:\Users\vinic\Documents\SN\portal_alunos\app\Views\disciplinas\gestor.php(51): CodeIgniter\Pager\Pager->links('gestorAll', 'pagination')
#3 C:\Users\vinic\Documents\SN\portal_alunos\system\View\View.php(210): include('C:\\Users\\vinic\\...')
#4 C:\Users\vinic\Documents\SN\portal_alunos\system\View\View.php(213): CodeIgniter\View\View->CodeIgniter\View\{closure}()
#5 C:\Users\vinic\Documents\SN\portal_alunos\system\Common.php(1089): CodeIgniter\View\View->render('disciplinas/ges...', Array, true)
#6 C:\Users\vinic\Documents\SN\portal_alunos\app\Controllers\Disciplinas.php(60): view('disciplinas/ges...', Array)
#7 C:\Users\vinic\Documents\SN\portal_alunos\system\CodeIgniter.php(832): App\Controllers\Disciplinas->index()
#8 C:\Users\vinic\Documents\SN\portal_alunos\system\CodeIgniter.php(419): CodeIgniter\CodeIgniter->runController(Object(App\Controllers\Disciplinas))
#9 C:\Users\vinic\Documents\SN\portal_alunos\system\CodeIgniter.php(326): CodeIgniter\CodeIgniter->handleRequest(NULL, Object(Config\Cache), false)
#10 C:\Users\vinic\Documents\SN\portal_alunos\public\index.php(37): CodeIgniter\CodeIgniter->run()
#11 C:\Users\vinic\Documents\SN\portal_alunos\system\Commands\Server\rewrite.php(43): require_once('C:\\Users\\vinic\\...')
#12 {main}
CRITICAL - 2022-07-19 07:36:05 --> pagination is not a valid Pager template.
#0 C:\Users\vinic\Documents\SN\portal_alunos\system\Pager\Pager.php(120): CodeIgniter\Pager\Exceptions\PagerException::forInvalidTemplate('pagination')
#1 C:\Users\vinic\Documents\SN\portal_alunos\system\Pager\Pager.php(83): CodeIgniter\Pager\Pager->displayLinks('gestorAll', 'pagination')
#2 C:\Users\vinic\Documents\SN\portal_alunos\app\Views\disciplinas\gestor.php(51): CodeIgniter\Pager\Pager->links('gestorAll', 'pagination')
#3 C:\Users\vinic\Documents\SN\portal_alunos\system\View\View.php(210): include('C:\\Users\\vinic\\...')
#4 C:\Users\vinic\Documents\SN\portal_alunos\system\View\View.php(213): CodeIgniter\View\View->CodeIgniter\View\{closure}()
#5 C:\Users\vinic\Documents\SN\portal_alunos\system\Common.php(1089): CodeIgniter\View\View->render('disciplinas/ges...', Array, true)
#6 C:\Users\vinic\Documents\SN\portal_alunos\app\Controllers\Disciplinas.php(60): view('disciplinas/ges...', Array)
#7 C:\Users\vinic\Documents\SN\portal_alunos\system\CodeIgniter.php(832): App\Controllers\Disciplinas->index()
#8 C:\Users\vinic\Documents\SN\portal_alunos\system\CodeIgniter.php(419): CodeIgniter\CodeIgniter->runController(Object(App\Controllers\Disciplinas))
#9 C:\Users\vinic\Documents\SN\portal_alunos\system\CodeIgniter.php(326): CodeIgniter\CodeIgniter->handleRequest(NULL, Object(Config\Cache), false)
#10 C:\Users\vinic\Documents\SN\portal_alunos\public\index.php(37): CodeIgniter\CodeIgniter->run()
#11 C:\Users\vinic\Documents\SN\portal_alunos\system\Commands\Server\rewrite.php(43): require_once('C:\\Users\\vinic\\...')
#12 {main}
CRITICAL - 2022-07-19 07:37:17 --> Invalid file: \Pages\pagination_template.php
#0 C:\Users\vinic\Documents\SN\portal_alunos\system\View\View.php(198): CodeIgniter\Exceptions\FrameworkException::forInvalidFile('\\Pages\\paginati...')
#1 C:\Users\vinic\Documents\SN\portal_alunos\system\Pager\Pager.php(125): CodeIgniter\View\View->render('\\Pages\\paginati...')
#2 C:\Users\vinic\Documents\SN\portal_alunos\system\Pager\Pager.php(83): CodeIgniter\Pager\Pager->displayLinks('gestorAll', 'pagination')
#3 C:\Users\vinic\Documents\SN\portal_alunos\app\Views\disciplinas\gestor.php(51): CodeIgniter\Pager\Pager->links('gestorAll', 'pagination')
#4 C:\Users\vinic\Documents\SN\portal_alunos\system\View\View.php(210): include('C:\\Users\\vinic\\...')
#5 C:\Users\vinic\Documents\SN\portal_alunos\system\View\View.php(213): CodeIgniter\View\View->CodeIgniter\View\{closure}()
#6 C:\Users\vinic\Documents\SN\portal_alunos\system\Common.php(1089): CodeIgniter\View\View->render('disciplinas/ges...', Array, true)
#7 C:\Users\vinic\Documents\SN\portal_alunos\app\Controllers\Disciplinas.php(60): view('disciplinas/ges...', Array)
#8 C:\Users\vinic\Documents\SN\portal_alunos\system\CodeIgniter.php(832): App\Controllers\Disciplinas->index()
#9 C:\Users\vinic\Documents\SN\portal_alunos\system\CodeIgniter.php(419): CodeIgniter\CodeIgniter->runController(Object(App\Controllers\Disciplinas))
#10 C:\Users\vinic\Documents\SN\portal_alunos\system\CodeIgniter.php(326): CodeIgniter\CodeIgniter->handleRequest(NULL, Object(Config\Cache), false)
#11 C:\Users\vinic\Documents\SN\portal_alunos\public\index.php(37): CodeIgniter\CodeIgniter->run()
#12 C:\Users\vinic\Documents\SN\portal_alunos\system\Commands\Server\rewrite.php(43): require_once('C:\\Users\\vinic\\...')
#13 {main}
ERROR - 2022-07-19 07:43:01 --> You have an error in your SQL syntax; check the manual that corresponds to your MariaDB server version for the right syntax to use near ')' at line 3
CRITICAL - 2022-07-19 07:43:01 --> You have an error in your SQL syntax; check the manual that corresponds to your MariaDB server version for the right syntax to use near ')' at line 3
#0 C:\Users\vinic\Documents\SN\portal_alunos\system\Database\MySQLi\Connection.php(292): mysqli->query('SELECT *\nFROM `...', 0)
#1 C:\Users\vinic\Documents\SN\portal_alunos\system\Database\BaseConnection.php(670): CodeIgniter\Database\MySQLi\Connection->execute('SELECT *\nFROM `...')
#2 C:\Users\vinic\Documents\SN\portal_alunos\system\Database\BaseConnection.php(598): CodeIgniter\Database\BaseConnection->simpleQuery('SELECT *\nFROM `...')
#3 C:\Users\vinic\Documents\SN\portal_alunos\system\Database\BaseBuilder.php(1455): CodeIgniter\Database\BaseConnection->query('SELECT *\nFROM `...', Array, false)
#4 C:\Users\vinic\Documents\SN\portal_alunos\system\Model.php(728): CodeIgniter\Database\BaseBuilder->get()
#5 C:\Users\vinic\Documents\SN\portal_alunos\app\Models\DisciplinaModel.php(135): CodeIgniter\Model->__call('get', Array)
#6 C:\Users\vinic\Documents\SN\portal_alunos\app\Controllers\Disciplinas.php(41): App\Models\DisciplinaModel->disciplinasLivres(Array)
#7 C:\Users\vinic\Documents\SN\portal_alunos\system\CodeIgniter.php(832): App\Controllers\Disciplinas->index()
#8 C:\Users\vinic\Documents\SN\portal_alunos\system\CodeIgniter.php(419): CodeIgniter\CodeIgniter->runController(Object(App\Controllers\Disciplinas))
#9 C:\Users\vinic\Documents\SN\portal_alunos\system\CodeIgniter.php(326): CodeIgniter\CodeIgniter->handleRequest(NULL, Object(Config\Cache), false)
#10 C:\Users\vinic\Documents\SN\portal_alunos\public\index.php(37): CodeIgniter\CodeIgniter->run()
#11 C:\Users\vinic\Documents\SN\portal_alunos\system\Commands\Server\rewrite.php(43): require_once('C:\\Users\\vinic\\...')
#12 {main}
ERROR - 2022-07-19 07:49:43 --> You have an error in your SQL syntax; check the manual that corresponds to your MariaDB server version for the right syntax to use near ')' at line 3
CRITICAL - 2022-07-19 07:49:43 --> You have an error in your SQL syntax; check the manual that corresponds to your MariaDB server version for the right syntax to use near ')' at line 3
#0 C:\Users\vinic\Documents\SN\portal_alunos\system\Database\MySQLi\Connection.php(292): mysqli->query('SELECT *\nFROM `...', 0)
#1 C:\Users\vinic\Documents\SN\portal_alunos\system\Database\BaseConnection.php(670): CodeIgniter\Database\MySQLi\Connection->execute('SELECT *\nFROM `...')
#2 C:\Users\vinic\Documents\SN\portal_alunos\system\Database\BaseConnection.php(598): CodeIgniter\Database\BaseConnection->simpleQuery('SELECT *\nFROM `...')
#3 C:\Users\vinic\Documents\SN\portal_alunos\system\Database\BaseBuilder.php(1455): CodeIgniter\Database\BaseConnection->query('SELECT *\nFROM `...', Array, false)
#4 C:\Users\vinic\Documents\SN\portal_alunos\system\Model.php(728): CodeIgniter\Database\BaseBuilder->get()
#5 C:\Users\vinic\Documents\SN\portal_alunos\app\Models\DisciplinaModel.php(149): CodeIgniter\Model->__call('get', Array)
#6 C:\Users\vinic\Documents\SN\portal_alunos\app\Controllers\Disciplinas.php(41): App\Models\DisciplinaModel->disciplinasLivres(Array)
#7 C:\Users\vinic\Documents\SN\portal_alunos\system\CodeIgniter.php(832): App\Controllers\Disciplinas->index()
#8 C:\Users\vinic\Documents\SN\portal_alunos\system\CodeIgniter.php(419): CodeIgniter\CodeIgniter->runController(Object(App\Controllers\Disciplinas))
#9 C:\Users\vinic\Documents\SN\portal_alunos\system\CodeIgniter.php(326): CodeIgniter\CodeIgniter->handleRequest(NULL, Object(Config\Cache), false)
#10 C:\Users\vinic\Documents\SN\portal_alunos\public\index.php(37): CodeIgniter\CodeIgniter->run()
#11 C:\Users\vinic\Documents\SN\portal_alunos\system\Commands\Server\rewrite.php(43): require_once('C:\\Users\\vinic\\...')
#12 {main}
ERROR - 2022-07-19 07:50:07 --> You have an error in your SQL syntax; check the manual that corresponds to your MariaDB server version for the right syntax to use near ')' at line 3
CRITICAL - 2022-07-19 07:50:07 --> You have an error in your SQL syntax; check the manual that corresponds to your MariaDB server version for the right syntax to use near ')' at line 3
#0 C:\Users\vinic\Documents\SN\portal_alunos\system\Database\MySQLi\Connection.php(292): mysqli->query('SELECT *\nFROM `...', 0)
#1 C:\Users\vinic\Documents\SN\portal_alunos\system\Database\BaseConnection.php(670): CodeIgniter\Database\MySQLi\Connection->execute('SELECT *\nFROM `...')
#2 C:\Users\vinic\Documents\SN\portal_alunos\system\Database\BaseConnection.php(598): CodeIgniter\Database\BaseConnection->simpleQuery('SELECT *\nFROM `...')
#3 C:\Users\vinic\Documents\SN\portal_alunos\system\Database\BaseBuilder.php(1455): CodeIgniter\Database\BaseConnection->query('SELECT *\nFROM `...', Array, false)
#4 C:\Users\vinic\Documents\SN\portal_alunos\system\Model.php(728): CodeIgniter\Database\BaseBuilder->get()
#5 C:\Users\vinic\Documents\SN\portal_alunos\app\Models\DisciplinaModel.php(149): CodeIgniter\Model->__call('get', Array)
#6 C:\Users\vinic\Documents\SN\portal_alunos\app\Controllers\Disciplinas.php(41): App\Models\DisciplinaModel->disciplinasLivres(Array)
#7 C:\Users\vinic\Documents\SN\portal_alunos\system\CodeIgniter.php(832): App\Controllers\Disciplinas->index()
#8 C:\Users\vinic\Documents\SN\portal_alunos\system\CodeIgniter.php(419): CodeIgniter\CodeIgniter->runController(Object(App\Controllers\Disciplinas))
#9 C:\Users\vinic\Documents\SN\portal_alunos\system\CodeIgniter.php(326): CodeIgniter\CodeIgniter->handleRequest(NULL, Object(Config\Cache), false)
#10 C:\Users\vinic\Documents\SN\portal_alunos\public\index.php(37): CodeIgniter\CodeIgniter->run()
#11 C:\Users\vinic\Documents\SN\portal_alunos\system\Commands\Server\rewrite.php(43): require_once('C:\\Users\\vinic\\...')
#12 {main}
ERROR - 2022-07-19 07:52:29 --> You have an error in your SQL syntax; check the manual that corresponds to your MariaDB server version for the right syntax to use near ')' at line 3
CRITICAL - 2022-07-19 07:52:29 --> You have an error in your SQL syntax; check the manual that corresponds to your MariaDB server version for the right syntax to use near ')' at line 3
#0 C:\Users\vinic\Documents\SN\portal_alunos\system\Database\MySQLi\Connection.php(292): mysqli->query('SELECT *\nFROM `...', 0)
#1 C:\Users\vinic\Documents\SN\portal_alunos\system\Database\BaseConnection.php(670): CodeIgniter\Database\MySQLi\Connection->execute('SELECT *\nFROM `...')
#2 C:\Users\vinic\Documents\SN\portal_alunos\system\Database\BaseConnection.php(598): CodeIgniter\Database\BaseConnection->simpleQuery('SELECT *\nFROM `...')
#3 C:\Users\vinic\Documents\SN\portal_alunos\system\Database\BaseBuilder.php(1455): CodeIgniter\Database\BaseConnection->query('SELECT *\nFROM `...', Array, false)
#4 C:\Users\vinic\Documents\SN\portal_alunos\system\Model.php(728): CodeIgniter\Database\BaseBuilder->get()
#5 C:\Users\vinic\Documents\SN\portal_alunos\app\Models\DisciplinaModel.php(149): CodeIgniter\Model->__call('get', Array)
#6 C:\Users\vinic\Documents\SN\portal_alunos\app\Controllers\Disciplinas.php(41): App\Models\DisciplinaModel->disciplinasLivres(Array)
#7 C:\Users\vinic\Documents\SN\portal_alunos\system\CodeIgniter.php(832): App\Controllers\Disciplinas->index()
#8 C:\Users\vinic\Documents\SN\portal_alunos\system\CodeIgniter.php(419): CodeIgniter\CodeIgniter->runController(Object(App\Controllers\Disciplinas))
#9 C:\Users\vinic\Documents\SN\portal_alunos\system\CodeIgniter.php(326): CodeIgniter\CodeIgniter->handleRequest(NULL, Object(Config\Cache), false)
#10 C:\Users\vinic\Documents\SN\portal_alunos\public\index.php(37): CodeIgniter\CodeIgniter->run()
#11 C:\Users\vinic\Documents\SN\portal_alunos\system\Commands\Server\rewrite.php(43): require_once('C:\\Users\\vinic\\...')
#12 {main}
ERROR - 2022-07-19 07:53:08 --> You have an error in your SQL syntax; check the manual that corresponds to your MariaDB server version for the right syntax to use near ')' at line 3
CRITICAL - 2022-07-19 07:53:08 --> You have an error in your SQL syntax; check the manual that corresponds to your MariaDB server version for the right syntax to use near ')' at line 3
#0 C:\Users\vinic\Documents\SN\portal_alunos\system\Database\MySQLi\Connection.php(292): mysqli->query('SELECT *\nFROM `...', 0)
#1 C:\Users\vinic\Documents\SN\portal_alunos\system\Database\BaseConnection.php(670): CodeIgniter\Database\MySQLi\Connection->execute('SELECT *\nFROM `...')
#2 C:\Users\vinic\Documents\SN\portal_alunos\system\Database\BaseConnection.php(598): CodeIgniter\Database\BaseConnection->simpleQuery('SELECT *\nFROM `...')
#3 C:\Users\vinic\Documents\SN\portal_alunos\system\Database\BaseBuilder.php(1455): CodeIgniter\Database\BaseConnection->query('SELECT *\nFROM `...', Array, false)
#4 C:\Users\vinic\Documents\SN\portal_alunos\system\Model.php(728): CodeIgniter\Database\BaseBuilder->get()
#5 C:\Users\vinic\Documents\SN\portal_alunos\app\Models\DisciplinaModel.php(149): CodeIgniter\Model->__call('get', Array)
#6 C:\Users\vinic\Documents\SN\portal_alunos\app\Controllers\Disciplinas.php(41): App\Models\DisciplinaModel->disciplinasLivres(Array)
#7 C:\Users\vinic\Documents\SN\portal_alunos\system\CodeIgniter.php(832): App\Controllers\Disciplinas->index()
#8 C:\Users\vinic\Documents\SN\portal_alunos\system\CodeIgniter.php(419): CodeIgniter\CodeIgniter->runController(Object(App\Controllers\Disciplinas))
#9 C:\Users\vinic\Documents\SN\portal_alunos\system\CodeIgniter.php(326): CodeIgniter\CodeIgniter->handleRequest(NULL, Object(Config\Cache), false)
#10 C:\Users\vinic\Documents\SN\portal_alunos\public\index.php(37): CodeIgniter\CodeIgniter->run()
#11 C:\Users\vinic\Documents\SN\portal_alunos\system\Commands\Server\rewrite.php(43): require_once('C:\\Users\\vinic\\...')
#12 {main}
CRITICAL - 2022-07-19 07:57:22 --> Call to undefined method App\Models\DisciplinaModel::disciplinasAluno
#0 C:\Users\vinic\Documents\SN\portal_alunos\app\Controllers\Disciplinas.php(42): CodeIgniter\Model->__call('disciplinasAlun...', Array)
#1 C:\Users\vinic\Documents\SN\portal_alunos\system\CodeIgniter.php(832): App\Controllers\Disciplinas->index()
#2 C:\Users\vinic\Documents\SN\portal_alunos\system\CodeIgniter.php(419): CodeIgniter\CodeIgniter->runController(Object(App\Controllers\Disciplinas))
#3 C:\Users\vinic\Documents\SN\portal_alunos\system\CodeIgniter.php(326): CodeIgniter\CodeIgniter->handleRequest(NULL, Object(Config\Cache), false)
#4 C:\Users\vinic\Documents\SN\portal_alunos\public\index.php(37): CodeIgniter\CodeIgniter->run()
#5 C:\Users\vinic\Documents\SN\portal_alunos\system\Commands\Server\rewrite.php(43): require_once('C:\\Users\\vinic\\...')
#6 {main}
CRITICAL - 2022-07-19 08:03:08 --> Undefined variable: disciplinasProfessor
#0 C:\Users\vinic\Documents\SN\portal_alunos\app\Views\disciplinas\aluno.php(14): CodeIgniter\Debug\Exceptions->errorHandler(8, 'Undefined varia...', 'C:\\Users\\vinic\\...', 14, Array)
#1 C:\Users\vinic\Documents\SN\portal_alunos\system\View\View.php(210): include('C:\\Users\\vinic\\...')
#2 C:\Users\vinic\Documents\SN\portal_alunos\system\View\View.php(213): CodeIgniter\View\View->CodeIgniter\View\{closure}()
#3 C:\Users\vinic\Documents\SN\portal_alunos\system\Common.php(1089): CodeIgniter\View\View->render('disciplinas/alu...', Array, true)
#4 C:\Users\vinic\Documents\SN\portal_alunos\app\Controllers\Disciplinas.php(43): view('disciplinas/alu...', Array)
#5 C:\Users\vinic\Documents\SN\portal_alunos\system\CodeIgniter.php(832): App\Controllers\Disciplinas->index()
#6 C:\Users\vinic\Documents\SN\portal_alunos\system\CodeIgniter.php(419): CodeIgniter\CodeIgniter->runController(Object(App\Controllers\Disciplinas))
#7 C:\Users\vinic\Documents\SN\portal_alunos\system\CodeIgniter.php(326): CodeIgniter\CodeIgniter->handleRequest(NULL, Object(Config\Cache), false)
#8 C:\Users\vinic\Documents\SN\portal_alunos\public\index.php(37): CodeIgniter\CodeIgniter->run()
#9 C:\Users\vinic\Documents\SN\portal_alunos\system\Commands\Server\rewrite.php(43): require_once('C:\\Users\\vinic\\...')
#10 {main}
CRITICAL - 2022-07-19 08:11:26 --> syntax error, unexpected '}', expecting ';'
#0 C:\Users\vinic\Documents\SN\portal_alunos\system\Router\Router.php(175): CodeIgniter\Router\Router->autoRoute('disciplinas')
#1 C:\Users\vinic\Documents\SN\portal_alunos\system\CodeIgniter.php(726): CodeIgniter\Router\Router->handle('disciplinas')
#2 C:\Users\vinic\Documents\SN\portal_alunos\system\CodeIgniter.php(368): CodeIgniter\CodeIgniter->tryToRouteIt(Object(CodeIgniter\Router\RouteCollection))
#3 C:\Users\vinic\Documents\SN\portal_alunos\system\CodeIgniter.php(326): CodeIgniter\CodeIgniter->handleRequest(NULL, Object(Config\Cache), false)
#4 C:\Users\vinic\Documents\SN\portal_alunos\public\index.php(37): CodeIgniter\CodeIgniter->run()
#5 C:\Users\vinic\Documents\SN\portal_alunos\system\Commands\Server\rewrite.php(43): require_once('C:\\Users\\vinic\\...')
#6 {main}
CRITICAL - 2022-07-19 08:22:36 --> Call to undefined method App\Models\DisciplinaModel::paginated
#0 C:\Users\vinic\Documents\SN\portal_alunos\app\Models\DisciplinaModel.php(159): CodeIgniter\Model->__call('paginated', Array)
#1 C:\Users\vinic\Documents\SN\portal_alunos\app\Controllers\Disciplinas.php(43): App\Models\DisciplinaModel->disciplinasLivresPage(Array, 6, 'alunosLivre')
#2 C:\Users\vinic\Documents\SN\portal_alunos\system\CodeIgniter.php(832): App\Controllers\Disciplinas->index()
#3 C:\Users\vinic\Documents\SN\portal_alunos\system\CodeIgniter.php(419): CodeIgniter\CodeIgniter->runController(Object(App\Controllers\Disciplinas))
#4 C:\Users\vinic\Documents\SN\portal_alunos\system\CodeIgniter.php(326): CodeIgniter\CodeIgniter->handleRequest(NULL, Object(Config\Cache), false)
#5 C:\Users\vinic\Documents\SN\portal_alunos\public\index.php(37): CodeIgniter\CodeIgniter->run()
#6 C:\Users\vinic\Documents\SN\portal_alunos\system\Commands\Server\rewrite.php(43): require_once('C:\\Users\\vinic\\...')
#7 {main}
CRITICAL - 2022-07-19 08:22:45 --> Call to undefined method App\Models\DisciplinaModel::paginated
#0 C:\Users\vinic\Documents\SN\portal_alunos\app\Models\DisciplinaModel.php(159): CodeIgniter\Model->__call('paginated', Array)
#1 C:\Users\vinic\Documents\SN\portal_alunos\app\Controllers\Disciplinas.php(43): App\Models\DisciplinaModel->disciplinasLivresPage(Array, 6, 'alunosLivre')
#2 C:\Users\vinic\Documents\SN\portal_alunos\system\CodeIgniter.php(832): App\Controllers\Disciplinas->index()
#3 C:\Users\vinic\Documents\SN\portal_alunos\system\CodeIgniter.php(419): CodeIgniter\CodeIgniter->runController(Object(App\Controllers\Disciplinas))
#4 C:\Users\vinic\Documents\SN\portal_alunos\system\CodeIgniter.php(326): CodeIgniter\CodeIgniter->handleRequest(NULL, Object(Config\Cache), false)
#5 C:\Users\vinic\Documents\SN\portal_alunos\public\index.php(37): CodeIgniter\CodeIgniter->run()
#6 C:\Users\vinic\Documents\SN\portal_alunos\system\Commands\Server\rewrite.php(43): require_once('C:\\Users\\vinic\\...')
#7 {main}
CRITICAL - 2022-07-19 09:19:47 -->  is not a valid Pager template.
#0 C:\Users\vinic\Documents\SN\portal_alunos\system\Pager\Pager.php(120): CodeIgniter\Pager\Exceptions\PagerException::forInvalidTemplate('')
#1 C:\Users\vinic\Documents\SN\portal_alunos\system\Pager\Pager.php(83): CodeIgniter\Pager\Pager->displayLinks('alunosAll', '')
#2 C:\Users\vinic\Documents\SN\portal_alunos\app\Views\disciplinas\aluno.php(56): CodeIgniter\Pager\Pager->links('alunosAll', '')
#3 C:\Users\vinic\Documents\SN\portal_alunos\system\View\View.php(210): include('C:\\Users\\vinic\\...')
#4 C:\Users\vinic\Documents\SN\portal_alunos\system\View\View.php(213): CodeIgniter\View\View->CodeIgniter\View\{closure}()
#5 C:\Users\vinic\Documents\SN\portal_alunos\system\Common.php(1089): CodeIgniter\View\View->render('disciplinas/alu...', Array, true)
#6 C:\Users\vinic\Documents\SN\portal_alunos\app\Controllers\Disciplinas.php(46): view('disciplinas/alu...', Array)
#7 C:\Users\vinic\Documents\SN\portal_alunos\system\CodeIgniter.php(832): App\Controllers\Disciplinas->index()
#8 C:\Users\vinic\Documents\SN\portal_alunos\system\CodeIgniter.php(419): CodeIgniter\CodeIgniter->runController(Object(App\Controllers\Disciplinas))
#9 C:\Users\vinic\Documents\SN\portal_alunos\system\CodeIgniter.php(326): CodeIgniter\CodeIgniter->handleRequest(NULL, Object(Config\Cache), false)
#10 C:\Users\vinic\Documents\SN\portal_alunos\public\index.php(37): CodeIgniter\CodeIgniter->run()
#11 C:\Users\vinic\Documents\SN\portal_alunos\system\Commands\Server\rewrite.php(43): require_once('C:\\Users\\vinic\\...')
#12 {main}
CRITICAL - 2022-07-19 09:35:46 --> Undefined variable: tab
#0 C:\Users\vinic\Documents\SN\portal_alunos\app\Views\disciplinas\aluno.php(17): CodeIgniter\Debug\Exceptions->errorHandler(8, 'Undefined varia...', 'C:\\Users\\vinic\\...', 17, Array)
#1 C:\Users\vinic\Documents\SN\portal_alunos\system\View\View.php(210): include('C:\\Users\\vinic\\...')
#2 C:\Users\vinic\Documents\SN\portal_alunos\system\View\View.php(213): CodeIgniter\View\View->CodeIgniter\View\{closure}()
#3 C:\Users\vinic\Documents\SN\portal_alunos\system\Common.php(1089): CodeIgniter\View\View->render('disciplinas/alu...', Array, true)
#4 C:\Users\vinic\Documents\SN\portal_alunos\app\Controllers\Disciplinas.php(46): view('disciplinas/alu...', Array)
#5 C:\Users\vinic\Documents\SN\portal_alunos\system\CodeIgniter.php(832): App\Controllers\Disciplinas->index()
#6 C:\Users\vinic\Documents\SN\portal_alunos\system\CodeIgniter.php(419): CodeIgniter\CodeIgniter->runController(Object(App\Controllers\Disciplinas))
#7 C:\Users\vinic\Documents\SN\portal_alunos\system\CodeIgniter.php(326): CodeIgniter\CodeIgniter->handleRequest(NULL, Object(Config\Cache), false)
#8 C:\Users\vinic\Documents\SN\portal_alunos\public\index.php(37): CodeIgniter\CodeIgniter->run()
#9 C:\Users\vinic\Documents\SN\portal_alunos\system\Commands\Server\rewrite.php(43): require_once('C:\\Users\\vinic\\...')
#10 {main}
ERROR - 2022-07-19 11:46:12 --> Unknown column 'professores.nome' in 'field list'
CRITICAL - 2022-07-19 11:46:12 --> Unknown column 'professores.nome' in 'field list'
#0 C:\Users\vinic\Documents\SN\portal_alunos\system\Database\MySQLi\Connection.php(292): mysqli->query('SELECT `profess...', 0)
#1 C:\Users\vinic\Documents\SN\portal_alunos\system\Database\BaseConnection.php(670): CodeIgniter\Database\MySQLi\Connection->execute('SELECT `profess...')
#2 C:\Users\vinic\Documents\SN\portal_alunos\system\Database\BaseConnection.php(598): CodeIgniter\Database\BaseConnection->simpleQuery('SELECT `profess...')
#3 C:\Users\vinic\Documents\SN\portal_alunos\system\Database\BaseBuilder.php(1455): CodeIgniter\Database\BaseConnection->query('SELECT `profess...', Array, false)
#4 C:\Users\vinic\Documents\SN\portal_alunos\system\Model.php(183): CodeIgniter\Database\BaseBuilder->get()
#5 C:\Users\vinic\Documents\SN\portal_alunos\system\BaseModel.php(584): CodeIgniter\Model->doFindAll(6, 0)
#6 C:\Users\vinic\Documents\SN\portal_alunos\system\BaseModel.php(1088): CodeIgniter\BaseModel->findAll(6, 0)
#7 C:\Users\vinic\Documents\SN\portal_alunos\app\Models\DisciplinaModel.php(159): CodeIgniter\BaseModel->paginate(6, 'alunosLivre')
#8 C:\Users\vinic\Documents\SN\portal_alunos\app\Controllers\Disciplinas.php(44): App\Models\DisciplinaModel->disciplinasLivresPage(Array, 6, 'alunosLivre')
#9 C:\Users\vinic\Documents\SN\portal_alunos\system\CodeIgniter.php(832): App\Controllers\Disciplinas->index()
#10 C:\Users\vinic\Documents\SN\portal_alunos\system\CodeIgniter.php(419): CodeIgniter\CodeIgniter->runController(Object(App\Controllers\Disciplinas))
#11 C:\Users\vinic\Documents\SN\portal_alunos\system\CodeIgniter.php(326): CodeIgniter\CodeIgniter->handleRequest(NULL, Object(Config\Cache), false)
#12 C:\Users\vinic\Documents\SN\portal_alunos\public\index.php(37): CodeIgniter\CodeIgniter->run()
#13 C:\Users\vinic\Documents\SN\portal_alunos\system\Commands\Server\rewrite.php(43): require_once('C:\\Users\\vinic\\...')
#14 {main}
ERROR - 2022-07-19 11:47:35 --> Unknown column 'disciplinas.id_professor' in 'on clause'
CRITICAL - 2022-07-19 11:47:35 --> Unknown column 'disciplinas.id_professor' in 'on clause'
#0 C:\Users\vinic\Documents\SN\portal_alunos\system\Database\MySQLi\Connection.php(292): mysqli->query('SELECT COUNT(*)...', 0)
#1 C:\Users\vinic\Documents\SN\portal_alunos\system\Database\BaseConnection.php(670): CodeIgniter\Database\MySQLi\Connection->execute('SELECT COUNT(*)...')
#2 C:\Users\vinic\Documents\SN\portal_alunos\system\Database\BaseConnection.php(598): CodeIgniter\Database\BaseConnection->simpleQuery('SELECT COUNT(*)...')
#3 C:\Users\vinic\Documents\SN\portal_alunos\system\Database\BaseBuilder.php(1539): CodeIgniter\Database\BaseConnection->query('SELECT COUNT(*)...', Array, false)
#4 C:\Users\vinic\Documents\SN\portal_alunos\system\Model.php(509): CodeIgniter\Database\BaseBuilder->countAllResults(false)
#5 C:\Users\vinic\Documents\SN\portal_alunos\system\BaseModel.php(1084): CodeIgniter\Model->countAllResults(false)
#6 C:\Users\vinic\Documents\SN\portal_alunos\app\Models\DisciplinaModel.php(161): CodeIgniter\BaseModel->paginate(6, 'alunosLivre')
#7 C:\Users\vinic\Documents\SN\portal_alunos\app\Controllers\Disciplinas.php(44): App\Models\DisciplinaModel->disciplinasLivresPage(Array, 6, 'alunosLivre')
#8 C:\Users\vinic\Documents\SN\portal_alunos\system\CodeIgniter.php(832): App\Controllers\Disciplinas->index()
#9 C:\Users\vinic\Documents\SN\portal_alunos\system\CodeIgniter.php(419): CodeIgniter\CodeIgniter->runController(Object(App\Controllers\Disciplinas))
#10 C:\Users\vinic\Documents\SN\portal_alunos\system\CodeIgniter.php(326): CodeIgniter\CodeIgniter->handleRequest(NULL, Object(Config\Cache), false)
#11 C:\Users\vinic\Documents\SN\portal_alunos\public\index.php(37): CodeIgniter\CodeIgniter->run()
#12 C:\Users\vinic\Documents\SN\portal_alunos\system\Commands\Server\rewrite.php(43): require_once('C:\\Users\\vinic\\...')
#13 {main}
ERROR - 2022-07-19 11:47:55 --> Column 'nome' in order clause is ambiguous
CRITICAL - 2022-07-19 11:47:55 --> Column 'nome' in order clause is ambiguous
#0 C:\Users\vinic\Documents\SN\portal_alunos\system\Database\MySQLi\Connection.php(292): mysqli->query('SELECT `profess...', 0)
#1 C:\Users\vinic\Documents\SN\portal_alunos\system\Database\BaseConnection.php(670): CodeIgniter\Database\MySQLi\Connection->execute('SELECT `profess...')
#2 C:\Users\vinic\Documents\SN\portal_alunos\system\Database\BaseConnection.php(598): CodeIgniter\Database\BaseConnection->simpleQuery('SELECT `profess...')
#3 C:\Users\vinic\Documents\SN\portal_alunos\system\Database\BaseBuilder.php(1455): CodeIgniter\Database\BaseConnection->query('SELECT `profess...', Array, false)
#4 C:\Users\vinic\Documents\SN\portal_alunos\system\Model.php(183): CodeIgniter\Database\BaseBuilder->get()
#5 C:\Users\vinic\Documents\SN\portal_alunos\system\BaseModel.php(584): CodeIgniter\Model->doFindAll(6, 0)
#6 C:\Users\vinic\Documents\SN\portal_alunos\system\BaseModel.php(1088): CodeIgniter\BaseModel->findAll(6, 0)
#7 C:\Users\vinic\Documents\SN\portal_alunos\app\Models\DisciplinaModel.php(161): CodeIgniter\BaseModel->paginate(6, 'alunosLivre')
#8 C:\Users\vinic\Documents\SN\portal_alunos\app\Controllers\Disciplinas.php(44): App\Models\DisciplinaModel->disciplinasLivresPage(Array, 6, 'alunosLivre')
#9 C:\Users\vinic\Documents\SN\portal_alunos\system\CodeIgniter.php(832): App\Controllers\Disciplinas->index()
#10 C:\Users\vinic\Documents\SN\portal_alunos\system\CodeIgniter.php(419): CodeIgniter\CodeIgniter->runController(Object(App\Controllers\Disciplinas))
#11 C:\Users\vinic\Documents\SN\portal_alunos\system\CodeIgniter.php(326): CodeIgniter\CodeIgniter->handleRequest(NULL, Object(Config\Cache), false)
#12 C:\Users\vinic\Documents\SN\portal_alunos\public\index.php(37): CodeIgniter\CodeIgniter->run()
#13 C:\Users\vinic\Documents\SN\portal_alunos\system\Commands\Server\rewrite.php(43): require_once('C:\\Users\\vinic\\...')
#14 {main}
CRITICAL - 2022-07-19 11:57:05 --> Undefined index: professores.nome
#0 C:\Users\vinic\Documents\SN\portal_alunos\app\Views\disciplinas\aluno.php(35): CodeIgniter\Debug\Exceptions->errorHandler(8, 'Undefined index...', 'C:\\Users\\vinic\\...', 35, Array)
#1 C:\Users\vinic\Documents\SN\portal_alunos\system\View\View.php(210): include('C:\\Users\\vinic\\...')
#2 C:\Users\vinic\Documents\SN\portal_alunos\system\View\View.php(213): CodeIgniter\View\View->CodeIgniter\View\{closure}()
#3 C:\Users\vinic\Documents\SN\portal_alunos\system\Common.php(1089): CodeIgniter\View\View->render('disciplinas/alu...', Array, true)
#4 C:\Users\vinic\Documents\SN\portal_alunos\app\Controllers\Disciplinas.php(46): view('disciplinas/alu...', Array)
#5 C:\Users\vinic\Documents\SN\portal_alunos\system\CodeIgniter.php(832): App\Controllers\Disciplinas->index()
#6 C:\Users\vinic\Documents\SN\portal_alunos\system\CodeIgniter.php(419): CodeIgniter\CodeIgniter->runController(Object(App\Controllers\Disciplinas))
#7 C:\Users\vinic\Documents\SN\portal_alunos\system\CodeIgniter.php(326): CodeIgniter\CodeIgniter->handleRequest(NULL, Object(Config\Cache), false)
#8 C:\Users\vinic\Documents\SN\portal_alunos\public\index.php(37): CodeIgniter\CodeIgniter->run()
#9 C:\Users\vinic\Documents\SN\portal_alunos\system\Commands\Server\rewrite.php(43): require_once('C:\\Users\\vinic\\...')
#10 {main}
CRITICAL - 2022-07-19 12:06:22 --> Undefined index: professores.nome
#0 C:\Users\vinic\Documents\SN\portal_alunos\app\Views\disciplinas\aluno.php(35): CodeIgniter\Debug\Exceptions->errorHandler(8, 'Undefined index...', 'C:\\Users\\vinic\\...', 35, Array)
#1 C:\Users\vinic\Documents\SN\portal_alunos\system\View\View.php(210): include('C:\\Users\\vinic\\...')
#2 C:\Users\vinic\Documents\SN\portal_alunos\system\View\View.php(213): CodeIgniter\View\View->CodeIgniter\View\{closure}()
#3 C:\Users\vinic\Documents\SN\portal_alunos\system\Common.php(1089): CodeIgniter\View\View->render('disciplinas/alu...', Array, true)
#4 C:\Users\vinic\Documents\SN\portal_alunos\app\Controllers\Disciplinas.php(46): view('disciplinas/alu...', Array)
#5 C:\Users\vinic\Documents\SN\portal_alunos\system\CodeIgniter.php(832): App\Controllers\Disciplinas->index()
#6 C:\Users\vinic\Documents\SN\portal_alunos\system\CodeIgniter.php(419): CodeIgniter\CodeIgniter->runController(Object(App\Controllers\Disciplinas))
#7 C:\Users\vinic\Documents\SN\portal_alunos\system\CodeIgniter.php(326): CodeIgniter\CodeIgniter->handleRequest(NULL, Object(Config\Cache), false)
#8 C:\Users\vinic\Documents\SN\portal_alunos\public\index.php(37): CodeIgniter\CodeIgniter->run()
#9 C:\Users\vinic\Documents\SN\portal_alunos\system\Commands\Server\rewrite.php(43): require_once('C:\\Users\\vinic\\...')
#10 {main}
CRITICAL - 2022-07-19 12:08:17 --> Undefined index: profNome
#0 C:\Users\vinic\Documents\SN\portal_alunos\app\Views\disciplinas\aluno.php(77): CodeIgniter\Debug\Exceptions->errorHandler(8, 'Undefined index...', 'C:\\Users\\vinic\\...', 77, Array)
#1 C:\Users\vinic\Documents\SN\portal_alunos\system\View\View.php(210): include('C:\\Users\\vinic\\...')
#2 C:\Users\vinic\Documents\SN\portal_alunos\system\View\View.php(213): CodeIgniter\View\View->CodeIgniter\View\{closure}()
#3 C:\Users\vinic\Documents\SN\portal_alunos\system\Common.php(1089): CodeIgniter\View\View->render('disciplinas/alu...', Array, true)
#4 C:\Users\vinic\Documents\SN\portal_alunos\app\Controllers\Disciplinas.php(46): view('disciplinas/alu...', Array)
#5 C:\Users\vinic\Documents\SN\portal_alunos\system\CodeIgniter.php(832): App\Controllers\Disciplinas->index()
#6 C:\Users\vinic\Documents\SN\portal_alunos\system\CodeIgniter.php(419): CodeIgniter\CodeIgniter->runController(Object(App\Controllers\Disciplinas))
#7 C:\Users\vinic\Documents\SN\portal_alunos\system\CodeIgniter.php(326): CodeIgniter\CodeIgniter->handleRequest(NULL, Object(Config\Cache), false)
#8 C:\Users\vinic\Documents\SN\portal_alunos\public\index.php(37): CodeIgniter\CodeIgniter->run()
#9 C:\Users\vinic\Documents\SN\portal_alunos\system\Commands\Server\rewrite.php(43): require_once('C:\\Users\\vinic\\...')
#10 {main}
ERROR - 2022-07-19 12:22:00 --> Unknown column 'professores.nome' in 'field list'
CRITICAL - 2022-07-19 12:22:00 --> Unknown column 'professores.nome' in 'field list'
#0 C:\Users\vinic\Documents\SN\portal_alunos\system\Database\MySQLi\Connection.php(292): mysqli->query('SELECT `profess...', 0)
#1 C:\Users\vinic\Documents\SN\portal_alunos\system\Database\BaseConnection.php(670): CodeIgniter\Database\MySQLi\Connection->execute('SELECT `profess...')
#2 C:\Users\vinic\Documents\SN\portal_alunos\system\Database\BaseConnection.php(598): CodeIgniter\Database\BaseConnection->simpleQuery('SELECT `profess...')
#3 C:\Users\vinic\Documents\SN\portal_alunos\system\Database\BaseBuilder.php(1455): CodeIgniter\Database\BaseConnection->query('SELECT `profess...', Array, false)
#4 C:\Users\vinic\Documents\SN\portal_alunos\system\Model.php(183): CodeIgniter\Database\BaseBuilder->get()
#5 C:\Users\vinic\Documents\SN\portal_alunos\system\BaseModel.php(584): CodeIgniter\Model->doFindAll(6, 0)
#6 C:\Users\vinic\Documents\SN\portal_alunos\system\BaseModel.php(1088): CodeIgniter\BaseModel->findAll(6, 0)
#7 C:\Users\vinic\Documents\SN\portal_alunos\app\Models\DisciplinaModel.php(122): CodeIgniter\BaseModel->paginate(6, 'gestorAll')
#8 C:\Users\vinic\Documents\SN\portal_alunos\app\Controllers\Disciplinas.php(63): App\Models\DisciplinaModel->getAllDisciplinasPage(6, 'gestorAll')
#9 C:\Users\vinic\Documents\SN\portal_alunos\system\CodeIgniter.php(832): App\Controllers\Disciplinas->index()
#10 C:\Users\vinic\Documents\SN\portal_alunos\system\CodeIgniter.php(419): CodeIgniter\CodeIgniter->runController(Object(App\Controllers\Disciplinas))
#11 C:\Users\vinic\Documents\SN\portal_alunos\system\CodeIgniter.php(326): CodeIgniter\CodeIgniter->handleRequest(NULL, Object(Config\Cache), false)
#12 C:\Users\vinic\Documents\SN\portal_alunos\public\index.php(37): CodeIgniter\CodeIgniter->run()
#13 C:\Users\vinic\Documents\SN\portal_alunos\system\Commands\Server\rewrite.php(43): require_once('C:\\Users\\vinic\\...')
#14 {main}
ERROR - 2022-07-19 12:22:10 --> Unknown column 'professores.nome' in 'field list'
CRITICAL - 2022-07-19 12:22:10 --> Unknown column 'professores.nome' in 'field list'
#0 C:\Users\vinic\Documents\SN\portal_alunos\system\Database\MySQLi\Connection.php(292): mysqli->query('SELECT `profess...', 0)
#1 C:\Users\vinic\Documents\SN\portal_alunos\system\Database\BaseConnection.php(670): CodeIgniter\Database\MySQLi\Connection->execute('SELECT `profess...')
#2 C:\Users\vinic\Documents\SN\portal_alunos\system\Database\BaseConnection.php(598): CodeIgniter\Database\BaseConnection->simpleQuery('SELECT `profess...')
#3 C:\Users\vinic\Documents\SN\portal_alunos\system\Database\BaseBuilder.php(1455): CodeIgniter\Database\BaseConnection->query('SELECT `profess...', Array, false)
#4 C:\Users\vinic\Documents\SN\portal_alunos\system\Model.php(183): CodeIgniter\Database\BaseBuilder->get()
#5 C:\Users\vinic\Documents\SN\portal_alunos\system\BaseModel.php(584): CodeIgniter\Model->doFindAll(6, 0)
#6 C:\Users\vinic\Documents\SN\portal_alunos\system\BaseModel.php(1088): CodeIgniter\BaseModel->findAll(6, 0)
#7 C:\Users\vinic\Documents\SN\portal_alunos\app\Models\DisciplinaModel.php(122): CodeIgniter\BaseModel->paginate(6, 'gestorAll')
#8 C:\Users\vinic\Documents\SN\portal_alunos\app\Controllers\Disciplinas.php(63): App\Models\DisciplinaModel->getAllDisciplinasPage(6, 'gestorAll')
#9 C:\Users\vinic\Documents\SN\portal_alunos\system\CodeIgniter.php(832): App\Controllers\Disciplinas->index()
#10 C:\Users\vinic\Documents\SN\portal_alunos\system\CodeIgniter.php(419): CodeIgniter\CodeIgniter->runController(Object(App\Controllers\Disciplinas))
#11 C:\Users\vinic\Documents\SN\portal_alunos\system\CodeIgniter.php(326): CodeIgniter\CodeIgniter->handleRequest(NULL, Object(Config\Cache), false)
#12 C:\Users\vinic\Documents\SN\portal_alunos\public\index.php(37): CodeIgniter\CodeIgniter->run()
#13 C:\Users\vinic\Documents\SN\portal_alunos\system\Commands\Server\rewrite.php(43): require_once('C:\\Users\\vinic\\...')
#14 {main}
CRITICAL - 2022-07-19 12:28:45 --> Undefined index: profName
#0 C:\Users\vinic\Documents\SN\portal_alunos\app\Views\disciplinas\gestor.php(44): CodeIgniter\Debug\Exceptions->errorHandler(8, 'Undefined index...', 'C:\\Users\\vinic\\...', 44, Array)
#1 C:\Users\vinic\Documents\SN\portal_alunos\system\View\View.php(210): include('C:\\Users\\vinic\\...')
#2 C:\Users\vinic\Documents\SN\portal_alunos\system\View\View.php(213): CodeIgniter\View\View->CodeIgniter\View\{closure}()
#3 C:\Users\vinic\Documents\SN\portal_alunos\system\Common.php(1089): CodeIgniter\View\View->render('disciplinas/ges...', Array, true)
#4 C:\Users\vinic\Documents\SN\portal_alunos\app\Controllers\Disciplinas.php(64): view('disciplinas/ges...', Array)
#5 C:\Users\vinic\Documents\SN\portal_alunos\system\CodeIgniter.php(832): App\Controllers\Disciplinas->index()
#6 C:\Users\vinic\Documents\SN\portal_alunos\system\CodeIgniter.php(419): CodeIgniter\CodeIgniter->runController(Object(App\Controllers\Disciplinas))
#7 C:\Users\vinic\Documents\SN\portal_alunos\system\CodeIgniter.php(326): CodeIgniter\CodeIgniter->handleRequest(NULL, Object(Config\Cache), false)
#8 C:\Users\vinic\Documents\SN\portal_alunos\public\index.php(37): CodeIgniter\CodeIgniter->run()
#9 C:\Users\vinic\Documents\SN\portal_alunos\system\Commands\Server\rewrite.php(43): require_once('C:\\Users\\vinic\\...')
#10 {main}
CRITICAL - 2022-07-19 12:29:31 --> Undefined index: profName
#0 C:\Users\vinic\Documents\SN\portal_alunos\app\Views\disciplinas\gestor.php(44): CodeIgniter\Debug\Exceptions->errorHandler(8, 'Undefined index...', 'C:\\Users\\vinic\\...', 44, Array)
#1 C:\Users\vinic\Documents\SN\portal_alunos\system\View\View.php(210): include('C:\\Users\\vinic\\...')
#2 C:\Users\vinic\Documents\SN\portal_alunos\system\View\View.php(213): CodeIgniter\View\View->CodeIgniter\View\{closure}()
#3 C:\Users\vinic\Documents\SN\portal_alunos\system\Common.php(1089): CodeIgniter\View\View->render('disciplinas/ges...', Array, true)
#4 C:\Users\vinic\Documents\SN\portal_alunos\app\Controllers\Disciplinas.php(64): view('disciplinas/ges...', Array)
#5 C:\Users\vinic\Documents\SN\portal_alunos\system\CodeIgniter.php(832): App\Controllers\Disciplinas->index()
#6 C:\Users\vinic\Documents\SN\portal_alunos\system\CodeIgniter.php(419): CodeIgniter\CodeIgniter->runController(Object(App\Controllers\Disciplinas))
#7 C:\Users\vinic\Documents\SN\portal_alunos\system\CodeIgniter.php(326): CodeIgniter\CodeIgniter->handleRequest(NULL, Object(Config\Cache), false)
#8 C:\Users\vinic\Documents\SN\portal_alunos\public\index.php(37): CodeIgniter\CodeIgniter->run()
#9 C:\Users\vinic\Documents\SN\portal_alunos\system\Commands\Server\rewrite.php(43): require_once('C:\\Users\\vinic\\...')
#10 {main}
CRITICAL - 2022-07-19 12:30:05 --> Undefined index: profnome
#0 C:\Users\vinic\Documents\SN\portal_alunos\app\Views\disciplinas\gestor.php(44): CodeIgniter\Debug\Exceptions->errorHandler(8, 'Undefined index...', 'C:\\Users\\vinic\\...', 44, Array)
#1 C:\Users\vinic\Documents\SN\portal_alunos\system\View\View.php(210): include('C:\\Users\\vinic\\...')
#2 C:\Users\vinic\Documents\SN\portal_alunos\system\View\View.php(213): CodeIgniter\View\View->CodeIgniter\View\{closure}()
#3 C:\Users\vinic\Documents\SN\portal_alunos\system\Common.php(1089): CodeIgniter\View\View->render('disciplinas/ges...', Array, true)
#4 C:\Users\vinic\Documents\SN\portal_alunos\app\Controllers\Disciplinas.php(64): view('disciplinas/ges...', Array)
#5 C:\Users\vinic\Documents\SN\portal_alunos\system\CodeIgniter.php(832): App\Controllers\Disciplinas->index()
#6 C:\Users\vinic\Documents\SN\portal_alunos\system\CodeIgniter.php(419): CodeIgniter\CodeIgniter->runController(Object(App\Controllers\Disciplinas))
#7 C:\Users\vinic\Documents\SN\portal_alunos\system\CodeIgniter.php(326): CodeIgniter\CodeIgniter->handleRequest(NULL, Object(Config\Cache), false)
#8 C:\Users\vinic\Documents\SN\portal_alunos\public\index.php(37): CodeIgniter\CodeIgniter->run()
#9 C:\Users\vinic\Documents\SN\portal_alunos\system\Commands\Server\rewrite.php(43): require_once('C:\\Users\\vinic\\...')
#10 {main}
CRITICAL - 2022-07-19 13:14:08 --> Undefined index: disciplina-codigo
#0 C:\Users\vinic\Documents\SN\portal_alunos\app\Controllers\Disciplinas.php(132): CodeIgniter\Debug\Exceptions->errorHandler(8, 'Undefined index...', 'C:\\Users\\vinic\\...', 132, Array)
#1 C:\Users\vinic\Documents\SN\portal_alunos\system\CodeIgniter.php(832): App\Controllers\Disciplinas->alteraDisciplina()
#2 C:\Users\vinic\Documents\SN\portal_alunos\system\CodeIgniter.php(419): CodeIgniter\CodeIgniter->runController(Object(App\Controllers\Disciplinas))
#3 C:\Users\vinic\Documents\SN\portal_alunos\system\CodeIgniter.php(326): CodeIgniter\CodeIgniter->handleRequest(NULL, Object(Config\Cache), false)
#4 C:\Users\vinic\Documents\SN\portal_alunos\public\index.php(37): CodeIgniter\CodeIgniter->run()
#5 C:\Users\vinic\Documents\SN\portal_alunos\system\Commands\Server\rewrite.php(43): require_once('C:\\Users\\vinic\\...')
#6 {main}
CRITICAL - 2022-07-19 13:14:20 --> Undefined index: nome
#0 C:\Users\vinic\Documents\SN\portal_alunos\app\Controllers\Disciplinas.php(132): CodeIgniter\Debug\Exceptions->errorHandler(8, 'Undefined index...', 'C:\\Users\\vinic\\...', 132, Array)
#1 C:\Users\vinic\Documents\SN\portal_alunos\system\CodeIgniter.php(832): App\Controllers\Disciplinas->alteraDisciplina()
#2 C:\Users\vinic\Documents\SN\portal_alunos\system\CodeIgniter.php(419): CodeIgniter\CodeIgniter->runController(Object(App\Controllers\Disciplinas))
#3 C:\Users\vinic\Documents\SN\portal_alunos\system\CodeIgniter.php(326): CodeIgniter\CodeIgniter->handleRequest(NULL, Object(Config\Cache), false)
#4 C:\Users\vinic\Documents\SN\portal_alunos\public\index.php(37): CodeIgniter\CodeIgniter->run()
#5 C:\Users\vinic\Documents\SN\portal_alunos\system\Commands\Server\rewrite.php(43): require_once('C:\\Users\\vinic\\...')
#6 {main}
CRITICAL - 2022-07-19 13:14:40 --> Undefined index: nome
#0 C:\Users\vinic\Documents\SN\portal_alunos\app\Controllers\Disciplinas.php(132): CodeIgniter\Debug\Exceptions->errorHandler(8, 'Undefined index...', 'C:\\Users\\vinic\\...', 132, Array)
#1 C:\Users\vinic\Documents\SN\portal_alunos\system\CodeIgniter.php(832): App\Controllers\Disciplinas->alteraDisciplina()
#2 C:\Users\vinic\Documents\SN\portal_alunos\system\CodeIgniter.php(419): CodeIgniter\CodeIgniter->runController(Object(App\Controllers\Disciplinas))
#3 C:\Users\vinic\Documents\SN\portal_alunos\system\CodeIgniter.php(326): CodeIgniter\CodeIgniter->handleRequest(NULL, Object(Config\Cache), false)
#4 C:\Users\vinic\Documents\SN\portal_alunos\public\index.php(37): CodeIgniter\CodeIgniter->run()
#5 C:\Users\vinic\Documents\SN\portal_alunos\system\Commands\Server\rewrite.php(43): require_once('C:\\Users\\vinic\\...')
#6 {main}
