CRITICAL - 2022-07-14 07:01:49 --> Trying to access array offset on value of type bool
#0 C:\Users\vinic\Documents\SN\portal_alunos\app\Controllers\Login.php(38): CodeIgniter\Debug\Exceptions->errorHandler(8, 'Trying to acces...', 'C:\\Users\\vinic\\...', 38, Array)
#1 C:\Users\vinic\Documents\SN\portal_alunos\system\CodeIgniter.php(832): App\Controllers\Login->login()
#2 C:\Users\vinic\Documents\SN\portal_alunos\system\CodeIgniter.php(419): CodeIgniter\CodeIgniter->runController(Object(App\Controllers\Login))
#3 C:\Users\vinic\Documents\SN\portal_alunos\system\CodeIgniter.php(326): CodeIgniter\CodeIgniter->handleRequest(NULL, Object(Config\Cache), false)
#4 C:\Users\vinic\Documents\SN\portal_alunos\public\index.php(37): CodeIgniter\CodeIgniter->run()
#5 C:\Users\vinic\Documents\SN\portal_alunos\system\Commands\Server\rewrite.php(43): require_once('C:\\Users\\vinic\\...')
#6 {main}
ERROR - 2022-07-14 07:19:14 --> Unknown column 'login_id' in 'where clause'
CRITICAL - 2022-07-14 07:19:14 --> Unknown column 'login_id' in 'where clause'
#0 C:\Users\vinic\Documents\SN\portal_alunos\system\Database\MySQLi\Connection.php(292): mysqli->query('SELECT *\nFROM `...', 0)
#1 C:\Users\vinic\Documents\SN\portal_alunos\system\Database\BaseConnection.php(670): CodeIgniter\Database\MySQLi\Connection->execute('SELECT *\nFROM `...')
#2 C:\Users\vinic\Documents\SN\portal_alunos\system\Database\BaseConnection.php(598): CodeIgniter\Database\BaseConnection->simpleQuery('SELECT *\nFROM `...')
#3 C:\Users\vinic\Documents\SN\portal_alunos\system\Database\BaseBuilder.php(1455): CodeIgniter\Database\BaseConnection->query('SELECT *\nFROM `...', Array, false)
#4 C:\Users\vinic\Documents\SN\portal_alunos\system\Model.php(210): CodeIgniter\Database\BaseBuilder->get()
#5 C:\Users\vinic\Documents\SN\portal_alunos\system\BaseModel.php(622): CodeIgniter\Model->doFirst()
#6 C:\Users\vinic\Documents\SN\portal_alunos\app\Models\GestorModel.php(92): CodeIgniter\BaseModel->first()
#7 C:\Users\vinic\Documents\SN\portal_alunos\app\Controllers\Login.php(44): App\Models\GestorModel->getGestorByLoginId('1')
#8 C:\Users\vinic\Documents\SN\portal_alunos\system\CodeIgniter.php(832): App\Controllers\Login->login()
#9 C:\Users\vinic\Documents\SN\portal_alunos\system\CodeIgniter.php(419): CodeIgniter\CodeIgniter->runController(Object(App\Controllers\Login))
#10 C:\Users\vinic\Documents\SN\portal_alunos\system\CodeIgniter.php(326): CodeIgniter\CodeIgniter->handleRequest(NULL, Object(Config\Cache), false)
#11 C:\Users\vinic\Documents\SN\portal_alunos\public\index.php(37): CodeIgniter\CodeIgniter->run()
#12 C:\Users\vinic\Documents\SN\portal_alunos\system\Commands\Server\rewrite.php(43): require_once('C:\\Users\\vinic\\...')
#13 {main}
CRITICAL - 2022-07-14 07:20:05 --> Call to undefined method App\Models\GestorModel::getGestoroById
#0 C:\Users\vinic\Documents\SN\portal_alunos\app\Controllers\Dashboard.php(37): CodeIgniter\Model->__call('getGestoroById', Array)
#1 C:\Users\vinic\Documents\SN\portal_alunos\system\CodeIgniter.php(832): App\Controllers\Dashboard->index()
#2 C:\Users\vinic\Documents\SN\portal_alunos\system\CodeIgniter.php(419): CodeIgniter\CodeIgniter->runController(Object(App\Controllers\Dashboard))
#3 C:\Users\vinic\Documents\SN\portal_alunos\system\CodeIgniter.php(326): CodeIgniter\CodeIgniter->handleRequest(NULL, Object(Config\Cache), false)
#4 C:\Users\vinic\Documents\SN\portal_alunos\public\index.php(37): CodeIgniter\CodeIgniter->run()
#5 C:\Users\vinic\Documents\SN\portal_alunos\system\Commands\Server\rewrite.php(43): require_once('C:\\Users\\vinic\\...')
#6 {main}
CRITICAL - 2022-07-14 07:20:20 --> Undefined index: nome
#0 C:\Users\vinic\Documents\SN\portal_alunos\app\Controllers\Dashboard.php(37): CodeIgniter\Debug\Exceptions->errorHandler(8, 'Undefined index...', 'C:\\Users\\vinic\\...', 37, Array)
#1 C:\Users\vinic\Documents\SN\portal_alunos\system\CodeIgniter.php(832): App\Controllers\Dashboard->index()
#2 C:\Users\vinic\Documents\SN\portal_alunos\system\CodeIgniter.php(419): CodeIgniter\CodeIgniter->runController(Object(App\Controllers\Dashboard))
#3 C:\Users\vinic\Documents\SN\portal_alunos\system\CodeIgniter.php(326): CodeIgniter\CodeIgniter->handleRequest(NULL, Object(Config\Cache), false)
#4 C:\Users\vinic\Documents\SN\portal_alunos\public\index.php(37): CodeIgniter\CodeIgniter->run()
#5 C:\Users\vinic\Documents\SN\portal_alunos\system\Commands\Server\rewrite.php(43): require_once('C:\\Users\\vinic\\...')
#6 {main}
CRITICAL - 2022-07-14 07:23:53 --> syntax error, unexpected '}', expecting ';'
#0 C:\Users\vinic\Documents\SN\portal_alunos\system\Router\Router.php(175): CodeIgniter\Router\Router->autoRoute('login')
#1 C:\Users\vinic\Documents\SN\portal_alunos\system\CodeIgniter.php(726): CodeIgniter\Router\Router->handle('login')
#2 C:\Users\vinic\Documents\SN\portal_alunos\system\CodeIgniter.php(368): CodeIgniter\CodeIgniter->tryToRouteIt(Object(CodeIgniter\Router\RouteCollection))
#3 C:\Users\vinic\Documents\SN\portal_alunos\system\CodeIgniter.php(326): CodeIgniter\CodeIgniter->handleRequest(NULL, Object(Config\Cache), false)
#4 C:\Users\vinic\Documents\SN\portal_alunos\public\index.php(37): CodeIgniter\CodeIgniter->run()
#5 C:\Users\vinic\Documents\SN\portal_alunos\system\Commands\Server\rewrite.php(43): require_once('C:\\Users\\vinic\\...')
#6 {main}
CRITICAL - 2022-07-14 07:24:18 --> Call to undefined method App\Models\AlunoModel::getAlunorByLoginId
#0 C:\Users\vinic\Documents\SN\portal_alunos\app\Controllers\Login.php(56): CodeIgniter\Model->__call('getAlunorByLogi...', Array)
#1 C:\Users\vinic\Documents\SN\portal_alunos\system\CodeIgniter.php(832): App\Controllers\Login->login()
#2 C:\Users\vinic\Documents\SN\portal_alunos\system\CodeIgniter.php(419): CodeIgniter\CodeIgniter->runController(Object(App\Controllers\Login))
#3 C:\Users\vinic\Documents\SN\portal_alunos\system\CodeIgniter.php(326): CodeIgniter\CodeIgniter->handleRequest(NULL, Object(Config\Cache), false)
#4 C:\Users\vinic\Documents\SN\portal_alunos\public\index.php(37): CodeIgniter\CodeIgniter->run()
#5 C:\Users\vinic\Documents\SN\portal_alunos\system\Commands\Server\rewrite.php(43): require_once('C:\\Users\\vinic\\...')
#6 {main}
CRITICAL - 2022-07-14 07:24:40 --> Undefined index: nome
#0 C:\Users\vinic\Documents\SN\portal_alunos\app\Controllers\Dashboard.php(29): CodeIgniter\Debug\Exceptions->errorHandler(8, 'Undefined index...', 'C:\\Users\\vinic\\...', 29, Array)
#1 C:\Users\vinic\Documents\SN\portal_alunos\system\CodeIgniter.php(832): App\Controllers\Dashboard->index()
#2 C:\Users\vinic\Documents\SN\portal_alunos\system\CodeIgniter.php(419): CodeIgniter\CodeIgniter->runController(Object(App\Controllers\Dashboard))
#3 C:\Users\vinic\Documents\SN\portal_alunos\system\CodeIgniter.php(326): CodeIgniter\CodeIgniter->handleRequest(NULL, Object(Config\Cache), false)
#4 C:\Users\vinic\Documents\SN\portal_alunos\public\index.php(37): CodeIgniter\CodeIgniter->run()
#5 C:\Users\vinic\Documents\SN\portal_alunos\system\Commands\Server\rewrite.php(43): require_once('C:\\Users\\vinic\\...')
#6 {main}
CRITICAL - 2022-07-14 07:47:52 --> Undefined variable: nome
#0 C:\Users\vinic\Documents\SN\portal_alunos\app\Views\_common\layout_aluno.php(56): CodeIgniter\Debug\Exceptions->errorHandler(8, 'Undefined varia...', 'C:\\Users\\vinic\\...', 56, Array)
#1 C:\Users\vinic\Documents\SN\portal_alunos\system\View\View.php(210): include('C:\\Users\\vinic\\...')
#2 C:\Users\vinic\Documents\SN\portal_alunos\system\View\View.php(213): CodeIgniter\View\View->CodeIgniter\View\{closure}()
#3 C:\Users\vinic\Documents\SN\portal_alunos\system\View\View.php(226): CodeIgniter\View\View->render('_common/layout_...', Array, true)
#4 C:\Users\vinic\Documents\SN\portal_alunos\system\Common.php(1089): CodeIgniter\View\View->render('perfil/aluno', Array, true)
#5 C:\Users\vinic\Documents\SN\portal_alunos\app\Controllers\Perfil.php(11): view('perfil/aluno')
#6 C:\Users\vinic\Documents\SN\portal_alunos\system\CodeIgniter.php(832): App\Controllers\Perfil->index()
#7 C:\Users\vinic\Documents\SN\portal_alunos\system\CodeIgniter.php(419): CodeIgniter\CodeIgniter->runController(Object(App\Controllers\Perfil))
#8 C:\Users\vinic\Documents\SN\portal_alunos\system\CodeIgniter.php(326): CodeIgniter\CodeIgniter->handleRequest(NULL, Object(Config\Cache), false)
#9 C:\Users\vinic\Documents\SN\portal_alunos\public\index.php(37): CodeIgniter\CodeIgniter->run()
#10 C:\Users\vinic\Documents\SN\portal_alunos\system\Commands\Server\rewrite.php(43): require_once('C:\\Users\\vinic\\...')
#11 {main}
CRITICAL - 2022-07-14 07:48:27 --> Undefined property: App\Controllers\Perfil::$alunoModel
#0 C:\Users\vinic\Documents\SN\portal_alunos\app\Controllers\Perfil.php(11): CodeIgniter\Debug\Exceptions->errorHandler(8, 'Undefined prope...', 'C:\\Users\\vinic\\...', 11, Array)
#1 C:\Users\vinic\Documents\SN\portal_alunos\system\CodeIgniter.php(832): App\Controllers\Perfil->index()
#2 C:\Users\vinic\Documents\SN\portal_alunos\system\CodeIgniter.php(419): CodeIgniter\CodeIgniter->runController(Object(App\Controllers\Perfil))
#3 C:\Users\vinic\Documents\SN\portal_alunos\system\CodeIgniter.php(326): CodeIgniter\CodeIgniter->handleRequest(NULL, Object(Config\Cache), false)
#4 C:\Users\vinic\Documents\SN\portal_alunos\public\index.php(37): CodeIgniter\CodeIgniter->run()
#5 C:\Users\vinic\Documents\SN\portal_alunos\system\Commands\Server\rewrite.php(43): require_once('C:\\Users\\vinic\\...')
#6 {main}
CRITICAL - 2022-07-14 07:54:57 --> Call to undefined method App\Models\ProfessorModel::getProfessorById
#0 C:\Users\vinic\Documents\SN\portal_alunos\app\Controllers\Dashboard.php(33): CodeIgniter\Model->__call('getProfessorByI...', Array)
#1 C:\Users\vinic\Documents\SN\portal_alunos\system\CodeIgniter.php(832): App\Controllers\Dashboard->index()
#2 C:\Users\vinic\Documents\SN\portal_alunos\system\CodeIgniter.php(419): CodeIgniter\CodeIgniter->runController(Object(App\Controllers\Dashboard))
#3 C:\Users\vinic\Documents\SN\portal_alunos\system\CodeIgniter.php(326): CodeIgniter\CodeIgniter->handleRequest(NULL, Object(Config\Cache), false)
#4 C:\Users\vinic\Documents\SN\portal_alunos\public\index.php(37): CodeIgniter\CodeIgniter->run()
#5 C:\Users\vinic\Documents\SN\portal_alunos\system\Commands\Server\rewrite.php(43): require_once('C:\\Users\\vinic\\...')
#6 {main}
CRITICAL - 2022-07-14 08:41:34 --> Undefined variable: nome
#0 C:\Users\vinic\Documents\SN\portal_alunos\app\Views\_common\layout_gestor.php(57): CodeIgniter\Debug\Exceptions->errorHandler(8, 'Undefined varia...', 'C:\\Users\\vinic\\...', 57, Array)
#1 C:\Users\vinic\Documents\SN\portal_alunos\system\View\View.php(210): include('C:\\Users\\vinic\\...')
#2 C:\Users\vinic\Documents\SN\portal_alunos\system\View\View.php(213): CodeIgniter\View\View->CodeIgniter\View\{closure}()
#3 C:\Users\vinic\Documents\SN\portal_alunos\system\View\View.php(226): CodeIgniter\View\View->render('_common/layout_...', Array, true)
#4 C:\Users\vinic\Documents\SN\portal_alunos\system\Common.php(1089): CodeIgniter\View\View->render('novo_usuario/ge...', Array, true)
#5 C:\Users\vinic\Documents\SN\portal_alunos\app\Controllers\Cadastro.php(28): view('novo_usuario/ge...')
#6 C:\Users\vinic\Documents\SN\portal_alunos\system\CodeIgniter.php(832): App\Controllers\Cadastro->index()
#7 C:\Users\vinic\Documents\SN\portal_alunos\system\CodeIgniter.php(419): CodeIgniter\CodeIgniter->runController(Object(App\Controllers\Cadastro))
#8 C:\Users\vinic\Documents\SN\portal_alunos\system\CodeIgniter.php(326): CodeIgniter\CodeIgniter->handleRequest(NULL, Object(Config\Cache), false)
#9 C:\Users\vinic\Documents\SN\portal_alunos\public\index.php(37): CodeIgniter\CodeIgniter->run()
#10 C:\Users\vinic\Documents\SN\portal_alunos\system\Commands\Server\rewrite.php(43): require_once('C:\\Users\\vinic\\...')
#11 {main}
CRITICAL - 2022-07-14 08:42:37 --> Trying to access array offset on value of type null
#0 C:\Users\vinic\Documents\SN\portal_alunos\app\Controllers\Cadastro.php(28): CodeIgniter\Debug\Exceptions->errorHandler(8, 'Trying to acces...', 'C:\\Users\\vinic\\...', 28, Array)
#1 C:\Users\vinic\Documents\SN\portal_alunos\system\CodeIgniter.php(832): App\Controllers\Cadastro->index()
#2 C:\Users\vinic\Documents\SN\portal_alunos\system\CodeIgniter.php(419): CodeIgniter\CodeIgniter->runController(Object(App\Controllers\Cadastro))
#3 C:\Users\vinic\Documents\SN\portal_alunos\system\CodeIgniter.php(326): CodeIgniter\CodeIgniter->handleRequest(NULL, Object(Config\Cache), false)
#4 C:\Users\vinic\Documents\SN\portal_alunos\public\index.php(37): CodeIgniter\CodeIgniter->run()
#5 C:\Users\vinic\Documents\SN\portal_alunos\system\Commands\Server\rewrite.php(43): require_once('C:\\Users\\vinic\\...')
#6 {main}
CRITICAL - 2022-07-14 08:43:01 --> Trying to access array offset on value of type null
#0 C:\Users\vinic\Documents\SN\portal_alunos\app\Controllers\Cadastro.php(28): CodeIgniter\Debug\Exceptions->errorHandler(8, 'Trying to acces...', 'C:\\Users\\vinic\\...', 28, Array)
#1 C:\Users\vinic\Documents\SN\portal_alunos\system\CodeIgniter.php(832): App\Controllers\Cadastro->index()
#2 C:\Users\vinic\Documents\SN\portal_alunos\system\CodeIgniter.php(419): CodeIgniter\CodeIgniter->runController(Object(App\Controllers\Cadastro))
#3 C:\Users\vinic\Documents\SN\portal_alunos\system\CodeIgniter.php(326): CodeIgniter\CodeIgniter->handleRequest(NULL, Object(Config\Cache), false)
#4 C:\Users\vinic\Documents\SN\portal_alunos\public\index.php(37): CodeIgniter\CodeIgniter->run()
#5 C:\Users\vinic\Documents\SN\portal_alunos\system\Commands\Server\rewrite.php(43): require_once('C:\\Users\\vinic\\...')
#6 {main}
CRITICAL - 2022-07-14 09:01:06 --> Undefined variable: user
#0 C:\Users\vinic\Documents\SN\portal_alunos\app\Views\perfil\aluno.php(15): CodeIgniter\Debug\Exceptions->errorHandler(8, 'Undefined varia...', 'C:\\Users\\vinic\\...', 15, Array)
#1 C:\Users\vinic\Documents\SN\portal_alunos\system\View\View.php(210): include('C:\\Users\\vinic\\...')
#2 C:\Users\vinic\Documents\SN\portal_alunos\system\View\View.php(213): CodeIgniter\View\View->CodeIgniter\View\{closure}()
#3 C:\Users\vinic\Documents\SN\portal_alunos\system\Common.php(1089): CodeIgniter\View\View->render('perfil/aluno', Array, true)
#4 C:\Users\vinic\Documents\SN\portal_alunos\app\Controllers\Perfil.php(28): view('perfil/aluno', Array)
#5 C:\Users\vinic\Documents\SN\portal_alunos\system\CodeIgniter.php(832): App\Controllers\Perfil->index()
#6 C:\Users\vinic\Documents\SN\portal_alunos\system\CodeIgniter.php(419): CodeIgniter\CodeIgniter->runController(Object(App\Controllers\Perfil))
#7 C:\Users\vinic\Documents\SN\portal_alunos\system\CodeIgniter.php(326): CodeIgniter\CodeIgniter->handleRequest(NULL, Object(Config\Cache), false)
#8 C:\Users\vinic\Documents\SN\portal_alunos\public\index.php(37): CodeIgniter\CodeIgniter->run()
#9 C:\Users\vinic\Documents\SN\portal_alunos\system\Commands\Server\rewrite.php(43): require_once('C:\\Users\\vinic\\...')
#10 {main}
CRITICAL - 2022-07-14 09:05:52 --> Call to a member function getuserById() on null
#0 C:\Users\vinic\Documents\SN\portal_alunos\system\CodeIgniter.php(832): App\Controllers\Perfil->index()
#1 C:\Users\vinic\Documents\SN\portal_alunos\system\CodeIgniter.php(419): CodeIgniter\CodeIgniter->runController(Object(App\Controllers\Perfil))
#2 C:\Users\vinic\Documents\SN\portal_alunos\system\CodeIgniter.php(326): CodeIgniter\CodeIgniter->handleRequest(NULL, Object(Config\Cache), false)
#3 C:\Users\vinic\Documents\SN\portal_alunos\public\index.php(37): CodeIgniter\CodeIgniter->run()
#4 C:\Users\vinic\Documents\SN\portal_alunos\system\Commands\Server\rewrite.php(43): require_once('C:\\Users\\vinic\\...')
#5 {main}
CRITICAL - 2022-07-14 09:06:25 --> Object of class App\Controllers\Perfil could not be converted to string
#0 C:\Users\vinic\Documents\SN\portal_alunos\system\CodeIgniter.php(832): App\Controllers\Perfil->index()
#1 C:\Users\vinic\Documents\SN\portal_alunos\system\CodeIgniter.php(419): CodeIgniter\CodeIgniter->runController(Object(App\Controllers\Perfil))
#2 C:\Users\vinic\Documents\SN\portal_alunos\system\CodeIgniter.php(326): CodeIgniter\CodeIgniter->handleRequest(NULL, Object(Config\Cache), false)
#3 C:\Users\vinic\Documents\SN\portal_alunos\public\index.php(37): CodeIgniter\CodeIgniter->run()
#4 C:\Users\vinic\Documents\SN\portal_alunos\system\Commands\Server\rewrite.php(43): require_once('C:\\Users\\vinic\\...')
#5 {main}
CRITICAL - 2022-07-14 09:06:55 --> Trying to access array offset on value of type null
#0 C:\Users\vinic\Documents\SN\portal_alunos\app\Views\perfil\aluno.php(19): CodeIgniter\Debug\Exceptions->errorHandler(8, 'Trying to acces...', 'C:\\Users\\vinic\\...', 19, Array)
#1 C:\Users\vinic\Documents\SN\portal_alunos\system\View\View.php(210): include('C:\\Users\\vinic\\...')
#2 C:\Users\vinic\Documents\SN\portal_alunos\system\View\View.php(213): CodeIgniter\View\View->CodeIgniter\View\{closure}()
#3 C:\Users\vinic\Documents\SN\portal_alunos\system\Common.php(1089): CodeIgniter\View\View->render('perfil/aluno', Array, true)
#4 C:\Users\vinic\Documents\SN\portal_alunos\app\Controllers\Perfil.php(31): view('perfil/aluno', Array)
#5 C:\Users\vinic\Documents\SN\portal_alunos\system\CodeIgniter.php(832): App\Controllers\Perfil->index()
#6 C:\Users\vinic\Documents\SN\portal_alunos\system\CodeIgniter.php(419): CodeIgniter\CodeIgniter->runController(Object(App\Controllers\Perfil))
#7 C:\Users\vinic\Documents\SN\portal_alunos\system\CodeIgniter.php(326): CodeIgniter\CodeIgniter->handleRequest(NULL, Object(Config\Cache), false)
#8 C:\Users\vinic\Documents\SN\portal_alunos\public\index.php(37): CodeIgniter\CodeIgniter->run()
#9 C:\Users\vinic\Documents\SN\portal_alunos\system\Commands\Server\rewrite.php(43): require_once('C:\\Users\\vinic\\...')
#10 {main}
CRITICAL - 2022-07-14 09:26:05 --> syntax error, unexpected 'else' (T_ELSE)
#0 C:\Users\vinic\Documents\SN\portal_alunos\system\Router\Router.php(175): CodeIgniter\Router\Router->autoRoute('perfil')
#1 C:\Users\vinic\Documents\SN\portal_alunos\system\CodeIgniter.php(726): CodeIgniter\Router\Router->handle('perfil')
#2 C:\Users\vinic\Documents\SN\portal_alunos\system\CodeIgniter.php(368): CodeIgniter\CodeIgniter->tryToRouteIt(Object(CodeIgniter\Router\RouteCollection))
#3 C:\Users\vinic\Documents\SN\portal_alunos\system\CodeIgniter.php(326): CodeIgniter\CodeIgniter->handleRequest(NULL, Object(Config\Cache), false)
#4 C:\Users\vinic\Documents\SN\portal_alunos\public\index.php(37): CodeIgniter\CodeIgniter->run()
#5 C:\Users\vinic\Documents\SN\portal_alunos\system\Commands\Server\rewrite.php(43): require_once('C:\\Users\\vinic\\...')
#6 {main}
ERROR - 2022-07-14 09:30:19 --> Duplicate entry 'vinicius.cruz@estudante.ufla.br' for key 'email'
CRITICAL - 2022-07-14 09:30:19 --> Duplicate entry 'vinicius.cruz@estudante.ufla.br' for key 'email'
#0 C:\Users\vinic\Documents\SN\portal_alunos\system\Database\MySQLi\Connection.php(292): mysqli->query('INSERT INTO `us...', 0)
#1 C:\Users\vinic\Documents\SN\portal_alunos\system\Database\BaseConnection.php(670): CodeIgniter\Database\MySQLi\Connection->execute('INSERT INTO `us...')
#2 C:\Users\vinic\Documents\SN\portal_alunos\system\Database\BaseConnection.php(598): CodeIgniter\Database\BaseConnection->simpleQuery('INSERT INTO `us...')
#3 C:\Users\vinic\Documents\SN\portal_alunos\system\Database\BaseBuilder.php(1771): CodeIgniter\Database\BaseConnection->query('INSERT INTO `us...', Array, false)
#4 C:\Users\vinic\Documents\SN\portal_alunos\system\Model.php(239): CodeIgniter\Database\BaseBuilder->insert()
#5 C:\Users\vinic\Documents\SN\portal_alunos\system\BaseModel.php(738): CodeIgniter\Model->doInsert(Array)
#6 C:\Users\vinic\Documents\SN\portal_alunos\system\Model.php(625): CodeIgniter\BaseModel->insert(Array, false)
#7 C:\Users\vinic\Documents\SN\portal_alunos\system\BaseModel.php(658): CodeIgniter\Model->insert(Array, false)
#8 C:\Users\vinic\Documents\SN\portal_alunos\app\Models\UsuarioModel.php(76): CodeIgniter\BaseModel->save(Array, true)
#9 C:\Users\vinic\Documents\SN\portal_alunos\app\Controllers\Perfil.php(58): App\Models\UsuarioModel->novoUsuario('vinicius.cruz@e...', '123', '3')
#10 C:\Users\vinic\Documents\SN\portal_alunos\system\CodeIgniter.php(832): App\Controllers\Perfil->alteraDados()
#11 C:\Users\vinic\Documents\SN\portal_alunos\system\CodeIgniter.php(419): CodeIgniter\CodeIgniter->runController(Object(App\Controllers\Perfil))
#12 C:\Users\vinic\Documents\SN\portal_alunos\system\CodeIgniter.php(326): CodeIgniter\CodeIgniter->handleRequest(NULL, Object(Config\Cache), false)
#13 C:\Users\vinic\Documents\SN\portal_alunos\public\index.php(37): CodeIgniter\CodeIgniter->run()
#14 C:\Users\vinic\Documents\SN\portal_alunos\system\Commands\Server\rewrite.php(43): require_once('C:\\Users\\vinic\\...')
#15 {main}
CRITICAL - 2022-07-14 09:48:17 --> Undefined index: nascimento
#0 C:\Users\vinic\Documents\SN\portal_alunos\app\Controllers\Perfil.php(58): CodeIgniter\Debug\Exceptions->errorHandler(8, 'Undefined index...', 'C:\\Users\\vinic\\...', 58, Array)
#1 C:\Users\vinic\Documents\SN\portal_alunos\system\CodeIgniter.php(832): App\Controllers\Perfil->alteraDados()
#2 C:\Users\vinic\Documents\SN\portal_alunos\system\CodeIgniter.php(419): CodeIgniter\CodeIgniter->runController(Object(App\Controllers\Perfil))
#3 C:\Users\vinic\Documents\SN\portal_alunos\system\CodeIgniter.php(326): CodeIgniter\CodeIgniter->handleRequest(NULL, Object(Config\Cache), false)
#4 C:\Users\vinic\Documents\SN\portal_alunos\public\index.php(37): CodeIgniter\CodeIgniter->run()
#5 C:\Users\vinic\Documents\SN\portal_alunos\system\Commands\Server\rewrite.php(43): require_once('C:\\Users\\vinic\\...')
#6 {main}
CRITICAL - 2022-07-14 09:49:42 --> Undefined index: nascimento
#0 C:\Users\vinic\Documents\SN\portal_alunos\app\Views\perfil\aluno.php(38): CodeIgniter\Debug\Exceptions->errorHandler(8, 'Undefined index...', 'C:\\Users\\vinic\\...', 38, Array)
#1 C:\Users\vinic\Documents\SN\portal_alunos\system\View\View.php(210): include('C:\\Users\\vinic\\...')
#2 C:\Users\vinic\Documents\SN\portal_alunos\system\View\View.php(213): CodeIgniter\View\View->CodeIgniter\View\{closure}()
#3 C:\Users\vinic\Documents\SN\portal_alunos\system\Common.php(1089): CodeIgniter\View\View->render('perfil/aluno', Array, true)
#4 C:\Users\vinic\Documents\SN\portal_alunos\app\Controllers\Perfil.php(32): view('perfil/aluno', Array)
#5 C:\Users\vinic\Documents\SN\portal_alunos\system\CodeIgniter.php(832): App\Controllers\Perfil->index()
#6 C:\Users\vinic\Documents\SN\portal_alunos\system\CodeIgniter.php(419): CodeIgniter\CodeIgniter->runController(Object(App\Controllers\Perfil))
#7 C:\Users\vinic\Documents\SN\portal_alunos\system\CodeIgniter.php(326): CodeIgniter\CodeIgniter->handleRequest(NULL, Object(Config\Cache), false)
#8 C:\Users\vinic\Documents\SN\portal_alunos\public\index.php(37): CodeIgniter\CodeIgniter->run()
#9 C:\Users\vinic\Documents\SN\portal_alunos\system\Commands\Server\rewrite.php(43): require_once('C:\\Users\\vinic\\...')
#10 {main}
ERROR - 2022-07-14 09:50:56 --> Duplicate entry 'vinicius.cruz@estudante.ufla.br' for key 'email'
CRITICAL - 2022-07-14 09:50:56 --> Duplicate entry 'vinicius.cruz@estudante.ufla.br' for key 'email'
#0 C:\Users\vinic\Documents\SN\portal_alunos\system\Database\MySQLi\Connection.php(292): mysqli->query('UPDATE `usuario...', 0)
#1 C:\Users\vinic\Documents\SN\portal_alunos\system\Database\BaseConnection.php(670): CodeIgniter\Database\MySQLi\Connection->execute('UPDATE `usuario...')
#2 C:\Users\vinic\Documents\SN\portal_alunos\system\Database\BaseConnection.php(598): CodeIgniter\Database\BaseConnection->simpleQuery('UPDATE `usuario...')
#3 C:\Users\vinic\Documents\SN\portal_alunos\system\Database\BaseBuilder.php(1913): CodeIgniter\Database\BaseConnection->query('UPDATE `usuario...', Array, false)
#4 C:\Users\vinic\Documents\SN\portal_alunos\system\Model.php(298): CodeIgniter\Database\BaseBuilder->update()
#5 C:\Users\vinic\Documents\SN\portal_alunos\system\BaseModel.php(865): CodeIgniter\Model->doUpdate(NULL, Array)
#6 C:\Users\vinic\Documents\SN\portal_alunos\system\Model.php(651): CodeIgniter\BaseModel->update(NULL, Array)
#7 C:\Users\vinic\Documents\SN\portal_alunos\app\Models\UsuarioModel.php(83): CodeIgniter\Model->update(NULL, Array)
#8 C:\Users\vinic\Documents\SN\portal_alunos\app\Controllers\Perfil.php(59): App\Models\UsuarioModel->alteraUsuario(NULL, 'vinicius.cruz@e...', '123')
#9 C:\Users\vinic\Documents\SN\portal_alunos\system\CodeIgniter.php(832): App\Controllers\Perfil->alteraDados()
#10 C:\Users\vinic\Documents\SN\portal_alunos\system\CodeIgniter.php(419): CodeIgniter\CodeIgniter->runController(Object(App\Controllers\Perfil))
#11 C:\Users\vinic\Documents\SN\portal_alunos\system\CodeIgniter.php(326): CodeIgniter\CodeIgniter->handleRequest(NULL, Object(Config\Cache), false)
#12 C:\Users\vinic\Documents\SN\portal_alunos\public\index.php(37): CodeIgniter\CodeIgniter->run()
#13 C:\Users\vinic\Documents\SN\portal_alunos\system\Commands\Server\rewrite.php(43): require_once('C:\\Users\\vinic\\...')
#14 {main}
ERROR - 2022-07-14 11:09:07 --> Duplicate entry 'vinicius.cruz@estudante.ufla.br' for key 'email'
CRITICAL - 2022-07-14 11:09:07 --> Duplicate entry 'vinicius.cruz@estudante.ufla.br' for key 'email'
#0 C:\Users\vinic\Documents\SN\portal_alunos\system\Database\MySQLi\Connection.php(292): mysqli->query('UPDATE `usuario...', 0)
#1 C:\Users\vinic\Documents\SN\portal_alunos\system\Database\BaseConnection.php(670): CodeIgniter\Database\MySQLi\Connection->execute('UPDATE `usuario...')
#2 C:\Users\vinic\Documents\SN\portal_alunos\system\Database\BaseConnection.php(598): CodeIgniter\Database\BaseConnection->simpleQuery('UPDATE `usuario...')
#3 C:\Users\vinic\Documents\SN\portal_alunos\system\Database\BaseBuilder.php(1913): CodeIgniter\Database\BaseConnection->query('UPDATE `usuario...', Array, false)
#4 C:\Users\vinic\Documents\SN\portal_alunos\system\Model.php(298): CodeIgniter\Database\BaseBuilder->update()
#5 C:\Users\vinic\Documents\SN\portal_alunos\system\BaseModel.php(865): CodeIgniter\Model->doUpdate(NULL, Array)
#6 C:\Users\vinic\Documents\SN\portal_alunos\system\Model.php(651): CodeIgniter\BaseModel->update(NULL, Array)
#7 C:\Users\vinic\Documents\SN\portal_alunos\app\Models\UsuarioModel.php(83): CodeIgniter\Model->update(NULL, Array)
#8 C:\Users\vinic\Documents\SN\portal_alunos\app\Controllers\Perfil.php(60): App\Models\UsuarioModel->alteraUsuario(NULL, 'vinicius.cruz@e...', '123')
#9 C:\Users\vinic\Documents\SN\portal_alunos\system\CodeIgniter.php(832): App\Controllers\Perfil->alteraDados()
#10 C:\Users\vinic\Documents\SN\portal_alunos\system\CodeIgniter.php(419): CodeIgniter\CodeIgniter->runController(Object(App\Controllers\Perfil))
#11 C:\Users\vinic\Documents\SN\portal_alunos\system\CodeIgniter.php(326): CodeIgniter\CodeIgniter->handleRequest(NULL, Object(Config\Cache), false)
#12 C:\Users\vinic\Documents\SN\portal_alunos\public\index.php(37): CodeIgniter\CodeIgniter->run()
#13 C:\Users\vinic\Documents\SN\portal_alunos\system\Commands\Server\rewrite.php(43): require_once('C:\\Users\\vinic\\...')
#14 {main}
CRITICAL - 2022-07-14 11:43:53 --> Undefined index: data_nascimento
#0 C:\Users\vinic\Documents\SN\portal_alunos\app\Views\perfil\gestor.php(51): CodeIgniter\Debug\Exceptions->errorHandler(8, 'Undefined index...', 'C:\\Users\\vinic\\...', 51, Array)
#1 C:\Users\vinic\Documents\SN\portal_alunos\system\View\View.php(210): include('C:\\Users\\vinic\\...')
#2 C:\Users\vinic\Documents\SN\portal_alunos\system\View\View.php(213): CodeIgniter\View\View->CodeIgniter\View\{closure}()
#3 C:\Users\vinic\Documents\SN\portal_alunos\system\Common.php(1089): CodeIgniter\View\View->render('perfil/gestor', Array, true)
#4 C:\Users\vinic\Documents\SN\portal_alunos\app\Controllers\Perfil.php(43): view('perfil/gestor', Array)
#5 C:\Users\vinic\Documents\SN\portal_alunos\system\CodeIgniter.php(832): App\Controllers\Perfil->index()
#6 C:\Users\vinic\Documents\SN\portal_alunos\system\CodeIgniter.php(419): CodeIgniter\CodeIgniter->runController(Object(App\Controllers\Perfil))
#7 C:\Users\vinic\Documents\SN\portal_alunos\system\CodeIgniter.php(326): CodeIgniter\CodeIgniter->handleRequest(NULL, Object(Config\Cache), false)
#8 C:\Users\vinic\Documents\SN\portal_alunos\public\index.php(37): CodeIgniter\CodeIgniter->run()
#9 C:\Users\vinic\Documents\SN\portal_alunos\system\Commands\Server\rewrite.php(43): require_once('C:\\Users\\vinic\\...')
#10 {main}
CRITICAL - 2022-07-14 12:25:45 --> There is no data to update.
#0 C:\Users\vinic\Documents\SN\portal_alunos\system\BaseModel.php(846): CodeIgniter\Database\Exceptions\DataException::forEmptyDataset('update')
#1 C:\Users\vinic\Documents\SN\portal_alunos\system\Model.php(651): CodeIgniter\BaseModel->update(Array, Array)
#2 C:\Users\vinic\Documents\SN\portal_alunos\app\Models\ProfessorModel.php(80): CodeIgniter\Model->update('6', Array)
#3 C:\Users\vinic\Documents\SN\portal_alunos\app\Controllers\Perfil.php(77): App\Models\ProfessorModel->alteraProfessor('6', 'Vinicius profes...')
#4 C:\Users\vinic\Documents\SN\portal_alunos\system\CodeIgniter.php(832): App\Controllers\Perfil->alteraDados()
#5 C:\Users\vinic\Documents\SN\portal_alunos\system\CodeIgniter.php(419): CodeIgniter\CodeIgniter->runController(Object(App\Controllers\Perfil))
#6 C:\Users\vinic\Documents\SN\portal_alunos\system\CodeIgniter.php(326): CodeIgniter\CodeIgniter->handleRequest(NULL, Object(Config\Cache), false)
#7 C:\Users\vinic\Documents\SN\portal_alunos\public\index.php(37): CodeIgniter\CodeIgniter->run()
#8 C:\Users\vinic\Documents\SN\portal_alunos\system\Commands\Server\rewrite.php(43): require_once('C:\\Users\\vinic\\...')
#9 {main}
CRITICAL - 2022-07-14 12:26:11 --> There is no data to update.
#0 C:\Users\vinic\Documents\SN\portal_alunos\system\BaseModel.php(846): CodeIgniter\Database\Exceptions\DataException::forEmptyDataset('update')
#1 C:\Users\vinic\Documents\SN\portal_alunos\system\Model.php(651): CodeIgniter\BaseModel->update(Array, Array)
#2 C:\Users\vinic\Documents\SN\portal_alunos\app\Models\ProfessorModel.php(80): CodeIgniter\Model->update('6', Array)
#3 C:\Users\vinic\Documents\SN\portal_alunos\app\Controllers\Perfil.php(77): App\Models\ProfessorModel->alteraProfessor('6', 'Vinicius profes...')
#4 C:\Users\vinic\Documents\SN\portal_alunos\system\CodeIgniter.php(832): App\Controllers\Perfil->alteraDados()
#5 C:\Users\vinic\Documents\SN\portal_alunos\system\CodeIgniter.php(419): CodeIgniter\CodeIgniter->runController(Object(App\Controllers\Perfil))
#6 C:\Users\vinic\Documents\SN\portal_alunos\system\CodeIgniter.php(326): CodeIgniter\CodeIgniter->handleRequest(NULL, Object(Config\Cache), false)
#7 C:\Users\vinic\Documents\SN\portal_alunos\public\index.php(37): CodeIgniter\CodeIgniter->run()
#8 C:\Users\vinic\Documents\SN\portal_alunos\system\Commands\Server\rewrite.php(43): require_once('C:\\Users\\vinic\\...')
#9 {main}
CRITICAL - 2022-07-14 12:45:22 --> There is no data to update.
#0 C:\Users\vinic\Documents\SN\portal_alunos\system\BaseModel.php(846): CodeIgniter\Database\Exceptions\DataException::forEmptyDataset('update')
#1 C:\Users\vinic\Documents\SN\portal_alunos\system\Model.php(651): CodeIgniter\BaseModel->update(Array, Array)
#2 C:\Users\vinic\Documents\SN\portal_alunos\app\Models\ProfessorModel.php(82): CodeIgniter\Model->update('6', Array)
#3 C:\Users\vinic\Documents\SN\portal_alunos\app\Controllers\Perfil.php(77): App\Models\ProfessorModel->alteraProfessor('6', 'Vinny Prof')
#4 C:\Users\vinic\Documents\SN\portal_alunos\system\CodeIgniter.php(832): App\Controllers\Perfil->alteraDados()
#5 C:\Users\vinic\Documents\SN\portal_alunos\system\CodeIgniter.php(419): CodeIgniter\CodeIgniter->runController(Object(App\Controllers\Perfil))
#6 C:\Users\vinic\Documents\SN\portal_alunos\system\CodeIgniter.php(326): CodeIgniter\CodeIgniter->handleRequest(NULL, Object(Config\Cache), false)
#7 C:\Users\vinic\Documents\SN\portal_alunos\public\index.php(37): CodeIgniter\CodeIgniter->run()
#8 C:\Users\vinic\Documents\SN\portal_alunos\system\Commands\Server\rewrite.php(43): require_once('C:\\Users\\vinic\\...')
#9 {main}
CRITICAL - 2022-07-14 12:46:06 --> There is no data to update.
#0 C:\Users\vinic\Documents\SN\portal_alunos\system\BaseModel.php(846): CodeIgniter\Database\Exceptions\DataException::forEmptyDataset('update')
#1 C:\Users\vinic\Documents\SN\portal_alunos\system\Model.php(651): CodeIgniter\BaseModel->update(Array, Array)
#2 C:\Users\vinic\Documents\SN\portal_alunos\app\Models\ProfessorModel.php(82): CodeIgniter\Model->update('6', Array)
#3 C:\Users\vinic\Documents\SN\portal_alunos\app\Controllers\Perfil.php(77): App\Models\ProfessorModel->alteraProfessor('6', 'Vinny Prof')
#4 C:\Users\vinic\Documents\SN\portal_alunos\system\CodeIgniter.php(832): App\Controllers\Perfil->alteraDados()
#5 C:\Users\vinic\Documents\SN\portal_alunos\system\CodeIgniter.php(419): CodeIgniter\CodeIgniter->runController(Object(App\Controllers\Perfil))
#6 C:\Users\vinic\Documents\SN\portal_alunos\system\CodeIgniter.php(326): CodeIgniter\CodeIgniter->handleRequest(NULL, Object(Config\Cache), false)
#7 C:\Users\vinic\Documents\SN\portal_alunos\public\index.php(37): CodeIgniter\CodeIgniter->run()
#8 C:\Users\vinic\Documents\SN\portal_alunos\system\Commands\Server\rewrite.php(43): require_once('C:\\Users\\vinic\\...')
#9 {main}
CRITICAL - 2022-07-14 12:48:31 --> There is no data to update.
#0 C:\Users\vinic\Documents\SN\portal_alunos\system\BaseModel.php(846): CodeIgniter\Database\Exceptions\DataException::forEmptyDataset('update')
#1 C:\Users\vinic\Documents\SN\portal_alunos\system\Model.php(651): CodeIgniter\BaseModel->update(Array, Array)
#2 C:\Users\vinic\Documents\SN\portal_alunos\app\Models\ProfessorModel.php(82): CodeIgniter\Model->update('6', Array)
#3 C:\Users\vinic\Documents\SN\portal_alunos\app\Controllers\Perfil.php(77): App\Models\ProfessorModel->alteraProfessor('6', 'Vinny Prof')
#4 C:\Users\vinic\Documents\SN\portal_alunos\system\CodeIgniter.php(832): App\Controllers\Perfil->alteraDados()
#5 C:\Users\vinic\Documents\SN\portal_alunos\system\CodeIgniter.php(419): CodeIgniter\CodeIgniter->runController(Object(App\Controllers\Perfil))
#6 C:\Users\vinic\Documents\SN\portal_alunos\system\CodeIgniter.php(326): CodeIgniter\CodeIgniter->handleRequest(NULL, Object(Config\Cache), false)
#7 C:\Users\vinic\Documents\SN\portal_alunos\public\index.php(37): CodeIgniter\CodeIgniter->run()
#8 C:\Users\vinic\Documents\SN\portal_alunos\system\Commands\Server\rewrite.php(43): require_once('C:\\Users\\vinic\\...')
#9 {main}
ERROR - 2022-07-14 12:53:52 --> Table 'alunos_portal.professors' doesn't exist
CRITICAL - 2022-07-14 12:53:52 --> Table 'alunos_portal.professors' doesn't exist
#0 C:\Users\vinic\Documents\SN\portal_alunos\system\Database\MySQLi\Connection.php(292): mysqli->query('UPDATE `profess...', 0)
#1 C:\Users\vinic\Documents\SN\portal_alunos\system\Database\BaseConnection.php(670): CodeIgniter\Database\MySQLi\Connection->execute('UPDATE `profess...')
#2 C:\Users\vinic\Documents\SN\portal_alunos\system\Database\BaseConnection.php(598): CodeIgniter\Database\BaseConnection->simpleQuery('UPDATE `profess...')
#3 C:\Users\vinic\Documents\SN\portal_alunos\system\Database\BaseBuilder.php(1913): CodeIgniter\Database\BaseConnection->query('UPDATE `profess...', Array, false)
#4 C:\Users\vinic\Documents\SN\portal_alunos\system\Model.php(298): CodeIgniter\Database\BaseBuilder->update()
#5 C:\Users\vinic\Documents\SN\portal_alunos\system\BaseModel.php(865): CodeIgniter\Model->doUpdate(Array, Array)
#6 C:\Users\vinic\Documents\SN\portal_alunos\system\Model.php(651): CodeIgniter\BaseModel->update(Array, Array)
#7 C:\Users\vinic\Documents\SN\portal_alunos\app\Models\ProfessorModel.php(81): CodeIgniter\Model->update('6', Array)
#8 C:\Users\vinic\Documents\SN\portal_alunos\app\Controllers\Perfil.php(77): App\Models\ProfessorModel->alteraProfessor('6', 'Vinny Prof')
#9 C:\Users\vinic\Documents\SN\portal_alunos\system\CodeIgniter.php(832): App\Controllers\Perfil->alteraDados()
#10 C:\Users\vinic\Documents\SN\portal_alunos\system\CodeIgniter.php(419): CodeIgniter\CodeIgniter->runController(Object(App\Controllers\Perfil))
#11 C:\Users\vinic\Documents\SN\portal_alunos\system\CodeIgniter.php(326): CodeIgniter\CodeIgniter->handleRequest(NULL, Object(Config\Cache), false)
#12 C:\Users\vinic\Documents\SN\portal_alunos\public\index.php(37): CodeIgniter\CodeIgniter->run()
#13 C:\Users\vinic\Documents\SN\portal_alunos\system\Commands\Server\rewrite.php(43): require_once('C:\\Users\\vinic\\...')
#14 {main}
CRITICAL - 2022-07-14 15:06:07 --> Undefined index: email
#0 C:\Users\vinic\Documents\SN\portal_alunos\app\Controllers\Login.php(38): CodeIgniter\Debug\Exceptions->errorHandler(8, 'Undefined index...', 'C:\\Users\\vinic\\...', 38, Array)
#1 C:\Users\vinic\Documents\SN\portal_alunos\system\CodeIgniter.php(832): App\Controllers\Login->login()
#2 C:\Users\vinic\Documents\SN\portal_alunos\system\CodeIgniter.php(419): CodeIgniter\CodeIgniter->runController(Object(App\Controllers\Login))
#3 C:\Users\vinic\Documents\SN\portal_alunos\system\CodeIgniter.php(326): CodeIgniter\CodeIgniter->handleRequest(NULL, Object(Config\Cache), false)
#4 C:\Users\vinic\Documents\SN\portal_alunos\public\index.php(37): CodeIgniter\CodeIgniter->run()
#5 C:\Users\vinic\Documents\SN\portal_alunos\system\Commands\Server\rewrite.php(43): require_once('C:\\Users\\vinic\\...')
#6 {main}
